ThreadID: [107] TenantID: [] [2026-04-17 16:23:26,211]  INFO {APIM_GOV_AUDIT_LOG} - [Scheduler Thread Pool Status] :: Active Thread Count: 0 -- | -- Completed Task Count: 0 -- | -- Submitted Task Count: 0 -- | -- Queue Size: 0 -- | -- Core Pool Size: 20 -- | -- Maximum Pool Size: 20 -- | -- Current Pool Size: 0
ThreadID: [107] TenantID: [] [2026-04-17 16:23:26,213]  INFO {APIM_GOV_AUDIT_LOG} - [Delete Processing Requests] :: Deleted 0 long-lasting processing requests with IDs: []
ThreadID: [107] TenantID: [] [2026-04-17 16:23:26,219]  INFO {APIM_GOV_AUDIT_LOG} - [Fetch Requests] :: Scheduler fetched 0 requests with IDs: []
ThreadID: [107] TenantID: [] [2026-04-17 16:25:26,207]  INFO {APIM_GOV_AUDIT_LOG} - [Scheduler Thread Pool Status] :: Active Thread Count: 0 -- | -- Completed Task Count: 0 -- | -- Submitted Task Count: 0 -- | -- Queue Size: 0 -- | -- Core Pool Size: 20 -- | -- Maximum Pool Size: 20 -- | -- Current Pool Size: 0
ThreadID: [107] TenantID: [] [2026-04-17 16:25:26,210]  INFO {APIM_GOV_AUDIT_LOG} - [Delete Processing Requests] :: Deleted 0 long-lasting processing requests with IDs: []
ThreadID: [107] TenantID: [] [2026-04-17 16:25:26,211]  INFO {APIM_GOV_AUDIT_LOG} - [Fetch Requests] :: Scheduler fetched 0 requests with IDs: []
ThreadID: [62] TenantID: [] [2026-04-17 16:26:54,050]  INFO {APIM_GOV_AUDIT_LOG} - [New Async Eval Request] :: New compliance evaluation request for artifact ed71a14d-1cc1-4c62-9386-d01e7ad35cce with policy IDs [87274026-c372-4288-80ed-a2e7d41b242b]
ThreadID: [107] TenantID: [] [2026-04-17 16:27:26,207]  INFO {APIM_GOV_AUDIT_LOG} - [Scheduler Thread Pool Status] :: Active Thread Count: 0 -- | -- Completed Task Count: 0 -- | -- Submitted Task Count: 0 -- | -- Queue Size: 0 -- | -- Core Pool Size: 20 -- | -- Maximum Pool Size: 20 -- | -- Current Pool Size: 0
ThreadID: [107] TenantID: [] [2026-04-17 16:27:26,210]  INFO {APIM_GOV_AUDIT_LOG} - [Delete Processing Requests] :: Deleted 0 long-lasting processing requests with IDs: []
ThreadID: [107] TenantID: [] [2026-04-17 16:27:26,214]  INFO {APIM_GOV_AUDIT_LOG} - [Fetch Requests] :: Scheduler fetched 1 requests with IDs: [5f7f6b1c-02c6-43e4-a1cc-e2d24eea652b]
ThreadID: [718] TenantID: [] [2026-04-17 16:27:26,218]  INFO {APIM_GOV_AUDIT_LOG} - [Async Eval Request] :: Processing request 5f7f6b1c-02c6-43e4-a1cc-e2d24eea652b for artifact ed71a14d-1cc1-4c62-9386-d01e7ad35cce in carbon.super organization
ThreadID: [718] TenantID: [] [2026-04-17 16:27:27,616]  INFO {APIM_GOV_AUDIT_LOG} - [Async Eval Request] :: Validated artifact ed71a14d-1cc1-4c62-9386-d01e7ad35cce in organization carbon.super against ruleset b6d21e0b-1d4b-4f6d-a751-ef5523510302
ThreadID: [718] TenantID: [] [2026-04-17 16:27:27,654]  INFO {APIM_GOV_AUDIT_LOG} - [Async Eval Request] :: Validated artifact ed71a14d-1cc1-4c62-9386-d01e7ad35cce in organization carbon.super against ruleset fa34dab9-ef41-4e1d-be51-452f49c1aec7
ThreadID: [718] TenantID: [] [2026-04-17 16:27:27,658]  INFO {APIM_GOV_AUDIT_LOG} - [Async Eval Request] :: Artifact ed71a14d-1cc1-4c62-9386-d01e7ad35cce evaluated against policy 87274026-c372-4288-80ed-a2e7d41b242b in organization carbon.super
ThreadID: [718] TenantID: [] [2026-04-17 16:27:27,659]  INFO {APIM_GOV_AUDIT_LOG} - [Async Eval Request] :: Request 5f7f6b1c-02c6-43e4-a1cc-e2d24eea652b processed successfully for artifact ed71a14d-1cc1-4c62-9386-d01e7ad35cce in organization carbon.super
ThreadID: [62] TenantID: [] [2026-04-17 16:28:10,421]  INFO {APIM_GOV_AUDIT_LOG} - [New Async Eval Request] :: New compliance evaluation request for artifact ed71a14d-1cc1-4c62-9386-d01e7ad35cce with policy IDs [87274026-c372-4288-80ed-a2e7d41b242b]
ThreadID: [62] TenantID: [] [2026-04-17 16:28:10,426]  INFO {APIM_GOV_AUDIT_LOG} - [New Async Eval Request] :: New compliance evaluation request for artifact ed71a14d-1cc1-4c62-9386-d01e7ad35cce with policy IDs [87274026-c372-4288-80ed-a2e7d41b242b]
ThreadID: [107] TenantID: [] [2026-04-17 16:29:26,207]  INFO {APIM_GOV_AUDIT_LOG} - [Scheduler Thread Pool Status] :: Active Thread Count: 0 -- | -- Completed Task Count: 1 -- | -- Submitted Task Count: 1 -- | -- Queue Size: 0 -- | -- Core Pool Size: 20 -- | -- Maximum Pool Size: 20 -- | -- Current Pool Size: 1
ThreadID: [107] TenantID: [] [2026-04-17 16:29:26,210]  INFO {APIM_GOV_AUDIT_LOG} - [Delete Processing Requests] :: Deleted 0 long-lasting processing requests with IDs: []
ThreadID: [107] TenantID: [] [2026-04-17 16:29:26,214]  INFO {APIM_GOV_AUDIT_LOG} - [Fetch Requests] :: Scheduler fetched 1 requests with IDs: [a8d1a7c8-cd7c-41f1-a96f-071d9e284134]
ThreadID: [762] TenantID: [] [2026-04-17 16:29:26,217]  INFO {APIM_GOV_AUDIT_LOG} - [Async Eval Request] :: Processing request a8d1a7c8-cd7c-41f1-a96f-071d9e284134 for artifact ed71a14d-1cc1-4c62-9386-d01e7ad35cce in carbon.super organization
ThreadID: [762] TenantID: [] [2026-04-17 16:29:26,480]  INFO {APIM_GOV_AUDIT_LOG} - [Async Eval Request] :: Validated artifact ed71a14d-1cc1-4c62-9386-d01e7ad35cce in organization carbon.super against ruleset b6d21e0b-1d4b-4f6d-a751-ef5523510302
ThreadID: [762] TenantID: [] [2026-04-17 16:29:26,525]  INFO {APIM_GOV_AUDIT_LOG} - [Async Eval Request] :: Validated artifact ed71a14d-1cc1-4c62-9386-d01e7ad35cce in organization carbon.super against ruleset fa34dab9-ef41-4e1d-be51-452f49c1aec7
ThreadID: [762] TenantID: [] [2026-04-17 16:29:26,533]  INFO {APIM_GOV_AUDIT_LOG} - [Async Eval Request] :: Artifact ed71a14d-1cc1-4c62-9386-d01e7ad35cce evaluated against policy 87274026-c372-4288-80ed-a2e7d41b242b in organization carbon.super
ThreadID: [762] TenantID: [] [2026-04-17 16:29:26,534]  INFO {APIM_GOV_AUDIT_LOG} - [Async Eval Request] :: Request a8d1a7c8-cd7c-41f1-a96f-071d9e284134 processed successfully for artifact ed71a14d-1cc1-4c62-9386-d01e7ad35cce in organization carbon.super
ThreadID: [107] TenantID: [] [2026-04-17 16:31:26,207]  INFO {APIM_GOV_AUDIT_LOG} - [Scheduler Thread Pool Status] :: Active Thread Count: 0 -- | -- Completed Task Count: 2 -- | -- Submitted Task Count: 2 -- | -- Queue Size: 0 -- | -- Core Pool Size: 20 -- | -- Maximum Pool Size: 20 -- | -- Current Pool Size: 2
ThreadID: [107] TenantID: [] [2026-04-17 16:31:26,541]  INFO {APIM_GOV_AUDIT_LOG} - [Delete Processing Requests] :: Deleted 0 long-lasting processing requests with IDs: []
ThreadID: [107] TenantID: [] [2026-04-17 16:31:26,542]  INFO {APIM_GOV_AUDIT_LOG} - [Fetch Requests] :: Scheduler fetched 0 requests with IDs: []
ThreadID: [62] TenantID: [] [2026-04-17 16:33:04,620]  INFO {APIM_GOV_AUDIT_LOG} - [New Async Eval Request] :: New compliance evaluation request for artifact ed71a14d-1cc1-4c62-9386-d01e7ad35cce with policy IDs [87274026-c372-4288-80ed-a2e7d41b242b]
ThreadID: [62] TenantID: [] [2026-04-17 16:33:04,621]  INFO {APIM_GOV_AUDIT_LOG} - [New Async Eval Request] :: New compliance evaluation request for artifact ed71a14d-1cc1-4c62-9386-d01e7ad35cce with policy IDs [87274026-c372-4288-80ed-a2e7d41b242b]
ThreadID: [62] TenantID: [] [2026-04-17 16:33:04,993]  INFO {APIM_GOV_AUDIT_LOG} - [New Async Eval Request] :: New compliance evaluation request for artifact ed71a14d-1cc1-4c62-9386-d01e7ad35cce with policy IDs [87274026-c372-4288-80ed-a2e7d41b242b]
ThreadID: [62] TenantID: [] [2026-04-17 16:33:04,994]  INFO {APIM_GOV_AUDIT_LOG} - [New Async Eval Request] :: New compliance evaluation request for artifact ed71a14d-1cc1-4c62-9386-d01e7ad35cce with policy IDs [87274026-c372-4288-80ed-a2e7d41b242b]
ThreadID: [107] TenantID: [] [2026-04-17 16:33:26,207]  INFO {APIM_GOV_AUDIT_LOG} - [Scheduler Thread Pool Status] :: Active Thread Count: 0 -- | -- Completed Task Count: 2 -- | -- Submitted Task Count: 2 -- | -- Queue Size: 0 -- | -- Core Pool Size: 20 -- | -- Maximum Pool Size: 20 -- | -- Current Pool Size: 2
ThreadID: [107] TenantID: [] [2026-04-17 16:33:26,207]  INFO {APIM_GOV_AUDIT_LOG} - [Delete Processing Requests] :: Deleted 0 long-lasting processing requests with IDs: []
ThreadID: [107] TenantID: [] [2026-04-17 16:33:26,208]  INFO {APIM_GOV_AUDIT_LOG} - [Fetch Requests] :: Scheduler fetched 1 requests with IDs: [c2876484-f80e-43d2-904d-bd59de67a5ab]
ThreadID: [834] TenantID: [] [2026-04-17 16:33:26,210]  INFO {APIM_GOV_AUDIT_LOG} - [Async Eval Request] :: Processing request c2876484-f80e-43d2-904d-bd59de67a5ab for artifact ed71a14d-1cc1-4c62-9386-d01e7ad35cce in carbon.super organization
ThreadID: [834] TenantID: [] [2026-04-17 16:33:26,361]  INFO {APIM_GOV_AUDIT_LOG} - [Async Eval Request] :: Validated artifact ed71a14d-1cc1-4c62-9386-d01e7ad35cce in organization carbon.super against ruleset b6d21e0b-1d4b-4f6d-a751-ef5523510302
ThreadID: [834] TenantID: [] [2026-04-17 16:33:26,388]  INFO {APIM_GOV_AUDIT_LOG} - [Async Eval Request] :: Validated artifact ed71a14d-1cc1-4c62-9386-d01e7ad35cce in organization carbon.super against ruleset fa34dab9-ef41-4e1d-be51-452f49c1aec7
ThreadID: [834] TenantID: [] [2026-04-17 16:33:26,398]  INFO {APIM_GOV_AUDIT_LOG} - [Async Eval Request] :: Artifact ed71a14d-1cc1-4c62-9386-d01e7ad35cce evaluated against policy 87274026-c372-4288-80ed-a2e7d41b242b in organization carbon.super
ThreadID: [834] TenantID: [] [2026-04-17 16:33:26,399]  INFO {APIM_GOV_AUDIT_LOG} - [Async Eval Request] :: Request c2876484-f80e-43d2-904d-bd59de67a5ab processed successfully for artifact ed71a14d-1cc1-4c62-9386-d01e7ad35cce in organization carbon.super
ThreadID: [62] TenantID: [] [2026-04-17 16:35:25,744]  INFO {APIM_GOV_AUDIT_LOG} - [New Async Eval Request] :: New compliance evaluation request for artifact ed71a14d-1cc1-4c62-9386-d01e7ad35cce with policy IDs [87274026-c372-4288-80ed-a2e7d41b242b]
ThreadID: [62] TenantID: [] [2026-04-17 16:35:25,745]  INFO {APIM_GOV_AUDIT_LOG} - [New Async Eval Request] :: New compliance evaluation request for artifact ed71a14d-1cc1-4c62-9386-d01e7ad35cce with policy IDs [87274026-c372-4288-80ed-a2e7d41b242b]
ThreadID: [107] TenantID: [] [2026-04-17 16:35:26,207]  INFO {APIM_GOV_AUDIT_LOG} - [Scheduler Thread Pool Status] :: Active Thread Count: 0 -- | -- Completed Task Count: 3 -- | -- Submitted Task Count: 3 -- | -- Queue Size: 0 -- | -- Core Pool Size: 20 -- | -- Maximum Pool Size: 20 -- | -- Current Pool Size: 3
ThreadID: [107] TenantID: [] [2026-04-17 16:35:26,207]  INFO {APIM_GOV_AUDIT_LOG} - [Delete Processing Requests] :: Deleted 0 long-lasting processing requests with IDs: []
ThreadID: [107] TenantID: [] [2026-04-17 16:35:26,207]  INFO {APIM_GOV_AUDIT_LOG} - [Fetch Requests] :: Scheduler fetched 1 requests with IDs: [efc69103-0657-4d56-8376-1a699423db4e]
ThreadID: [859] TenantID: [] [2026-04-17 16:35:26,213]  INFO {APIM_GOV_AUDIT_LOG} - [Async Eval Request] :: Processing request efc69103-0657-4d56-8376-1a699423db4e for artifact ed71a14d-1cc1-4c62-9386-d01e7ad35cce in carbon.super organization
ThreadID: [859] TenantID: [] [2026-04-17 16:35:26,433]  INFO {APIM_GOV_AUDIT_LOG} - [Async Eval Request] :: Validated artifact ed71a14d-1cc1-4c62-9386-d01e7ad35cce in organization carbon.super against ruleset b6d21e0b-1d4b-4f6d-a751-ef5523510302
ThreadID: [859] TenantID: [] [2026-04-17 16:35:26,485]  INFO {APIM_GOV_AUDIT_LOG} - [Async Eval Request] :: Validated artifact ed71a14d-1cc1-4c62-9386-d01e7ad35cce in organization carbon.super against ruleset fa34dab9-ef41-4e1d-be51-452f49c1aec7
ThreadID: [859] TenantID: [] [2026-04-17 16:35:26,492]  INFO {APIM_GOV_AUDIT_LOG} - [Async Eval Request] :: Artifact ed71a14d-1cc1-4c62-9386-d01e7ad35cce evaluated against policy 87274026-c372-4288-80ed-a2e7d41b242b in organization carbon.super
ThreadID: [859] TenantID: [] [2026-04-17 16:35:26,493]  INFO {APIM_GOV_AUDIT_LOG} - [Async Eval Request] :: Request efc69103-0657-4d56-8376-1a699423db4e processed successfully for artifact ed71a14d-1cc1-4c62-9386-d01e7ad35cce in organization carbon.super
ThreadID: [107] TenantID: [] [2026-04-17 16:37:26,206]  INFO {APIM_GOV_AUDIT_LOG} - [Scheduler Thread Pool Status] :: Active Thread Count: 0 -- | -- Completed Task Count: 4 -- | -- Submitted Task Count: 4 -- | -- Queue Size: 0 -- | -- Core Pool Size: 20 -- | -- Maximum Pool Size: 20 -- | -- Current Pool Size: 4
ThreadID: [107] TenantID: [] [2026-04-17 16:37:26,691]  INFO {APIM_GOV_AUDIT_LOG} - [Delete Processing Requests] :: Deleted 0 long-lasting processing requests with IDs: []
ThreadID: [107] TenantID: [] [2026-04-17 16:37:26,692]  INFO {APIM_GOV_AUDIT_LOG} - [Fetch Requests] :: Scheduler fetched 0 requests with IDs: []
ThreadID: [107] TenantID: [] [2026-04-17 16:39:26,206]  INFO {APIM_GOV_AUDIT_LOG} - [Scheduler Thread Pool Status] :: Active Thread Count: 0 -- | -- Completed Task Count: 4 -- | -- Submitted Task Count: 4 -- | -- Queue Size: 0 -- | -- Core Pool Size: 20 -- | -- Maximum Pool Size: 20 -- | -- Current Pool Size: 4
ThreadID: [107] TenantID: [] [2026-04-17 16:39:26,208]  INFO {APIM_GOV_AUDIT_LOG} - [Delete Processing Requests] :: Deleted 0 long-lasting processing requests with IDs: []
ThreadID: [107] TenantID: [] [2026-04-17 16:39:26,209]  INFO {APIM_GOV_AUDIT_LOG} - [Fetch Requests] :: Scheduler fetched 0 requests with IDs: []
ThreadID: [62] TenantID: [] [2026-04-17 16:40:01,107]  INFO {APIM_GOV_AUDIT_LOG} - [New Async Eval Request] :: New compliance evaluation request for artifact ed71a14d-1cc1-4c62-9386-d01e7ad35cce with policy IDs [87274026-c372-4288-80ed-a2e7d41b242b]
ThreadID: [62] TenantID: [] [2026-04-17 16:40:01,109]  INFO {APIM_GOV_AUDIT_LOG} - [New Async Eval Request] :: New compliance evaluation request for artifact ed71a14d-1cc1-4c62-9386-d01e7ad35cce with policy IDs [87274026-c372-4288-80ed-a2e7d41b242b]
ThreadID: [62] TenantID: [] [2026-04-17 16:40:01,270]  INFO {APIM_GOV_AUDIT_LOG} - [New Async Eval Request] :: New compliance evaluation request for artifact ed71a14d-1cc1-4c62-9386-d01e7ad35cce with policy IDs [87274026-c372-4288-80ed-a2e7d41b242b]
ThreadID: [62] TenantID: [] [2026-04-17 16:40:01,271]  INFO {APIM_GOV_AUDIT_LOG} - [New Async Eval Request] :: New compliance evaluation request for artifact ed71a14d-1cc1-4c62-9386-d01e7ad35cce with policy IDs [87274026-c372-4288-80ed-a2e7d41b242b]
ThreadID: [107] TenantID: [] [2026-04-17 16:41:26,207]  INFO {APIM_GOV_AUDIT_LOG} - [Scheduler Thread Pool Status] :: Active Thread Count: 0 -- | -- Completed Task Count: 4 -- | -- Submitted Task Count: 4 -- | -- Queue Size: 0 -- | -- Core Pool Size: 20 -- | -- Maximum Pool Size: 20 -- | -- Current Pool Size: 4
ThreadID: [107] TenantID: [] [2026-04-17 16:41:26,454]  INFO {APIM_GOV_AUDIT_LOG} - [Delete Processing Requests] :: Deleted 0 long-lasting processing requests with IDs: []
ThreadID: [107] TenantID: [] [2026-04-17 16:41:26,455]  INFO {APIM_GOV_AUDIT_LOG} - [Fetch Requests] :: Scheduler fetched 1 requests with IDs: [12f6190a-1eb9-4dc3-85ec-f48d0c3b03fe]
ThreadID: [903] TenantID: [] [2026-04-17 16:41:26,456]  INFO {APIM_GOV_AUDIT_LOG} - [Async Eval Request] :: Processing request 12f6190a-1eb9-4dc3-85ec-f48d0c3b03fe for artifact ed71a14d-1cc1-4c62-9386-d01e7ad35cce in carbon.super organization
ThreadID: [903] TenantID: [] [2026-04-17 16:41:26,660]  INFO {APIM_GOV_AUDIT_LOG} - [Async Eval Request] :: Validated artifact ed71a14d-1cc1-4c62-9386-d01e7ad35cce in organization carbon.super against ruleset b6d21e0b-1d4b-4f6d-a751-ef5523510302
ThreadID: [903] TenantID: [] [2026-04-17 16:41:26,694]  INFO {APIM_GOV_AUDIT_LOG} - [Async Eval Request] :: Validated artifact ed71a14d-1cc1-4c62-9386-d01e7ad35cce in organization carbon.super against ruleset fa34dab9-ef41-4e1d-be51-452f49c1aec7
ThreadID: [903] TenantID: [] [2026-04-17 16:41:26,702]  INFO {APIM_GOV_AUDIT_LOG} - [Async Eval Request] :: Artifact ed71a14d-1cc1-4c62-9386-d01e7ad35cce evaluated against policy 87274026-c372-4288-80ed-a2e7d41b242b in organization carbon.super
ThreadID: [903] TenantID: [] [2026-04-17 16:41:26,703]  INFO {APIM_GOV_AUDIT_LOG} - [Async Eval Request] :: Request 12f6190a-1eb9-4dc3-85ec-f48d0c3b03fe processed successfully for artifact ed71a14d-1cc1-4c62-9386-d01e7ad35cce in organization carbon.super
ThreadID: [107] TenantID: [] [2026-04-17 16:43:26,207]  INFO {APIM_GOV_AUDIT_LOG} - [Scheduler Thread Pool Status] :: Active Thread Count: 0 -- | -- Completed Task Count: 5 -- | -- Submitted Task Count: 5 -- | -- Queue Size: 0 -- | -- Core Pool Size: 20 -- | -- Maximum Pool Size: 20 -- | -- Current Pool Size: 5
ThreadID: [107] TenantID: [] [2026-04-17 16:43:26,439]  INFO {APIM_GOV_AUDIT_LOG} - [Delete Processing Requests] :: Deleted 0 long-lasting processing requests with IDs: []
ThreadID: [107] TenantID: [] [2026-04-17 16:43:26,440]  INFO {APIM_GOV_AUDIT_LOG} - [Fetch Requests] :: Scheduler fetched 0 requests with IDs: []
ThreadID: [107] TenantID: [] [2026-04-17 16:45:26,207]  INFO {APIM_GOV_AUDIT_LOG} - [Scheduler Thread Pool Status] :: Active Thread Count: 0 -- | -- Completed Task Count: 5 -- | -- Submitted Task Count: 5 -- | -- Queue Size: 0 -- | -- Core Pool Size: 20 -- | -- Maximum Pool Size: 20 -- | -- Current Pool Size: 5
ThreadID: [107] TenantID: [] [2026-04-17 16:45:26,208]  INFO {APIM_GOV_AUDIT_LOG} - [Delete Processing Requests] :: Deleted 0 long-lasting processing requests with IDs: []
ThreadID: [107] TenantID: [] [2026-04-17 16:45:26,208]  INFO {APIM_GOV_AUDIT_LOG} - [Fetch Requests] :: Scheduler fetched 0 requests with IDs: []
ThreadID: [62] TenantID: [] [2026-04-17 16:46:29,765]  INFO {APIM_GOV_AUDIT_LOG} - [New Async Eval Request] :: New compliance evaluation request for artifact 33e20533-49b7-484b-9f1c-53ce37b356c7 with policy IDs [87274026-c372-4288-80ed-a2e7d41b242b]
ThreadID: [62] TenantID: [] [2026-04-17 16:46:45,968]  INFO {APIM_GOV_AUDIT_LOG} - [New Async Eval Request] :: New compliance evaluation request for artifact 33e20533-49b7-484b-9f1c-53ce37b356c7 with policy IDs [87274026-c372-4288-80ed-a2e7d41b242b]
ThreadID: [62] TenantID: [] [2026-04-17 16:46:45,970]  INFO {APIM_GOV_AUDIT_LOG} - [New Async Eval Request] :: New compliance evaluation request for artifact 33e20533-49b7-484b-9f1c-53ce37b356c7 with policy IDs [87274026-c372-4288-80ed-a2e7d41b242b]
ThreadID: [62] TenantID: [] [2026-04-17 16:46:55,160]  INFO {APIM_GOV_AUDIT_LOG} - [New Async Eval Request] :: New compliance evaluation request for artifact 33e20533-49b7-484b-9f1c-53ce37b356c7 with policy IDs [87274026-c372-4288-80ed-a2e7d41b242b]
ThreadID: [62] TenantID: [] [2026-04-17 16:46:55,160]  INFO {APIM_GOV_AUDIT_LOG} - [New Async Eval Request] :: New compliance evaluation request for artifact 33e20533-49b7-484b-9f1c-53ce37b356c7 with policy IDs [87274026-c372-4288-80ed-a2e7d41b242b]
ThreadID: [107] TenantID: [] [2026-04-17 16:47:26,207]  INFO {APIM_GOV_AUDIT_LOG} - [Scheduler Thread Pool Status] :: Active Thread Count: 0 -- | -- Completed Task Count: 5 -- | -- Submitted Task Count: 5 -- | -- Queue Size: 0 -- | -- Core Pool Size: 20 -- | -- Maximum Pool Size: 20 -- | -- Current Pool Size: 5
ThreadID: [107] TenantID: [] [2026-04-17 16:47:26,207]  INFO {APIM_GOV_AUDIT_LOG} - [Delete Processing Requests] :: Deleted 0 long-lasting processing requests with IDs: []
ThreadID: [107] TenantID: [] [2026-04-17 16:47:26,207]  INFO {APIM_GOV_AUDIT_LOG} - [Fetch Requests] :: Scheduler fetched 1 requests with IDs: [e595ecec-cfb5-4343-a2ce-3ee72021d903]
ThreadID: [956] TenantID: [] [2026-04-17 16:47:26,208]  INFO {APIM_GOV_AUDIT_LOG} - [Async Eval Request] :: Processing request e595ecec-cfb5-4343-a2ce-3ee72021d903 for artifact 33e20533-49b7-484b-9f1c-53ce37b356c7 in carbon.super organization
ThreadID: [956] TenantID: [] [2026-04-17 16:47:26,300]  INFO {APIM_GOV_AUDIT_LOG} - [Async Eval Request] :: Validated artifact 33e20533-49b7-484b-9f1c-53ce37b356c7 in organization carbon.super against ruleset b6d21e0b-1d4b-4f6d-a751-ef5523510302
ThreadID: [956] TenantID: [] [2026-04-17 16:47:26,322]  INFO {APIM_GOV_AUDIT_LOG} - [Async Eval Request] :: Validated artifact 33e20533-49b7-484b-9f1c-53ce37b356c7 in organization carbon.super against ruleset fa34dab9-ef41-4e1d-be51-452f49c1aec7
ThreadID: [956] TenantID: [] [2026-04-17 16:47:26,324]  INFO {APIM_GOV_AUDIT_LOG} - [Async Eval Request] :: Artifact 33e20533-49b7-484b-9f1c-53ce37b356c7 evaluated against policy 87274026-c372-4288-80ed-a2e7d41b242b in organization carbon.super
ThreadID: [956] TenantID: [] [2026-04-17 16:47:26,324]  INFO {APIM_GOV_AUDIT_LOG} - [Async Eval Request] :: Request e595ecec-cfb5-4343-a2ce-3ee72021d903 processed successfully for artifact 33e20533-49b7-484b-9f1c-53ce37b356c7 in organization carbon.super
ThreadID: [62] TenantID: [] [2026-04-17 16:48:09,607]  INFO {APIM_GOV_AUDIT_LOG} - [New Async Eval Request] :: New compliance evaluation request for artifact 33e20533-49b7-484b-9f1c-53ce37b356c7 with policy IDs [87274026-c372-4288-80ed-a2e7d41b242b]
ThreadID: [62] TenantID: [] [2026-04-17 16:48:09,607]  INFO {APIM_GOV_AUDIT_LOG} - [New Async Eval Request] :: New compliance evaluation request for artifact 33e20533-49b7-484b-9f1c-53ce37b356c7 with policy IDs [87274026-c372-4288-80ed-a2e7d41b242b]
ThreadID: [62] TenantID: [] [2026-04-17 16:48:09,817]  INFO {APIM_GOV_AUDIT_LOG} - [New Async Eval Request] :: New compliance evaluation request for artifact 33e20533-49b7-484b-9f1c-53ce37b356c7 with policy IDs [87274026-c372-4288-80ed-a2e7d41b242b]
ThreadID: [62] TenantID: [] [2026-04-17 16:48:09,818]  INFO {APIM_GOV_AUDIT_LOG} - [New Async Eval Request] :: New compliance evaluation request for artifact 33e20533-49b7-484b-9f1c-53ce37b356c7 with policy IDs [87274026-c372-4288-80ed-a2e7d41b242b]
ThreadID: [107] TenantID: [] [2026-04-17 16:49:26,206]  INFO {APIM_GOV_AUDIT_LOG} - [Scheduler Thread Pool Status] :: Active Thread Count: 0 -- | -- Completed Task Count: 6 -- | -- Submitted Task Count: 6 -- | -- Queue Size: 0 -- | -- Core Pool Size: 20 -- | -- Maximum Pool Size: 20 -- | -- Current Pool Size: 6
ThreadID: [107] TenantID: [] [2026-04-17 16:49:26,285]  INFO {APIM_GOV_AUDIT_LOG} - [Delete Processing Requests] :: Deleted 0 long-lasting processing requests with IDs: []
ThreadID: [107] TenantID: [] [2026-04-17 16:49:26,285]  INFO {APIM_GOV_AUDIT_LOG} - [Fetch Requests] :: Scheduler fetched 1 requests with IDs: [c64c6d02-c931-4605-ad2a-d10306ab30f1]
ThreadID: [968] TenantID: [] [2026-04-17 16:49:26,285]  INFO {APIM_GOV_AUDIT_LOG} - [Async Eval Request] :: Processing request c64c6d02-c931-4605-ad2a-d10306ab30f1 for artifact 33e20533-49b7-484b-9f1c-53ce37b356c7 in carbon.super organization
ThreadID: [968] TenantID: [] [2026-04-17 16:49:26,473]  INFO {APIM_GOV_AUDIT_LOG} - [Async Eval Request] :: Validated artifact 33e20533-49b7-484b-9f1c-53ce37b356c7 in organization carbon.super against ruleset b6d21e0b-1d4b-4f6d-a751-ef5523510302
ThreadID: [968] TenantID: [] [2026-04-17 16:49:26,506]  INFO {APIM_GOV_AUDIT_LOG} - [Async Eval Request] :: Validated artifact 33e20533-49b7-484b-9f1c-53ce37b356c7 in organization carbon.super against ruleset fa34dab9-ef41-4e1d-be51-452f49c1aec7
ThreadID: [968] TenantID: [] [2026-04-17 16:49:26,512]  INFO {APIM_GOV_AUDIT_LOG} - [Async Eval Request] :: Artifact 33e20533-49b7-484b-9f1c-53ce37b356c7 evaluated against policy 87274026-c372-4288-80ed-a2e7d41b242b in organization carbon.super
ThreadID: [968] TenantID: [] [2026-04-17 16:49:26,513]  INFO {APIM_GOV_AUDIT_LOG} - [Async Eval Request] :: Request c64c6d02-c931-4605-ad2a-d10306ab30f1 processed successfully for artifact 33e20533-49b7-484b-9f1c-53ce37b356c7 in organization carbon.super
ThreadID: [107] TenantID: [] [2026-04-17 16:51:26,207]  INFO {APIM_GOV_AUDIT_LOG} - [Scheduler Thread Pool Status] :: Active Thread Count: 0 -- | -- Completed Task Count: 7 -- | -- Submitted Task Count: 7 -- | -- Queue Size: 0 -- | -- Core Pool Size: 20 -- | -- Maximum Pool Size: 20 -- | -- Current Pool Size: 7
ThreadID: [107] TenantID: [] [2026-04-17 16:51:26,506]  INFO {APIM_GOV_AUDIT_LOG} - [Delete Processing Requests] :: Deleted 0 long-lasting processing requests with IDs: []
ThreadID: [107] TenantID: [] [2026-04-17 16:51:26,507]  INFO {APIM_GOV_AUDIT_LOG} - [Fetch Requests] :: Scheduler fetched 0 requests with IDs: []
ThreadID: [107] TenantID: [] [2026-04-17 16:53:26,206]  INFO {APIM_GOV_AUDIT_LOG} - [Scheduler Thread Pool Status] :: Active Thread Count: 0 -- | -- Completed Task Count: 7 -- | -- Submitted Task Count: 7 -- | -- Queue Size: 0 -- | -- Core Pool Size: 20 -- | -- Maximum Pool Size: 20 -- | -- Current Pool Size: 7
ThreadID: [107] TenantID: [] [2026-04-17 16:53:26,405]  INFO {APIM_GOV_AUDIT_LOG} - [Delete Processing Requests] :: Deleted 0 long-lasting processing requests with IDs: []
ThreadID: [107] TenantID: [] [2026-04-17 16:53:26,405]  INFO {APIM_GOV_AUDIT_LOG} - [Fetch Requests] :: Scheduler fetched 0 requests with IDs: []
ThreadID: [62] TenantID: [] [2026-04-17 16:53:45,108]  INFO {APIM_GOV_AUDIT_LOG} - [New Async Eval Request] :: New compliance evaluation request for artifact 33e20533-49b7-484b-9f1c-53ce37b356c7 with policy IDs [87274026-c372-4288-80ed-a2e7d41b242b]
ThreadID: [62] TenantID: [] [2026-04-17 16:53:45,109]  INFO {APIM_GOV_AUDIT_LOG} - [New Async Eval Request] :: New compliance evaluation request for artifact 33e20533-49b7-484b-9f1c-53ce37b356c7 with policy IDs [87274026-c372-4288-80ed-a2e7d41b242b]
ThreadID: [107] TenantID: [] [2026-04-17 16:55:26,207]  INFO {APIM_GOV_AUDIT_LOG} - [Scheduler Thread Pool Status] :: Active Thread Count: 0 -- | -- Completed Task Count: 7 -- | -- Submitted Task Count: 7 -- | -- Queue Size: 0 -- | -- Core Pool Size: 20 -- | -- Maximum Pool Size: 20 -- | -- Current Pool Size: 7
ThreadID: [107] TenantID: [] [2026-04-17 16:55:26,457]  INFO {APIM_GOV_AUDIT_LOG} - [Delete Processing Requests] :: Deleted 0 long-lasting processing requests with IDs: []
ThreadID: [107] TenantID: [] [2026-04-17 16:55:26,458]  INFO {APIM_GOV_AUDIT_LOG} - [Fetch Requests] :: Scheduler fetched 1 requests with IDs: [ae9b9dd2-397b-4424-93cd-610a2100fa45]
ThreadID: [1003] TenantID: [] [2026-04-17 16:55:26,458]  INFO {APIM_GOV_AUDIT_LOG} - [Async Eval Request] :: Processing request ae9b9dd2-397b-4424-93cd-610a2100fa45 for artifact 33e20533-49b7-484b-9f1c-53ce37b356c7 in carbon.super organization
ThreadID: [1003] TenantID: [] [2026-04-17 16:55:26,676]  INFO {APIM_GOV_AUDIT_LOG} - [Async Eval Request] :: Validated artifact 33e20533-49b7-484b-9f1c-53ce37b356c7 in organization carbon.super against ruleset b6d21e0b-1d4b-4f6d-a751-ef5523510302
ThreadID: [1003] TenantID: [] [2026-04-17 16:55:26,696]  INFO {APIM_GOV_AUDIT_LOG} - [Async Eval Request] :: Validated artifact 33e20533-49b7-484b-9f1c-53ce37b356c7 in organization carbon.super against ruleset fa34dab9-ef41-4e1d-be51-452f49c1aec7
ThreadID: [1003] TenantID: [] [2026-04-17 16:55:26,701]  INFO {APIM_GOV_AUDIT_LOG} - [Async Eval Request] :: Artifact 33e20533-49b7-484b-9f1c-53ce37b356c7 evaluated against policy 87274026-c372-4288-80ed-a2e7d41b242b in organization carbon.super
ThreadID: [1003] TenantID: [] [2026-04-17 16:55:26,701]  INFO {APIM_GOV_AUDIT_LOG} - [Async Eval Request] :: Request ae9b9dd2-397b-4424-93cd-610a2100fa45 processed successfully for artifact 33e20533-49b7-484b-9f1c-53ce37b356c7 in organization carbon.super
ThreadID: [62] TenantID: [] [2026-04-17 16:55:50,782]  INFO {APIM_GOV_AUDIT_LOG} - [New Async Eval Request] :: New compliance evaluation request for artifact 33e20533-49b7-484b-9f1c-53ce37b356c7 with policy IDs [87274026-c372-4288-80ed-a2e7d41b242b]
ThreadID: [62] TenantID: [] [2026-04-17 16:55:50,782]  INFO {APIM_GOV_AUDIT_LOG} - [New Async Eval Request] :: New compliance evaluation request for artifact 33e20533-49b7-484b-9f1c-53ce37b356c7 with policy IDs [87274026-c372-4288-80ed-a2e7d41b242b]
ThreadID: [62] TenantID: [] [2026-04-17 16:56:03,510]  INFO {APIM_GOV_AUDIT_LOG} - [New Async Eval Request] :: New compliance evaluation request for artifact 33e20533-49b7-484b-9f1c-53ce37b356c7 with policy IDs [87274026-c372-4288-80ed-a2e7d41b242b]
ThreadID: [62] TenantID: [] [2026-04-17 16:56:03,510]  INFO {APIM_GOV_AUDIT_LOG} - [New Async Eval Request] :: New compliance evaluation request for artifact 33e20533-49b7-484b-9f1c-53ce37b356c7 with policy IDs [87274026-c372-4288-80ed-a2e7d41b242b]
ThreadID: [107] TenantID: [] [2026-04-17 16:57:26,209]  INFO {APIM_GOV_AUDIT_LOG} - [Scheduler Thread Pool Status] :: Active Thread Count: 0 -- | -- Completed Task Count: 8 -- | -- Submitted Task Count: 8 -- | -- Queue Size: 0 -- | -- Core Pool Size: 20 -- | -- Maximum Pool Size: 20 -- | -- Current Pool Size: 8
ThreadID: [107] TenantID: [] [2026-04-17 16:57:26,209]  INFO {APIM_GOV_AUDIT_LOG} - [Delete Processing Requests] :: Deleted 0 long-lasting processing requests with IDs: []
ThreadID: [107] TenantID: [] [2026-04-17 16:57:26,210]  INFO {APIM_GOV_AUDIT_LOG} - [Fetch Requests] :: Scheduler fetched 1 requests with IDs: [c00c3270-1de7-46d2-a741-c5de8b325a84]
ThreadID: [1032] TenantID: [] [2026-04-17 16:57:26,210]  INFO {APIM_GOV_AUDIT_LOG} - [Async Eval Request] :: Processing request c00c3270-1de7-46d2-a741-c5de8b325a84 for artifact 33e20533-49b7-484b-9f1c-53ce37b356c7 in carbon.super organization
ThreadID: [1032] TenantID: [] [2026-04-17 16:57:26,524]  INFO {APIM_GOV_AUDIT_LOG} - [Async Eval Request] :: Validated artifact 33e20533-49b7-484b-9f1c-53ce37b356c7 in organization carbon.super against ruleset b6d21e0b-1d4b-4f6d-a751-ef5523510302
ThreadID: [1032] TenantID: [] [2026-04-17 16:57:26,569]  INFO {APIM_GOV_AUDIT_LOG} - [Async Eval Request] :: Validated artifact 33e20533-49b7-484b-9f1c-53ce37b356c7 in organization carbon.super against ruleset fa34dab9-ef41-4e1d-be51-452f49c1aec7
ThreadID: [1032] TenantID: [] [2026-04-17 16:57:26,579]  INFO {APIM_GOV_AUDIT_LOG} - [Async Eval Request] :: Artifact 33e20533-49b7-484b-9f1c-53ce37b356c7 evaluated against policy 87274026-c372-4288-80ed-a2e7d41b242b in organization carbon.super
ThreadID: [1032] TenantID: [] [2026-04-17 16:57:26,580]  INFO {APIM_GOV_AUDIT_LOG} - [Async Eval Request] :: Request c00c3270-1de7-46d2-a741-c5de8b325a84 processed successfully for artifact 33e20533-49b7-484b-9f1c-53ce37b356c7 in organization carbon.super
ThreadID: [107] TenantID: [] [2026-04-17 16:59:26,206]  INFO {APIM_GOV_AUDIT_LOG} - [Scheduler Thread Pool Status] :: Active Thread Count: 0 -- | -- Completed Task Count: 9 -- | -- Submitted Task Count: 9 -- | -- Queue Size: 0 -- | -- Core Pool Size: 20 -- | -- Maximum Pool Size: 20 -- | -- Current Pool Size: 9
ThreadID: [107] TenantID: [] [2026-04-17 16:59:26,207]  INFO {APIM_GOV_AUDIT_LOG} - [Delete Processing Requests] :: Deleted 0 long-lasting processing requests with IDs: []
ThreadID: [107] TenantID: [] [2026-04-17 16:59:26,207]  INFO {APIM_GOV_AUDIT_LOG} - [Fetch Requests] :: Scheduler fetched 0 requests with IDs: []
ThreadID: [107] TenantID: [] [2026-04-17 17:01:26,207]  INFO {APIM_GOV_AUDIT_LOG} - [Scheduler Thread Pool Status] :: Active Thread Count: 0 -- | -- Completed Task Count: 9 -- | -- Submitted Task Count: 9 -- | -- Queue Size: 0 -- | -- Core Pool Size: 20 -- | -- Maximum Pool Size: 20 -- | -- Current Pool Size: 9
ThreadID: [107] TenantID: [] [2026-04-17 17:01:26,207]  INFO {APIM_GOV_AUDIT_LOG} - [Delete Processing Requests] :: Deleted 0 long-lasting processing requests with IDs: []
ThreadID: [107] TenantID: [] [2026-04-17 17:01:26,208]  INFO {APIM_GOV_AUDIT_LOG} - [Fetch Requests] :: Scheduler fetched 0 requests with IDs: []
ThreadID: [107] TenantID: [] [2026-04-17 17:02:56,935]  INFO {APIM_GOV_AUDIT_LOG} - [Scheduler Thread Pool Status] :: Active Thread Count: 0 -- | -- Completed Task Count: 0 -- | -- Submitted Task Count: 0 -- | -- Queue Size: 0 -- | -- Core Pool Size: 20 -- | -- Maximum Pool Size: 20 -- | -- Current Pool Size: 0
ThreadID: [107] TenantID: [] [2026-04-17 17:02:56,936]  INFO {APIM_GOV_AUDIT_LOG} - [Delete Processing Requests] :: Deleted 0 long-lasting processing requests with IDs: []
ThreadID: [107] TenantID: [] [2026-04-17 17:02:56,942]  INFO {APIM_GOV_AUDIT_LOG} - [Fetch Requests] :: Scheduler fetched 0 requests with IDs: []
ThreadID: [107] TenantID: [] [2026-04-17 17:04:56,929]  INFO {APIM_GOV_AUDIT_LOG} - [Scheduler Thread Pool Status] :: Active Thread Count: 0 -- | -- Completed Task Count: 0 -- | -- Submitted Task Count: 0 -- | -- Queue Size: 0 -- | -- Core Pool Size: 20 -- | -- Maximum Pool Size: 20 -- | -- Current Pool Size: 0
ThreadID: [107] TenantID: [] [2026-04-17 17:04:56,932]  INFO {APIM_GOV_AUDIT_LOG} - [Delete Processing Requests] :: Deleted 0 long-lasting processing requests with IDs: []
ThreadID: [107] TenantID: [] [2026-04-17 17:04:56,933]  INFO {APIM_GOV_AUDIT_LOG} - [Fetch Requests] :: Scheduler fetched 0 requests with IDs: []
ThreadID: [61] TenantID: [] [2026-04-17 17:05:56,077]  INFO {APIM_GOV_AUDIT_LOG} - [New Async Eval Request] :: New compliance evaluation request for artifact 33e20533-49b7-484b-9f1c-53ce37b356c7 with policy IDs [87274026-c372-4288-80ed-a2e7d41b242b]
ThreadID: [61] TenantID: [] [2026-04-17 17:05:56,077]  INFO {APIM_GOV_AUDIT_LOG} - [New Async Eval Request] :: New compliance evaluation request for artifact 33e20533-49b7-484b-9f1c-53ce37b356c7 with policy IDs [87274026-c372-4288-80ed-a2e7d41b242b]
ThreadID: [61] TenantID: [] [2026-04-17 17:05:56,404]  INFO {APIM_GOV_AUDIT_LOG} - [New Async Eval Request] :: New compliance evaluation request for artifact 33e20533-49b7-484b-9f1c-53ce37b356c7 with policy IDs [87274026-c372-4288-80ed-a2e7d41b242b]
ThreadID: [61] TenantID: [] [2026-04-17 17:05:56,405]  INFO {APIM_GOV_AUDIT_LOG} - [New Async Eval Request] :: New compliance evaluation request for artifact 33e20533-49b7-484b-9f1c-53ce37b356c7 with policy IDs [87274026-c372-4288-80ed-a2e7d41b242b]
ThreadID: [61] TenantID: [] [2026-04-17 17:06:15,820]  INFO {APIM_GOV_AUDIT_LOG} - [New Async Eval Request] :: New compliance evaluation request for artifact 33e20533-49b7-484b-9f1c-53ce37b356c7 with policy IDs [87274026-c372-4288-80ed-a2e7d41b242b]
ThreadID: [61] TenantID: [] [2026-04-17 17:06:15,821]  INFO {APIM_GOV_AUDIT_LOG} - [New Async Eval Request] :: New compliance evaluation request for artifact 33e20533-49b7-484b-9f1c-53ce37b356c7 with policy IDs [87274026-c372-4288-80ed-a2e7d41b242b]
ThreadID: [61] TenantID: [] [2026-04-17 17:06:35,955]  INFO {APIM_GOV_AUDIT_LOG} - [New Async Eval Request] :: New compliance evaluation request for artifact 33e20533-49b7-484b-9f1c-53ce37b356c7 with policy IDs [87274026-c372-4288-80ed-a2e7d41b242b]
ThreadID: [61] TenantID: [] [2026-04-17 17:06:35,958]  INFO {APIM_GOV_AUDIT_LOG} - [New Async Eval Request] :: New compliance evaluation request for artifact 33e20533-49b7-484b-9f1c-53ce37b356c7 with policy IDs [87274026-c372-4288-80ed-a2e7d41b242b]
ThreadID: [107] TenantID: [] [2026-04-17 17:06:56,929]  INFO {APIM_GOV_AUDIT_LOG} - [Scheduler Thread Pool Status] :: Active Thread Count: 0 -- | -- Completed Task Count: 0 -- | -- Submitted Task Count: 0 -- | -- Queue Size: 0 -- | -- Core Pool Size: 20 -- | -- Maximum Pool Size: 20 -- | -- Current Pool Size: 0
ThreadID: [107] TenantID: [] [2026-04-17 17:06:56,930]  INFO {APIM_GOV_AUDIT_LOG} - [Delete Processing Requests] :: Deleted 0 long-lasting processing requests with IDs: []
ThreadID: [107] TenantID: [] [2026-04-17 17:06:56,931]  INFO {APIM_GOV_AUDIT_LOG} - [Fetch Requests] :: Scheduler fetched 1 requests with IDs: [817141f8-70f6-43da-82c4-886ff4deb3fd]
ThreadID: [728] TenantID: [] [2026-04-17 17:06:56,934]  INFO {APIM_GOV_AUDIT_LOG} - [Async Eval Request] :: Processing request 817141f8-70f6-43da-82c4-886ff4deb3fd for artifact 33e20533-49b7-484b-9f1c-53ce37b356c7 in carbon.super organization
ThreadID: [728] TenantID: [] [2026-04-17 17:06:58,294]  INFO {APIM_GOV_AUDIT_LOG} - [Async Eval Request] :: Validated artifact 33e20533-49b7-484b-9f1c-53ce37b356c7 in organization carbon.super against ruleset b6d21e0b-1d4b-4f6d-a751-ef5523510302
ThreadID: [728] TenantID: [] [2026-04-17 17:06:58,387]  INFO {APIM_GOV_AUDIT_LOG} - [Async Eval Request] :: Validated artifact 33e20533-49b7-484b-9f1c-53ce37b356c7 in organization carbon.super against ruleset fa34dab9-ef41-4e1d-be51-452f49c1aec7
ThreadID: [728] TenantID: [] [2026-04-17 17:06:58,408]  INFO {APIM_GOV_AUDIT_LOG} - [Async Eval Request] :: Artifact 33e20533-49b7-484b-9f1c-53ce37b356c7 evaluated against policy 87274026-c372-4288-80ed-a2e7d41b242b in organization carbon.super
ThreadID: [728] TenantID: [] [2026-04-17 17:06:58,409]  INFO {APIM_GOV_AUDIT_LOG} - [Async Eval Request] :: Request 817141f8-70f6-43da-82c4-886ff4deb3fd processed successfully for artifact 33e20533-49b7-484b-9f1c-53ce37b356c7 in organization carbon.super
ThreadID: [107] TenantID: [] [2026-04-17 17:08:56,929]  INFO {APIM_GOV_AUDIT_LOG} - [Scheduler Thread Pool Status] :: Active Thread Count: 0 -- | -- Completed Task Count: 1 -- | -- Submitted Task Count: 1 -- | -- Queue Size: 0 -- | -- Core Pool Size: 20 -- | -- Maximum Pool Size: 20 -- | -- Current Pool Size: 1
ThreadID: [107] TenantID: [] [2026-04-17 17:08:56,930]  INFO {APIM_GOV_AUDIT_LOG} - [Delete Processing Requests] :: Deleted 0 long-lasting processing requests with IDs: []
ThreadID: [107] TenantID: [] [2026-04-17 17:08:56,931]  INFO {APIM_GOV_AUDIT_LOG} - [Fetch Requests] :: Scheduler fetched 0 requests with IDs: []
ThreadID: [107] TenantID: [] [2026-04-17 17:10:56,929]  INFO {APIM_GOV_AUDIT_LOG} - [Scheduler Thread Pool Status] :: Active Thread Count: 0 -- | -- Completed Task Count: 1 -- | -- Submitted Task Count: 1 -- | -- Queue Size: 0 -- | -- Core Pool Size: 20 -- | -- Maximum Pool Size: 20 -- | -- Current Pool Size: 1
ThreadID: [107] TenantID: [] [2026-04-17 17:10:57,361]  INFO {APIM_GOV_AUDIT_LOG} - [Delete Processing Requests] :: Deleted 0 long-lasting processing requests with IDs: []
ThreadID: [107] TenantID: [] [2026-04-17 17:10:57,361]  INFO {APIM_GOV_AUDIT_LOG} - [Fetch Requests] :: Scheduler fetched 0 requests with IDs: []
ThreadID: [107] TenantID: [] [2026-04-17 17:12:56,929]  INFO {APIM_GOV_AUDIT_LOG} - [Scheduler Thread Pool Status] :: Active Thread Count: 0 -- | -- Completed Task Count: 1 -- | -- Submitted Task Count: 1 -- | -- Queue Size: 0 -- | -- Core Pool Size: 20 -- | -- Maximum Pool Size: 20 -- | -- Current Pool Size: 1
ThreadID: [107] TenantID: [] [2026-04-17 17:12:57,436]  INFO {APIM_GOV_AUDIT_LOG} - [Delete Processing Requests] :: Deleted 0 long-lasting processing requests with IDs: []
ThreadID: [107] TenantID: [] [2026-04-17 17:12:57,436]  INFO {APIM_GOV_AUDIT_LOG} - [Fetch Requests] :: Scheduler fetched 0 requests with IDs: []
ThreadID: [107] TenantID: [] [2026-04-17 17:14:56,929]  INFO {APIM_GOV_AUDIT_LOG} - [Scheduler Thread Pool Status] :: Active Thread Count: 0 -- | -- Completed Task Count: 1 -- | -- Submitted Task Count: 1 -- | -- Queue Size: 0 -- | -- Core Pool Size: 20 -- | -- Maximum Pool Size: 20 -- | -- Current Pool Size: 1
ThreadID: [107] TenantID: [] [2026-04-17 17:14:57,037]  INFO {APIM_GOV_AUDIT_LOG} - [Delete Processing Requests] :: Deleted 0 long-lasting processing requests with IDs: []
ThreadID: [107] TenantID: [] [2026-04-17 17:14:57,038]  INFO {APIM_GOV_AUDIT_LOG} - [Fetch Requests] :: Scheduler fetched 0 requests with IDs: []
