ThreadID: [106] TenantID: [] [2026-04-16 11:09:41,567]  INFO {APIM_GOV_AUDIT_LOG} - [Scheduler Thread Pool Status] :: Active Thread Count: 0 -- | -- Completed Task Count: 0 -- | -- Submitted Task Count: 0 -- | -- Queue Size: 0 -- | -- Core Pool Size: 20 -- | -- Maximum Pool Size: 20 -- | -- Current Pool Size: 0
ThreadID: [106] TenantID: [] [2026-04-16 11:09:41,570]  INFO {APIM_GOV_AUDIT_LOG} - [Delete Processing Requests] :: Deleted 0 long-lasting processing requests with IDs: []
ThreadID: [106] TenantID: [] [2026-04-16 11:09:41,586]  INFO {APIM_GOV_AUDIT_LOG} - [Fetch Requests] :: Scheduler fetched 0 requests with IDs: []
ThreadID: [24] TenantID: [] [2026-04-16 11:11:09,110]  INFO {APIM_GOV_AUDIT_LOG} - [Ruleset] :: New ruleset OWASP Top 10 with id 4a76dc70-47ef-4656-b08b-af2982c46fdb created by user null in organization carbon.super
ThreadID: [24] TenantID: [] [2026-04-16 11:11:09,608]  INFO {APIM_GOV_AUDIT_LOG} - [Ruleset] :: New ruleset WSO2 REST API Design Guidelines with id b6d21e0b-1d4b-4f6d-a751-ef5523510302 created by user null in organization carbon.super
ThreadID: [24] TenantID: [] [2026-04-16 11:11:09,819]  INFO {APIM_GOV_AUDIT_LOG} - [Ruleset] :: New ruleset WSO2 API Management Guidelines with id fa34dab9-ef41-4e1d-be51-452f49c1aec7 created by user null in organization carbon.super
ThreadID: [24] TenantID: [] [2026-04-16 11:11:09,926]  INFO {APIM_GOV_AUDIT_LOG} - [Governance Policy] :: New governance policy WSO2 API Management Best Practices with ID 87274026-c372-4288-80ed-a2e7d41b242b created by user null in organization carbon.super
ThreadID: [106] TenantID: [] [2026-04-16 11:11:41,558]  INFO {APIM_GOV_AUDIT_LOG} - [Scheduler Thread Pool Status] :: Active Thread Count: 0 -- | -- Completed Task Count: 0 -- | -- Submitted Task Count: 0 -- | -- Queue Size: 0 -- | -- Core Pool Size: 20 -- | -- Maximum Pool Size: 20 -- | -- Current Pool Size: 0
ThreadID: [106] TenantID: [] [2026-04-16 11:11:41,562]  INFO {APIM_GOV_AUDIT_LOG} - [Delete Processing Requests] :: Deleted 0 long-lasting processing requests with IDs: []
ThreadID: [106] TenantID: [] [2026-04-16 11:11:41,562]  INFO {APIM_GOV_AUDIT_LOG} - [Fetch Requests] :: Scheduler fetched 0 requests with IDs: []
ThreadID: [106] TenantID: [] [2026-04-16 11:13:41,558]  INFO {APIM_GOV_AUDIT_LOG} - [Scheduler Thread Pool Status] :: Active Thread Count: 0 -- | -- Completed Task Count: 0 -- | -- Submitted Task Count: 0 -- | -- Queue Size: 0 -- | -- Core Pool Size: 20 -- | -- Maximum Pool Size: 20 -- | -- Current Pool Size: 0
ThreadID: [106] TenantID: [] [2026-04-16 11:13:41,694]  INFO {APIM_GOV_AUDIT_LOG} - [Delete Processing Requests] :: Deleted 0 long-lasting processing requests with IDs: []
ThreadID: [106] TenantID: [] [2026-04-16 11:13:41,695]  INFO {APIM_GOV_AUDIT_LOG} - [Fetch Requests] :: Scheduler fetched 0 requests with IDs: []
ThreadID: [106] TenantID: [] [2026-04-16 11:15:41,558]  INFO {APIM_GOV_AUDIT_LOG} - [Scheduler Thread Pool Status] :: Active Thread Count: 0 -- | -- Completed Task Count: 0 -- | -- Submitted Task Count: 0 -- | -- Queue Size: 0 -- | -- Core Pool Size: 20 -- | -- Maximum Pool Size: 20 -- | -- Current Pool Size: 0
ThreadID: [106] TenantID: [] [2026-04-16 11:15:41,679]  INFO {APIM_GOV_AUDIT_LOG} - [Delete Processing Requests] :: Deleted 0 long-lasting processing requests with IDs: []
ThreadID: [106] TenantID: [] [2026-04-16 11:15:41,679]  INFO {APIM_GOV_AUDIT_LOG} - [Fetch Requests] :: Scheduler fetched 0 requests with IDs: []
ThreadID: [106] TenantID: [] [2026-04-16 11:17:41,558]  INFO {APIM_GOV_AUDIT_LOG} - [Scheduler Thread Pool Status] :: Active Thread Count: 0 -- | -- Completed Task Count: 0 -- | -- Submitted Task Count: 0 -- | -- Queue Size: 0 -- | -- Core Pool Size: 20 -- | -- Maximum Pool Size: 20 -- | -- Current Pool Size: 0
ThreadID: [106] TenantID: [] [2026-04-16 11:17:41,678]  INFO {APIM_GOV_AUDIT_LOG} - [Delete Processing Requests] :: Deleted 0 long-lasting processing requests with IDs: []
ThreadID: [106] TenantID: [] [2026-04-16 11:17:41,679]  INFO {APIM_GOV_AUDIT_LOG} - [Fetch Requests] :: Scheduler fetched 0 requests with IDs: []
ThreadID: [106] TenantID: [] [2026-04-16 11:19:41,559]  INFO {APIM_GOV_AUDIT_LOG} - [Scheduler Thread Pool Status] :: Active Thread Count: 0 -- | -- Completed Task Count: 0 -- | -- Submitted Task Count: 0 -- | -- Queue Size: 0 -- | -- Core Pool Size: 20 -- | -- Maximum Pool Size: 20 -- | -- Current Pool Size: 0
ThreadID: [106] TenantID: [] [2026-04-16 11:19:41,645]  INFO {APIM_GOV_AUDIT_LOG} - [Delete Processing Requests] :: Deleted 0 long-lasting processing requests with IDs: []
ThreadID: [106] TenantID: [] [2026-04-16 11:19:41,646]  INFO {APIM_GOV_AUDIT_LOG} - [Fetch Requests] :: Scheduler fetched 0 requests with IDs: []
ThreadID: [106] TenantID: [] [2026-04-16 11:21:41,558]  INFO {APIM_GOV_AUDIT_LOG} - [Scheduler Thread Pool Status] :: Active Thread Count: 0 -- | -- Completed Task Count: 0 -- | -- Submitted Task Count: 0 -- | -- Queue Size: 0 -- | -- Core Pool Size: 20 -- | -- Maximum Pool Size: 20 -- | -- Current Pool Size: 0
ThreadID: [106] TenantID: [] [2026-04-16 11:21:41,660]  INFO {APIM_GOV_AUDIT_LOG} - [Delete Processing Requests] :: Deleted 0 long-lasting processing requests with IDs: []
ThreadID: [106] TenantID: [] [2026-04-16 11:21:41,661]  INFO {APIM_GOV_AUDIT_LOG} - [Fetch Requests] :: Scheduler fetched 0 requests with IDs: []
ThreadID: [106] TenantID: [] [2026-04-16 11:23:41,558]  INFO {APIM_GOV_AUDIT_LOG} - [Scheduler Thread Pool Status] :: Active Thread Count: 0 -- | -- Completed Task Count: 0 -- | -- Submitted Task Count: 0 -- | -- Queue Size: 0 -- | -- Core Pool Size: 20 -- | -- Maximum Pool Size: 20 -- | -- Current Pool Size: 0
ThreadID: [106] TenantID: [] [2026-04-16 11:23:41,558]  INFO {APIM_GOV_AUDIT_LOG} - [Delete Processing Requests] :: Deleted 0 long-lasting processing requests with IDs: []
ThreadID: [106] TenantID: [] [2026-04-16 11:23:41,559]  INFO {APIM_GOV_AUDIT_LOG} - [Fetch Requests] :: Scheduler fetched 0 requests with IDs: []
ThreadID: [61] TenantID: [] [2026-04-16 11:23:50,329]  INFO {APIM_GOV_AUDIT_LOG} - [New Async Eval Request] :: New compliance evaluation request for artifact 96574b60-06ca-4b33-b033-eb546477a18a with policy IDs [87274026-c372-4288-80ed-a2e7d41b242b]
ThreadID: [61] TenantID: [] [2026-04-16 11:24:34,268]  INFO {APIM_GOV_AUDIT_LOG} - [New Async Eval Request] :: New compliance evaluation request for artifact 8af64a71-1a38-4fcf-b6d3-7b6cd1c5c998 with policy IDs [87274026-c372-4288-80ed-a2e7d41b242b]
ThreadID: [106] TenantID: [] [2026-04-16 11:25:41,558]  INFO {APIM_GOV_AUDIT_LOG} - [Scheduler Thread Pool Status] :: Active Thread Count: 0 -- | -- Completed Task Count: 0 -- | -- Submitted Task Count: 0 -- | -- Queue Size: 0 -- | -- Core Pool Size: 20 -- | -- Maximum Pool Size: 20 -- | -- Current Pool Size: 0
ThreadID: [106] TenantID: [] [2026-04-16 11:25:41,656]  INFO {APIM_GOV_AUDIT_LOG} - [Delete Processing Requests] :: Deleted 0 long-lasting processing requests with IDs: []
ThreadID: [106] TenantID: [] [2026-04-16 11:25:41,656]  INFO {APIM_GOV_AUDIT_LOG} - [Fetch Requests] :: Scheduler fetched 1 requests with IDs: [ff4f301d-0932-4d4c-ac45-a21e6b8e3123]
ThreadID: [1345] TenantID: [] [2026-04-16 11:25:41,657]  INFO {APIM_GOV_AUDIT_LOG} - [Async Eval Request] :: Processing request ff4f301d-0932-4d4c-ac45-a21e6b8e3123 for artifact 8af64a71-1a38-4fcf-b6d3-7b6cd1c5c998 in carbon.super organization
ThreadID: [1345] TenantID: [] [2026-04-16 11:25:41,936]  INFO {APIM_GOV_AUDIT_LOG} - [Async Eval Request] :: Validated artifact 8af64a71-1a38-4fcf-b6d3-7b6cd1c5c998 in organization carbon.super against ruleset b6d21e0b-1d4b-4f6d-a751-ef5523510302
ThreadID: [1345] TenantID: [] [2026-04-16 11:25:41,971]  INFO {APIM_GOV_AUDIT_LOG} - [Async Eval Request] :: Validated artifact 8af64a71-1a38-4fcf-b6d3-7b6cd1c5c998 in organization carbon.super against ruleset fa34dab9-ef41-4e1d-be51-452f49c1aec7
ThreadID: [1345] TenantID: [] [2026-04-16 11:25:41,974]  INFO {APIM_GOV_AUDIT_LOG} - [Async Eval Request] :: Artifact 8af64a71-1a38-4fcf-b6d3-7b6cd1c5c998 evaluated against policy 87274026-c372-4288-80ed-a2e7d41b242b in organization carbon.super
ThreadID: [1345] TenantID: [] [2026-04-16 11:25:41,974]  INFO {APIM_GOV_AUDIT_LOG} - [Async Eval Request] :: Request ff4f301d-0932-4d4c-ac45-a21e6b8e3123 processed successfully for artifact 8af64a71-1a38-4fcf-b6d3-7b6cd1c5c998 in organization carbon.super
ThreadID: [106] TenantID: [] [2026-04-16 11:27:41,558]  INFO {APIM_GOV_AUDIT_LOG} - [Scheduler Thread Pool Status] :: Active Thread Count: 0 -- | -- Completed Task Count: 1 -- | -- Submitted Task Count: 1 -- | -- Queue Size: 0 -- | -- Core Pool Size: 20 -- | -- Maximum Pool Size: 20 -- | -- Current Pool Size: 1
ThreadID: [106] TenantID: [] [2026-04-16 11:27:41,661]  INFO {APIM_GOV_AUDIT_LOG} - [Delete Processing Requests] :: Deleted 0 long-lasting processing requests with IDs: []
ThreadID: [106] TenantID: [] [2026-04-16 11:27:41,662]  INFO {APIM_GOV_AUDIT_LOG} - [Fetch Requests] :: Scheduler fetched 0 requests with IDs: []
ThreadID: [106] TenantID: [] [2026-04-16 11:29:41,558]  INFO {APIM_GOV_AUDIT_LOG} - [Scheduler Thread Pool Status] :: Active Thread Count: 0 -- | -- Completed Task Count: 1 -- | -- Submitted Task Count: 1 -- | -- Queue Size: 0 -- | -- Core Pool Size: 20 -- | -- Maximum Pool Size: 20 -- | -- Current Pool Size: 1
ThreadID: [106] TenantID: [] [2026-04-16 11:29:41,618]  INFO {APIM_GOV_AUDIT_LOG} - [Delete Processing Requests] :: Deleted 0 long-lasting processing requests with IDs: []
ThreadID: [106] TenantID: [] [2026-04-16 11:29:41,618]  INFO {APIM_GOV_AUDIT_LOG} - [Fetch Requests] :: Scheduler fetched 0 requests with IDs: []
ThreadID: [106] TenantID: [] [2026-04-16 11:31:41,558]  INFO {APIM_GOV_AUDIT_LOG} - [Scheduler Thread Pool Status] :: Active Thread Count: 0 -- | -- Completed Task Count: 1 -- | -- Submitted Task Count: 1 -- | -- Queue Size: 0 -- | -- Core Pool Size: 20 -- | -- Maximum Pool Size: 20 -- | -- Current Pool Size: 1
ThreadID: [106] TenantID: [] [2026-04-16 11:31:41,634]  INFO {APIM_GOV_AUDIT_LOG} - [Delete Processing Requests] :: Deleted 0 long-lasting processing requests with IDs: []
ThreadID: [106] TenantID: [] [2026-04-16 11:31:41,634]  INFO {APIM_GOV_AUDIT_LOG} - [Fetch Requests] :: Scheduler fetched 0 requests with IDs: []
ThreadID: [106] TenantID: [] [2026-04-16 12:04:38,927]  INFO {APIM_GOV_AUDIT_LOG} - [Scheduler Thread Pool Status] :: Active Thread Count: 0 -- | -- Completed Task Count: 1 -- | -- Submitted Task Count: 1 -- | -- Queue Size: 0 -- | -- Core Pool Size: 20 -- | -- Maximum Pool Size: 20 -- | -- Current Pool Size: 1
ThreadID: [106] TenantID: [] [2026-04-16 12:04:39,002]  INFO {APIM_GOV_AUDIT_LOG} - [Delete Processing Requests] :: Deleted 0 long-lasting processing requests with IDs: []
ThreadID: [106] TenantID: [] [2026-04-16 12:04:39,003]  INFO {APIM_GOV_AUDIT_LOG} - [Fetch Requests] :: Scheduler fetched 0 requests with IDs: []
ThreadID: [106] TenantID: [] [2026-04-16 12:06:38,927]  INFO {APIM_GOV_AUDIT_LOG} - [Scheduler Thread Pool Status] :: Active Thread Count: 0 -- | -- Completed Task Count: 1 -- | -- Submitted Task Count: 1 -- | -- Queue Size: 0 -- | -- Core Pool Size: 20 -- | -- Maximum Pool Size: 20 -- | -- Current Pool Size: 1
ThreadID: [106] TenantID: [] [2026-04-16 12:06:39,000]  INFO {APIM_GOV_AUDIT_LOG} - [Delete Processing Requests] :: Deleted 0 long-lasting processing requests with IDs: []
ThreadID: [106] TenantID: [] [2026-04-16 12:06:39,000]  INFO {APIM_GOV_AUDIT_LOG} - [Fetch Requests] :: Scheduler fetched 0 requests with IDs: []
ThreadID: [106] TenantID: [] [2026-04-16 12:08:38,927]  INFO {APIM_GOV_AUDIT_LOG} - [Scheduler Thread Pool Status] :: Active Thread Count: 0 -- | -- Completed Task Count: 1 -- | -- Submitted Task Count: 1 -- | -- Queue Size: 0 -- | -- Core Pool Size: 20 -- | -- Maximum Pool Size: 20 -- | -- Current Pool Size: 1
ThreadID: [106] TenantID: [] [2026-04-16 12:08:38,992]  INFO {APIM_GOV_AUDIT_LOG} - [Delete Processing Requests] :: Deleted 0 long-lasting processing requests with IDs: []
ThreadID: [106] TenantID: [] [2026-04-16 12:08:38,992]  INFO {APIM_GOV_AUDIT_LOG} - [Fetch Requests] :: Scheduler fetched 0 requests with IDs: []
ThreadID: [106] TenantID: [] [2026-04-16 12:10:38,927]  INFO {APIM_GOV_AUDIT_LOG} - [Scheduler Thread Pool Status] :: Active Thread Count: 0 -- | -- Completed Task Count: 1 -- | -- Submitted Task Count: 1 -- | -- Queue Size: 0 -- | -- Core Pool Size: 20 -- | -- Maximum Pool Size: 20 -- | -- Current Pool Size: 1
ThreadID: [106] TenantID: [] [2026-04-16 12:10:38,989]  INFO {APIM_GOV_AUDIT_LOG} - [Delete Processing Requests] :: Deleted 0 long-lasting processing requests with IDs: []
ThreadID: [106] TenantID: [] [2026-04-16 12:10:38,990]  INFO {APIM_GOV_AUDIT_LOG} - [Fetch Requests] :: Scheduler fetched 0 requests with IDs: []
ThreadID: [106] TenantID: [] [2026-04-16 12:12:38,927]  INFO {APIM_GOV_AUDIT_LOG} - [Scheduler Thread Pool Status] :: Active Thread Count: 0 -- | -- Completed Task Count: 1 -- | -- Submitted Task Count: 1 -- | -- Queue Size: 0 -- | -- Core Pool Size: 20 -- | -- Maximum Pool Size: 20 -- | -- Current Pool Size: 1
ThreadID: [106] TenantID: [] [2026-04-16 12:12:39,006]  INFO {APIM_GOV_AUDIT_LOG} - [Delete Processing Requests] :: Deleted 0 long-lasting processing requests with IDs: []
ThreadID: [106] TenantID: [] [2026-04-16 12:12:39,006]  INFO {APIM_GOV_AUDIT_LOG} - [Fetch Requests] :: Scheduler fetched 0 requests with IDs: []
ThreadID: [106] TenantID: [] [2026-04-16 12:14:38,927]  INFO {APIM_GOV_AUDIT_LOG} - [Scheduler Thread Pool Status] :: Active Thread Count: 0 -- | -- Completed Task Count: 1 -- | -- Submitted Task Count: 1 -- | -- Queue Size: 0 -- | -- Core Pool Size: 20 -- | -- Maximum Pool Size: 20 -- | -- Current Pool Size: 1
ThreadID: [106] TenantID: [] [2026-04-16 12:14:39,002]  INFO {APIM_GOV_AUDIT_LOG} - [Delete Processing Requests] :: Deleted 0 long-lasting processing requests with IDs: []
ThreadID: [106] TenantID: [] [2026-04-16 12:14:39,002]  INFO {APIM_GOV_AUDIT_LOG} - [Fetch Requests] :: Scheduler fetched 0 requests with IDs: []
ThreadID: [106] TenantID: [] [2026-04-16 12:16:38,927]  INFO {APIM_GOV_AUDIT_LOG} - [Scheduler Thread Pool Status] :: Active Thread Count: 0 -- | -- Completed Task Count: 1 -- | -- Submitted Task Count: 1 -- | -- Queue Size: 0 -- | -- Core Pool Size: 20 -- | -- Maximum Pool Size: 20 -- | -- Current Pool Size: 1
ThreadID: [106] TenantID: [] [2026-04-16 12:16:39,005]  INFO {APIM_GOV_AUDIT_LOG} - [Delete Processing Requests] :: Deleted 0 long-lasting processing requests with IDs: []
ThreadID: [106] TenantID: [] [2026-04-16 12:16:39,006]  INFO {APIM_GOV_AUDIT_LOG} - [Fetch Requests] :: Scheduler fetched 0 requests with IDs: []
ThreadID: [106] TenantID: [] [2026-04-16 13:07:45,532]  INFO {APIM_GOV_AUDIT_LOG} - [Scheduler Thread Pool Status] :: Active Thread Count: 0 -- | -- Completed Task Count: 1 -- | -- Submitted Task Count: 1 -- | -- Queue Size: 0 -- | -- Core Pool Size: 20 -- | -- Maximum Pool Size: 20 -- | -- Current Pool Size: 1
ThreadID: [106] TenantID: [] [2026-04-16 13:07:45,533]  INFO {APIM_GOV_AUDIT_LOG} - [Delete Processing Requests] :: Deleted 0 long-lasting processing requests with IDs: []
ThreadID: [106] TenantID: [] [2026-04-16 13:07:45,534]  INFO {APIM_GOV_AUDIT_LOG} - [Fetch Requests] :: Scheduler fetched 0 requests with IDs: []
ThreadID: [106] TenantID: [] [2026-04-16 13:09:45,532]  INFO {APIM_GOV_AUDIT_LOG} - [Scheduler Thread Pool Status] :: Active Thread Count: 0 -- | -- Completed Task Count: 1 -- | -- Submitted Task Count: 1 -- | -- Queue Size: 0 -- | -- Core Pool Size: 20 -- | -- Maximum Pool Size: 20 -- | -- Current Pool Size: 1
ThreadID: [106] TenantID: [] [2026-04-16 13:09:45,655]  INFO {APIM_GOV_AUDIT_LOG} - [Delete Processing Requests] :: Deleted 0 long-lasting processing requests with IDs: []
ThreadID: [106] TenantID: [] [2026-04-16 13:09:45,655]  INFO {APIM_GOV_AUDIT_LOG} - [Fetch Requests] :: Scheduler fetched 0 requests with IDs: []
ThreadID: [106] TenantID: [] [2026-04-16 13:11:45,945]  INFO {APIM_GOV_AUDIT_LOG} - [Scheduler Thread Pool Status] :: Active Thread Count: 0 -- | -- Completed Task Count: 1 -- | -- Submitted Task Count: 1 -- | -- Queue Size: 0 -- | -- Core Pool Size: 20 -- | -- Maximum Pool Size: 20 -- | -- Current Pool Size: 1
ThreadID: [106] TenantID: [] [2026-04-16 13:11:46,078]  INFO {APIM_GOV_AUDIT_LOG} - [Delete Processing Requests] :: Deleted 0 long-lasting processing requests with IDs: []
ThreadID: [106] TenantID: [] [2026-04-16 13:11:46,079]  INFO {APIM_GOV_AUDIT_LOG} - [Fetch Requests] :: Scheduler fetched 0 requests with IDs: []
ThreadID: [106] TenantID: [] [2026-04-16 13:13:45,945]  INFO {APIM_GOV_AUDIT_LOG} - [Scheduler Thread Pool Status] :: Active Thread Count: 0 -- | -- Completed Task Count: 1 -- | -- Submitted Task Count: 1 -- | -- Queue Size: 0 -- | -- Core Pool Size: 20 -- | -- Maximum Pool Size: 20 -- | -- Current Pool Size: 1
ThreadID: [106] TenantID: [] [2026-04-16 13:13:46,083]  INFO {APIM_GOV_AUDIT_LOG} - [Delete Processing Requests] :: Deleted 0 long-lasting processing requests with IDs: []
ThreadID: [106] TenantID: [] [2026-04-16 13:13:46,083]  INFO {APIM_GOV_AUDIT_LOG} - [Fetch Requests] :: Scheduler fetched 0 requests with IDs: []
ThreadID: [106] TenantID: [] [2026-04-16 13:15:45,944]  INFO {APIM_GOV_AUDIT_LOG} - [Scheduler Thread Pool Status] :: Active Thread Count: 0 -- | -- Completed Task Count: 1 -- | -- Submitted Task Count: 1 -- | -- Queue Size: 0 -- | -- Core Pool Size: 20 -- | -- Maximum Pool Size: 20 -- | -- Current Pool Size: 1
ThreadID: [106] TenantID: [] [2026-04-16 13:15:46,007]  INFO {APIM_GOV_AUDIT_LOG} - [Delete Processing Requests] :: Deleted 0 long-lasting processing requests with IDs: []
ThreadID: [106] TenantID: [] [2026-04-16 13:15:46,008]  INFO {APIM_GOV_AUDIT_LOG} - [Fetch Requests] :: Scheduler fetched 0 requests with IDs: []
ThreadID: [106] TenantID: [] [2026-04-16 13:17:45,945]  INFO {APIM_GOV_AUDIT_LOG} - [Scheduler Thread Pool Status] :: Active Thread Count: 0 -- | -- Completed Task Count: 1 -- | -- Submitted Task Count: 1 -- | -- Queue Size: 0 -- | -- Core Pool Size: 20 -- | -- Maximum Pool Size: 20 -- | -- Current Pool Size: 1
ThreadID: [106] TenantID: [] [2026-04-16 13:17:46,006]  INFO {APIM_GOV_AUDIT_LOG} - [Delete Processing Requests] :: Deleted 0 long-lasting processing requests with IDs: []
ThreadID: [106] TenantID: [] [2026-04-16 13:17:46,007]  INFO {APIM_GOV_AUDIT_LOG} - [Fetch Requests] :: Scheduler fetched 0 requests with IDs: []
ThreadID: [106] TenantID: [] [2026-04-16 13:19:45,944]  INFO {APIM_GOV_AUDIT_LOG} - [Scheduler Thread Pool Status] :: Active Thread Count: 0 -- | -- Completed Task Count: 1 -- | -- Submitted Task Count: 1 -- | -- Queue Size: 0 -- | -- Core Pool Size: 20 -- | -- Maximum Pool Size: 20 -- | -- Current Pool Size: 1
ThreadID: [106] TenantID: [] [2026-04-16 13:19:45,983]  INFO {APIM_GOV_AUDIT_LOG} - [Delete Processing Requests] :: Deleted 0 long-lasting processing requests with IDs: []
ThreadID: [106] TenantID: [] [2026-04-16 13:19:45,983]  INFO {APIM_GOV_AUDIT_LOG} - [Fetch Requests] :: Scheduler fetched 0 requests with IDs: []
ThreadID: [106] TenantID: [] [2026-04-16 13:21:45,945]  INFO {APIM_GOV_AUDIT_LOG} - [Scheduler Thread Pool Status] :: Active Thread Count: 0 -- | -- Completed Task Count: 1 -- | -- Submitted Task Count: 1 -- | -- Queue Size: 0 -- | -- Core Pool Size: 20 -- | -- Maximum Pool Size: 20 -- | -- Current Pool Size: 1
ThreadID: [106] TenantID: [] [2026-04-16 13:21:46,037]  INFO {APIM_GOV_AUDIT_LOG} - [Delete Processing Requests] :: Deleted 0 long-lasting processing requests with IDs: []
ThreadID: [106] TenantID: [] [2026-04-16 13:21:46,038]  INFO {APIM_GOV_AUDIT_LOG} - [Fetch Requests] :: Scheduler fetched 0 requests with IDs: []
ThreadID: [106] TenantID: [] [2026-04-16 13:23:45,944]  INFO {APIM_GOV_AUDIT_LOG} - [Scheduler Thread Pool Status] :: Active Thread Count: 0 -- | -- Completed Task Count: 1 -- | -- Submitted Task Count: 1 -- | -- Queue Size: 0 -- | -- Core Pool Size: 20 -- | -- Maximum Pool Size: 20 -- | -- Current Pool Size: 1
ThreadID: [106] TenantID: [] [2026-04-16 13:23:45,946]  INFO {APIM_GOV_AUDIT_LOG} - [Delete Processing Requests] :: Deleted 0 long-lasting processing requests with IDs: []
ThreadID: [106] TenantID: [] [2026-04-16 13:23:45,946]  INFO {APIM_GOV_AUDIT_LOG} - [Fetch Requests] :: Scheduler fetched 0 requests with IDs: []
ThreadID: [106] TenantID: [] [2026-04-16 13:25:45,944]  INFO {APIM_GOV_AUDIT_LOG} - [Scheduler Thread Pool Status] :: Active Thread Count: 0 -- | -- Completed Task Count: 1 -- | -- Submitted Task Count: 1 -- | -- Queue Size: 0 -- | -- Core Pool Size: 20 -- | -- Maximum Pool Size: 20 -- | -- Current Pool Size: 1
ThreadID: [106] TenantID: [] [2026-04-16 13:25:45,945]  INFO {APIM_GOV_AUDIT_LOG} - [Delete Processing Requests] :: Deleted 0 long-lasting processing requests with IDs: []
ThreadID: [106] TenantID: [] [2026-04-16 13:25:45,945]  INFO {APIM_GOV_AUDIT_LOG} - [Fetch Requests] :: Scheduler fetched 0 requests with IDs: []
ThreadID: [106] TenantID: [] [2026-04-16 14:21:56,401]  INFO {APIM_GOV_AUDIT_LOG} - [Scheduler Thread Pool Status] :: Active Thread Count: 0 -- | -- Completed Task Count: 1 -- | -- Submitted Task Count: 1 -- | -- Queue Size: 0 -- | -- Core Pool Size: 20 -- | -- Maximum Pool Size: 20 -- | -- Current Pool Size: 1
ThreadID: [106] TenantID: [] [2026-04-16 14:21:56,437]  INFO {APIM_GOV_AUDIT_LOG} - [Delete Processing Requests] :: Deleted 0 long-lasting processing requests with IDs: []
ThreadID: [106] TenantID: [] [2026-04-16 14:21:56,438]  INFO {APIM_GOV_AUDIT_LOG} - [Fetch Requests] :: Scheduler fetched 0 requests with IDs: []
ThreadID: [105] TenantID: [] [2026-04-16 14:23:40,265]  INFO {APIM_GOV_AUDIT_LOG} - [Scheduler Thread Pool Status] :: Active Thread Count: 0 -- | -- Completed Task Count: 0 -- | -- Submitted Task Count: 0 -- | -- Queue Size: 0 -- | -- Core Pool Size: 20 -- | -- Maximum Pool Size: 20 -- | -- Current Pool Size: 0
ThreadID: [105] TenantID: [] [2026-04-16 14:23:40,266]  INFO {APIM_GOV_AUDIT_LOG} - [Delete Processing Requests] :: Deleted 0 long-lasting processing requests with IDs: []
ThreadID: [105] TenantID: [] [2026-04-16 14:23:40,268]  INFO {APIM_GOV_AUDIT_LOG} - [Fetch Requests] :: Scheduler fetched 0 requests with IDs: []
ThreadID: [105] TenantID: [] [2026-04-16 14:25:40,263]  INFO {APIM_GOV_AUDIT_LOG} - [Scheduler Thread Pool Status] :: Active Thread Count: 0 -- | -- Completed Task Count: 0 -- | -- Submitted Task Count: 0 -- | -- Queue Size: 0 -- | -- Core Pool Size: 20 -- | -- Maximum Pool Size: 20 -- | -- Current Pool Size: 0
ThreadID: [105] TenantID: [] [2026-04-16 14:25:40,264]  INFO {APIM_GOV_AUDIT_LOG} - [Delete Processing Requests] :: Deleted 0 long-lasting processing requests with IDs: []
ThreadID: [105] TenantID: [] [2026-04-16 14:25:40,264]  INFO {APIM_GOV_AUDIT_LOG} - [Fetch Requests] :: Scheduler fetched 0 requests with IDs: []
ThreadID: [105] TenantID: [] [2026-04-16 14:27:53,866]  INFO {APIM_GOV_AUDIT_LOG} - [Scheduler Thread Pool Status] :: Active Thread Count: 0 -- | -- Completed Task Count: 0 -- | -- Submitted Task Count: 0 -- | -- Queue Size: 0 -- | -- Core Pool Size: 20 -- | -- Maximum Pool Size: 20 -- | -- Current Pool Size: 0
ThreadID: [105] TenantID: [] [2026-04-16 14:27:53,869]  INFO {APIM_GOV_AUDIT_LOG} - [Delete Processing Requests] :: Deleted 0 long-lasting processing requests with IDs: []
ThreadID: [105] TenantID: [] [2026-04-16 14:27:53,871]  INFO {APIM_GOV_AUDIT_LOG} - [Fetch Requests] :: Scheduler fetched 0 requests with IDs: []
ThreadID: [105] TenantID: [] [2026-04-16 14:29:53,861]  INFO {APIM_GOV_AUDIT_LOG} - [Scheduler Thread Pool Status] :: Active Thread Count: 0 -- | -- Completed Task Count: 0 -- | -- Submitted Task Count: 0 -- | -- Queue Size: 0 -- | -- Core Pool Size: 20 -- | -- Maximum Pool Size: 20 -- | -- Current Pool Size: 0
ThreadID: [105] TenantID: [] [2026-04-16 14:29:53,862]  INFO {APIM_GOV_AUDIT_LOG} - [Delete Processing Requests] :: Deleted 0 long-lasting processing requests with IDs: []
ThreadID: [105] TenantID: [] [2026-04-16 14:29:53,862]  INFO {APIM_GOV_AUDIT_LOG} - [Fetch Requests] :: Scheduler fetched 0 requests with IDs: []
ThreadID: [105] TenantID: [] [2026-04-16 14:31:53,861]  INFO {APIM_GOV_AUDIT_LOG} - [Scheduler Thread Pool Status] :: Active Thread Count: 0 -- | -- Completed Task Count: 0 -- | -- Submitted Task Count: 0 -- | -- Queue Size: 0 -- | -- Core Pool Size: 20 -- | -- Maximum Pool Size: 20 -- | -- Current Pool Size: 0
ThreadID: [105] TenantID: [] [2026-04-16 14:31:54,198]  INFO {APIM_GOV_AUDIT_LOG} - [Delete Processing Requests] :: Deleted 0 long-lasting processing requests with IDs: []
ThreadID: [105] TenantID: [] [2026-04-16 14:31:54,199]  INFO {APIM_GOV_AUDIT_LOG} - [Fetch Requests] :: Scheduler fetched 0 requests with IDs: []
ThreadID: [105] TenantID: [] [2026-04-16 14:33:53,861]  INFO {APIM_GOV_AUDIT_LOG} - [Scheduler Thread Pool Status] :: Active Thread Count: 0 -- | -- Completed Task Count: 0 -- | -- Submitted Task Count: 0 -- | -- Queue Size: 0 -- | -- Core Pool Size: 20 -- | -- Maximum Pool Size: 20 -- | -- Current Pool Size: 0
ThreadID: [105] TenantID: [] [2026-04-16 14:33:54,222]  INFO {APIM_GOV_AUDIT_LOG} - [Delete Processing Requests] :: Deleted 0 long-lasting processing requests with IDs: []
ThreadID: [105] TenantID: [] [2026-04-16 14:33:54,223]  INFO {APIM_GOV_AUDIT_LOG} - [Fetch Requests] :: Scheduler fetched 0 requests with IDs: []
ThreadID: [105] TenantID: [] [2026-04-16 14:35:53,861]  INFO {APIM_GOV_AUDIT_LOG} - [Scheduler Thread Pool Status] :: Active Thread Count: 0 -- | -- Completed Task Count: 0 -- | -- Submitted Task Count: 0 -- | -- Queue Size: 0 -- | -- Core Pool Size: 20 -- | -- Maximum Pool Size: 20 -- | -- Current Pool Size: 0
ThreadID: [105] TenantID: [] [2026-04-16 14:35:54,048]  INFO {APIM_GOV_AUDIT_LOG} - [Delete Processing Requests] :: Deleted 0 long-lasting processing requests with IDs: []
ThreadID: [105] TenantID: [] [2026-04-16 14:35:54,048]  INFO {APIM_GOV_AUDIT_LOG} - [Fetch Requests] :: Scheduler fetched 0 requests with IDs: []
ThreadID: [105] TenantID: [] [2026-04-16 14:37:53,861]  INFO {APIM_GOV_AUDIT_LOG} - [Scheduler Thread Pool Status] :: Active Thread Count: 0 -- | -- Completed Task Count: 0 -- | -- Submitted Task Count: 0 -- | -- Queue Size: 0 -- | -- Core Pool Size: 20 -- | -- Maximum Pool Size: 20 -- | -- Current Pool Size: 0
ThreadID: [105] TenantID: [] [2026-04-16 14:37:54,020]  INFO {APIM_GOV_AUDIT_LOG} - [Delete Processing Requests] :: Deleted 0 long-lasting processing requests with IDs: []
ThreadID: [105] TenantID: [] [2026-04-16 14:37:54,020]  INFO {APIM_GOV_AUDIT_LOG} - [Fetch Requests] :: Scheduler fetched 0 requests with IDs: []
ThreadID: [105] TenantID: [] [2026-04-16 14:39:53,861]  INFO {APIM_GOV_AUDIT_LOG} - [Scheduler Thread Pool Status] :: Active Thread Count: 0 -- | -- Completed Task Count: 0 -- | -- Submitted Task Count: 0 -- | -- Queue Size: 0 -- | -- Core Pool Size: 20 -- | -- Maximum Pool Size: 20 -- | -- Current Pool Size: 0
ThreadID: [105] TenantID: [] [2026-04-16 14:39:54,035]  INFO {APIM_GOV_AUDIT_LOG} - [Delete Processing Requests] :: Deleted 0 long-lasting processing requests with IDs: []
ThreadID: [105] TenantID: [] [2026-04-16 14:39:54,036]  INFO {APIM_GOV_AUDIT_LOG} - [Fetch Requests] :: Scheduler fetched 0 requests with IDs: []
ThreadID: [105] TenantID: [] [2026-04-16 14:41:53,861]  INFO {APIM_GOV_AUDIT_LOG} - [Scheduler Thread Pool Status] :: Active Thread Count: 0 -- | -- Completed Task Count: 0 -- | -- Submitted Task Count: 0 -- | -- Queue Size: 0 -- | -- Core Pool Size: 20 -- | -- Maximum Pool Size: 20 -- | -- Current Pool Size: 0
ThreadID: [105] TenantID: [] [2026-04-16 14:41:53,954]  INFO {APIM_GOV_AUDIT_LOG} - [Delete Processing Requests] :: Deleted 0 long-lasting processing requests with IDs: []
ThreadID: [105] TenantID: [] [2026-04-16 14:41:53,954]  INFO {APIM_GOV_AUDIT_LOG} - [Fetch Requests] :: Scheduler fetched 0 requests with IDs: []
ThreadID: [105] TenantID: [] [2026-04-16 14:43:53,861]  INFO {APIM_GOV_AUDIT_LOG} - [Scheduler Thread Pool Status] :: Active Thread Count: 0 -- | -- Completed Task Count: 0 -- | -- Submitted Task Count: 0 -- | -- Queue Size: 0 -- | -- Core Pool Size: 20 -- | -- Maximum Pool Size: 20 -- | -- Current Pool Size: 0
ThreadID: [105] TenantID: [] [2026-04-16 14:43:53,952]  INFO {APIM_GOV_AUDIT_LOG} - [Delete Processing Requests] :: Deleted 0 long-lasting processing requests with IDs: []
ThreadID: [105] TenantID: [] [2026-04-16 14:43:53,952]  INFO {APIM_GOV_AUDIT_LOG} - [Fetch Requests] :: Scheduler fetched 0 requests with IDs: []
ThreadID: [105] TenantID: [] [2026-04-16 14:45:53,861]  INFO {APIM_GOV_AUDIT_LOG} - [Scheduler Thread Pool Status] :: Active Thread Count: 0 -- | -- Completed Task Count: 0 -- | -- Submitted Task Count: 0 -- | -- Queue Size: 0 -- | -- Core Pool Size: 20 -- | -- Maximum Pool Size: 20 -- | -- Current Pool Size: 0
ThreadID: [105] TenantID: [] [2026-04-16 14:45:54,014]  INFO {APIM_GOV_AUDIT_LOG} - [Delete Processing Requests] :: Deleted 0 long-lasting processing requests with IDs: []
ThreadID: [105] TenantID: [] [2026-04-16 14:45:54,015]  INFO {APIM_GOV_AUDIT_LOG} - [Fetch Requests] :: Scheduler fetched 0 requests with IDs: []
ThreadID: [105] TenantID: [] [2026-04-16 14:47:53,861]  INFO {APIM_GOV_AUDIT_LOG} - [Scheduler Thread Pool Status] :: Active Thread Count: 0 -- | -- Completed Task Count: 0 -- | -- Submitted Task Count: 0 -- | -- Queue Size: 0 -- | -- Core Pool Size: 20 -- | -- Maximum Pool Size: 20 -- | -- Current Pool Size: 0
ThreadID: [105] TenantID: [] [2026-04-16 14:47:54,029]  INFO {APIM_GOV_AUDIT_LOG} - [Delete Processing Requests] :: Deleted 0 long-lasting processing requests with IDs: []
ThreadID: [105] TenantID: [] [2026-04-16 14:47:54,029]  INFO {APIM_GOV_AUDIT_LOG} - [Fetch Requests] :: Scheduler fetched 0 requests with IDs: []
ThreadID: [105] TenantID: [] [2026-04-16 14:49:53,861]  INFO {APIM_GOV_AUDIT_LOG} - [Scheduler Thread Pool Status] :: Active Thread Count: 0 -- | -- Completed Task Count: 0 -- | -- Submitted Task Count: 0 -- | -- Queue Size: 0 -- | -- Core Pool Size: 20 -- | -- Maximum Pool Size: 20 -- | -- Current Pool Size: 0
ThreadID: [105] TenantID: [] [2026-04-16 14:49:54,050]  INFO {APIM_GOV_AUDIT_LOG} - [Delete Processing Requests] :: Deleted 0 long-lasting processing requests with IDs: []
ThreadID: [105] TenantID: [] [2026-04-16 14:49:54,050]  INFO {APIM_GOV_AUDIT_LOG} - [Fetch Requests] :: Scheduler fetched 0 requests with IDs: []
ThreadID: [105] TenantID: [] [2026-04-16 14:51:53,861]  INFO {APIM_GOV_AUDIT_LOG} - [Scheduler Thread Pool Status] :: Active Thread Count: 0 -- | -- Completed Task Count: 0 -- | -- Submitted Task Count: 0 -- | -- Queue Size: 0 -- | -- Core Pool Size: 20 -- | -- Maximum Pool Size: 20 -- | -- Current Pool Size: 0
ThreadID: [105] TenantID: [] [2026-04-16 14:51:54,023]  INFO {APIM_GOV_AUDIT_LOG} - [Delete Processing Requests] :: Deleted 0 long-lasting processing requests with IDs: []
ThreadID: [105] TenantID: [] [2026-04-16 14:51:54,023]  INFO {APIM_GOV_AUDIT_LOG} - [Fetch Requests] :: Scheduler fetched 0 requests with IDs: []
ThreadID: [105] TenantID: [] [2026-04-16 14:53:53,861]  INFO {APIM_GOV_AUDIT_LOG} - [Scheduler Thread Pool Status] :: Active Thread Count: 0 -- | -- Completed Task Count: 0 -- | -- Submitted Task Count: 0 -- | -- Queue Size: 0 -- | -- Core Pool Size: 20 -- | -- Maximum Pool Size: 20 -- | -- Current Pool Size: 0
ThreadID: [105] TenantID: [] [2026-04-16 14:53:54,039]  INFO {APIM_GOV_AUDIT_LOG} - [Delete Processing Requests] :: Deleted 0 long-lasting processing requests with IDs: []
ThreadID: [105] TenantID: [] [2026-04-16 14:53:54,039]  INFO {APIM_GOV_AUDIT_LOG} - [Fetch Requests] :: Scheduler fetched 0 requests with IDs: []
ThreadID: [105] TenantID: [] [2026-04-16 14:55:53,861]  INFO {APIM_GOV_AUDIT_LOG} - [Scheduler Thread Pool Status] :: Active Thread Count: 0 -- | -- Completed Task Count: 0 -- | -- Submitted Task Count: 0 -- | -- Queue Size: 0 -- | -- Core Pool Size: 20 -- | -- Maximum Pool Size: 20 -- | -- Current Pool Size: 0
ThreadID: [105] TenantID: [] [2026-04-16 14:55:53,977]  INFO {APIM_GOV_AUDIT_LOG} - [Delete Processing Requests] :: Deleted 0 long-lasting processing requests with IDs: []
ThreadID: [105] TenantID: [] [2026-04-16 14:55:53,977]  INFO {APIM_GOV_AUDIT_LOG} - [Fetch Requests] :: Scheduler fetched 0 requests with IDs: []
ThreadID: [105] TenantID: [] [2026-04-16 14:57:53,861]  INFO {APIM_GOV_AUDIT_LOG} - [Scheduler Thread Pool Status] :: Active Thread Count: 0 -- | -- Completed Task Count: 0 -- | -- Submitted Task Count: 0 -- | -- Queue Size: 0 -- | -- Core Pool Size: 20 -- | -- Maximum Pool Size: 20 -- | -- Current Pool Size: 0
ThreadID: [105] TenantID: [] [2026-04-16 14:57:53,925]  INFO {APIM_GOV_AUDIT_LOG} - [Delete Processing Requests] :: Deleted 0 long-lasting processing requests with IDs: []
ThreadID: [105] TenantID: [] [2026-04-16 14:57:53,925]  INFO {APIM_GOV_AUDIT_LOG} - [Fetch Requests] :: Scheduler fetched 0 requests with IDs: []
ThreadID: [105] TenantID: [] [2026-04-16 14:59:53,861]  INFO {APIM_GOV_AUDIT_LOG} - [Scheduler Thread Pool Status] :: Active Thread Count: 0 -- | -- Completed Task Count: 0 -- | -- Submitted Task Count: 0 -- | -- Queue Size: 0 -- | -- Core Pool Size: 20 -- | -- Maximum Pool Size: 20 -- | -- Current Pool Size: 0
ThreadID: [105] TenantID: [] [2026-04-16 14:59:53,920]  INFO {APIM_GOV_AUDIT_LOG} - [Delete Processing Requests] :: Deleted 0 long-lasting processing requests with IDs: []
ThreadID: [105] TenantID: [] [2026-04-16 14:59:53,920]  INFO {APIM_GOV_AUDIT_LOG} - [Fetch Requests] :: Scheduler fetched 0 requests with IDs: []
ThreadID: [105] TenantID: [] [2026-04-16 15:01:53,861]  INFO {APIM_GOV_AUDIT_LOG} - [Scheduler Thread Pool Status] :: Active Thread Count: 0 -- | -- Completed Task Count: 0 -- | -- Submitted Task Count: 0 -- | -- Queue Size: 0 -- | -- Core Pool Size: 20 -- | -- Maximum Pool Size: 20 -- | -- Current Pool Size: 0
ThreadID: [105] TenantID: [] [2026-04-16 15:01:53,928]  INFO {APIM_GOV_AUDIT_LOG} - [Delete Processing Requests] :: Deleted 0 long-lasting processing requests with IDs: []
ThreadID: [105] TenantID: [] [2026-04-16 15:01:53,928]  INFO {APIM_GOV_AUDIT_LOG} - [Fetch Requests] :: Scheduler fetched 0 requests with IDs: []
ThreadID: [105] TenantID: [] [2026-04-16 15:03:53,861]  INFO {APIM_GOV_AUDIT_LOG} - [Scheduler Thread Pool Status] :: Active Thread Count: 0 -- | -- Completed Task Count: 0 -- | -- Submitted Task Count: 0 -- | -- Queue Size: 0 -- | -- Core Pool Size: 20 -- | -- Maximum Pool Size: 20 -- | -- Current Pool Size: 0
ThreadID: [105] TenantID: [] [2026-04-16 15:03:53,941]  INFO {APIM_GOV_AUDIT_LOG} - [Delete Processing Requests] :: Deleted 0 long-lasting processing requests with IDs: []
ThreadID: [105] TenantID: [] [2026-04-16 15:03:53,942]  INFO {APIM_GOV_AUDIT_LOG} - [Fetch Requests] :: Scheduler fetched 0 requests with IDs: []
ThreadID: [105] TenantID: [] [2026-04-16 15:05:53,861]  INFO {APIM_GOV_AUDIT_LOG} - [Scheduler Thread Pool Status] :: Active Thread Count: 0 -- | -- Completed Task Count: 0 -- | -- Submitted Task Count: 0 -- | -- Queue Size: 0 -- | -- Core Pool Size: 20 -- | -- Maximum Pool Size: 20 -- | -- Current Pool Size: 0
ThreadID: [105] TenantID: [] [2026-04-16 15:05:53,916]  INFO {APIM_GOV_AUDIT_LOG} - [Delete Processing Requests] :: Deleted 0 long-lasting processing requests with IDs: []
ThreadID: [105] TenantID: [] [2026-04-16 15:05:53,916]  INFO {APIM_GOV_AUDIT_LOG} - [Fetch Requests] :: Scheduler fetched 0 requests with IDs: []
ThreadID: [105] TenantID: [] [2026-04-16 15:07:53,861]  INFO {APIM_GOV_AUDIT_LOG} - [Scheduler Thread Pool Status] :: Active Thread Count: 0 -- | -- Completed Task Count: 0 -- | -- Submitted Task Count: 0 -- | -- Queue Size: 0 -- | -- Core Pool Size: 20 -- | -- Maximum Pool Size: 20 -- | -- Current Pool Size: 0
ThreadID: [105] TenantID: [] [2026-04-16 15:07:53,910]  INFO {APIM_GOV_AUDIT_LOG} - [Delete Processing Requests] :: Deleted 0 long-lasting processing requests with IDs: []
ThreadID: [105] TenantID: [] [2026-04-16 15:07:53,911]  INFO {APIM_GOV_AUDIT_LOG} - [Fetch Requests] :: Scheduler fetched 0 requests with IDs: []
ThreadID: [105] TenantID: [] [2026-04-16 15:09:53,861]  INFO {APIM_GOV_AUDIT_LOG} - [Scheduler Thread Pool Status] :: Active Thread Count: 0 -- | -- Completed Task Count: 0 -- | -- Submitted Task Count: 0 -- | -- Queue Size: 0 -- | -- Core Pool Size: 20 -- | -- Maximum Pool Size: 20 -- | -- Current Pool Size: 0
ThreadID: [105] TenantID: [] [2026-04-16 15:09:53,917]  INFO {APIM_GOV_AUDIT_LOG} - [Delete Processing Requests] :: Deleted 0 long-lasting processing requests with IDs: []
ThreadID: [105] TenantID: [] [2026-04-16 15:09:53,917]  INFO {APIM_GOV_AUDIT_LOG} - [Fetch Requests] :: Scheduler fetched 0 requests with IDs: []
ThreadID: [105] TenantID: [] [2026-04-16 15:11:53,863]  INFO {APIM_GOV_AUDIT_LOG} - [Scheduler Thread Pool Status] :: Active Thread Count: 0 -- | -- Completed Task Count: 0 -- | -- Submitted Task Count: 0 -- | -- Queue Size: 0 -- | -- Core Pool Size: 20 -- | -- Maximum Pool Size: 20 -- | -- Current Pool Size: 0
ThreadID: [105] TenantID: [] [2026-04-16 15:11:53,919]  INFO {APIM_GOV_AUDIT_LOG} - [Delete Processing Requests] :: Deleted 0 long-lasting processing requests with IDs: []
ThreadID: [105] TenantID: [] [2026-04-16 15:11:53,920]  INFO {APIM_GOV_AUDIT_LOG} - [Fetch Requests] :: Scheduler fetched 0 requests with IDs: []
ThreadID: [105] TenantID: [] [2026-04-16 15:13:53,861]  INFO {APIM_GOV_AUDIT_LOG} - [Scheduler Thread Pool Status] :: Active Thread Count: 0 -- | -- Completed Task Count: 0 -- | -- Submitted Task Count: 0 -- | -- Queue Size: 0 -- | -- Core Pool Size: 20 -- | -- Maximum Pool Size: 20 -- | -- Current Pool Size: 0
ThreadID: [105] TenantID: [] [2026-04-16 15:13:53,910]  INFO {APIM_GOV_AUDIT_LOG} - [Delete Processing Requests] :: Deleted 0 long-lasting processing requests with IDs: []
ThreadID: [105] TenantID: [] [2026-04-16 15:13:53,910]  INFO {APIM_GOV_AUDIT_LOG} - [Fetch Requests] :: Scheduler fetched 0 requests with IDs: []
ThreadID: [105] TenantID: [] [2026-04-16 15:15:53,861]  INFO {APIM_GOV_AUDIT_LOG} - [Scheduler Thread Pool Status] :: Active Thread Count: 0 -- | -- Completed Task Count: 0 -- | -- Submitted Task Count: 0 -- | -- Queue Size: 0 -- | -- Core Pool Size: 20 -- | -- Maximum Pool Size: 20 -- | -- Current Pool Size: 0
ThreadID: [105] TenantID: [] [2026-04-16 15:15:53,915]  INFO {APIM_GOV_AUDIT_LOG} - [Delete Processing Requests] :: Deleted 0 long-lasting processing requests with IDs: []
ThreadID: [105] TenantID: [] [2026-04-16 15:15:53,918]  INFO {APIM_GOV_AUDIT_LOG} - [Fetch Requests] :: Scheduler fetched 0 requests with IDs: []
ThreadID: [105] TenantID: [] [2026-04-16 19:51:28,365]  INFO {APIM_GOV_AUDIT_LOG} - [Scheduler Thread Pool Status] :: Active Thread Count: 0 -- | -- Completed Task Count: 0 -- | -- Submitted Task Count: 0 -- | -- Queue Size: 0 -- | -- Core Pool Size: 20 -- | -- Maximum Pool Size: 20 -- | -- Current Pool Size: 0
ThreadID: [105] TenantID: [] [2026-04-16 19:51:28,622]  INFO {APIM_GOV_AUDIT_LOG} - [Delete Processing Requests] :: Deleted 0 long-lasting processing requests with IDs: []
ThreadID: [105] TenantID: [] [2026-04-16 19:51:28,623]  INFO {APIM_GOV_AUDIT_LOG} - [Fetch Requests] :: Scheduler fetched 0 requests with IDs: []
