TID: [-1234] [2026-04-22 11:04:52,590]  INFO {AUDIT_LOG} - Initiator=w**************r Action=Get-User-Claim-Values Target=a***n Data={"Claims":{},"Profile":"default"} Outcome=Success
TID: [-1234] [2026-04-22 11:04:52,596]  INFO {AUDIT_LOG} - Initiator=w**************r Action=Get-User-Claim-Values Target=a***n Data={"Claims":{},"Profile":"default"} Outcome=Success
TID: [-1234] [2026-04-22 11:04:52,598]  INFO {AUDIT_LOG} - Initiator=w**************r Action=Get-User-Claim-Values Target=a***n Data={"Claims":{},"Profile":"default"} Outcome=Success
TID: [-1234] [2026-04-22 11:04:52,603]  INFO {AUDIT_LOG} - Initiator=w**************r Action=Get-User-Claim-Values Target=a***n Data={"Claims":{},"Profile":"default"} Outcome=Success
TID: [-1234] [2026-04-22 11:04:52,608]  INFO {AUDIT_LOG} - Initiator=w**************r Action=Get-User-Claim-Values Target=a***n Data={"Claims":{},"Profile":"default"} Outcome=Success
TID: [-1234] [2026-04-22 11:04:52,608]  INFO {AUDIT_LOG} - Initiator=w**************r Action=Get-User-Claim-Values Target=a***n Data={"Claims":{},"Profile":"default"} Outcome=Success
TID: [-1234] [2026-04-22 11:04:52,611]  INFO {AUDIT_LOG} - Initiator=w**************r Action=Get-User-Claim-Values Target=a***n Data={"Claims":{},"Profile":"default"} Outcome=Success
TID: [-1234] [2026-04-22 11:04:52,654]  INFO {AUDIT_LOG} - Initiator=w**************r Action=Get-User-Claim-Values Target=a***n Data={"Claims":{},"Profile":"default"} Outcome=Success
TID: [-1234] [2026-04-22 11:04:52,656]  INFO {AUDIT_LOG} - Initiator=w**************r Action=Get-User-Claim-Values Target=a***n Data={"Claims":{},"Profile":"default"} Outcome=Success
TID: [-1234] [2026-04-22 11:04:52,665]  INFO {AUDIT_LOG} - Initiator=w**************r Action=Get-User-Claim-Values Target=a***n Data={"Claims":{},"Profile":"default"} Outcome=Success
TID: [-1234] [2026-04-22 11:04:52,670]  INFO {AUDIT_LOG} - Initiator=w**************r Action=Get-User-Claim-Values Target=a***n Data={"Claims":{},"Profile":"default"} Outcome=Success
TID: [-1234] [2026-04-22 11:04:52,671]  INFO {AUDIT_LOG} - Initiator=w**************r Action=Get-User-Claim-Values Target=a***n Data={"Claims":{},"Profile":"default"} Outcome=Success
TID: [-1234] [2026-04-22 11:04:52,671]  INFO {AUDIT_LOG} - Initiator=w**************r Action=Get-User-Claim-Values Target=a***n Data={"Claims":{},"Profile":"default"} Outcome=Success
TID: [-1234] [2026-04-22 11:04:52,672]  INFO {AUDIT_LOG} - Initiator=w**************r Action=Get-User-Claim-Values Target=a***n Data={"Claims":{},"Profile":"default"} Outcome=Success
TID: [-1234] [2026-04-22 11:04:52,674]  INFO {AUDIT_LOG} - Initiator=w**************r Action=Get-User-Claim-Values Target=a***n Data={"Claims":{},"Profile":"default"} Outcome=Success
TID: [-1234] [2026-04-22 11:04:52,677]  INFO {AUDIT_LOG} - Initiator=w**************r Action=Get-User-Claim-Values Target=a***n Data={"Claims":{},"Profile":"default"} Outcome=Success
TID: [-1234] [2026-04-22 11:04:52,677]  INFO {AUDIT_LOG} - Initiator=w**************r Action=Get-User-Claim-Values Target=a***n Data={"Claims":{},"Profile":"default"} Outcome=Success
TID: [-1234] [2026-04-22 11:04:52,679]  INFO {AUDIT_LOG} - Initiator=w**************r Action=Get-User-Claim-Values Target=a***n Data={"Claims":{},"Profile":"default"} Outcome=Success
TID: [-1234] [2026-04-22 11:04:52,680]  INFO {AUDIT_LOG} - Initiator=w**************r Action=Get-User-Claim-Values Target=a***n Data={"Claims":{},"Profile":"default"} Outcome=Success
TID: [-1234] [2026-04-22 11:04:52,684]  INFO {AUDIT_LOG} - Initiator=w**************r Action=Get-User-Claim-Values Target=a***n Data={"Claims":{},"Profile":"default"} Outcome=Success
TID: [-1234] [2026-04-22 11:04:52,691]  INFO {AUDIT_LOG} - Initiator=w**************r Action=Get-User-Claim-Values Target=a***n Data={"Claims":{},"Profile":"default"} Outcome=Success
TID: [-1234] [2026-04-22 11:04:53,752]  INFO {AUDIT_LOG} - Initiator=w**************r Action=Get-User-Claim-Values Target=a***n Data={"Claims":{},"Profile":"default"} Outcome=Success
TID: [-1234] [2026-04-22 11:04:53,887]  INFO {AUDIT_LOG} - Initiator=w**************r Action=Get-User-Claim-Values Target=a***n Data={"Claims":{},"Profile":"default"} Outcome=Success
TID: [-1234] [2026-04-22 11:04:53,910]  INFO {AUDIT_LOG} - Initiator=w**************r Action=Get-User-Claim-Values Target=a***n Data={"Claims":{},"Profile":"default"} Outcome=Success
TID: [-1234] [2026-04-22 11:04:54,566]  INFO {AUDIT_LOG} - Initiator=w**************r Action=Get-User-Claim-Values Target=a***n Data={"Claims":{},"Profile":"default"} Outcome=Success
TID: [-1234] [2026-04-22 11:04:54,572]  INFO {AUDIT_LOG} - Initiator=w**************r Action=Get-User-Claim-Values Target=a***n Data={"Claims":{},"Profile":"default"} Outcome=Success
TID: [-1234] [2026-04-22 11:04:54,573]  INFO {AUDIT_LOG} - Initiator=w**************r Action=Get-User-Claim-Values Target=a***n Data={"Claims":{},"Profile":"default"} Outcome=Success
TID: [-1234] [2026-04-22 11:04:54,970]  INFO {AUDIT_LOG} - Initiator=w**************r Action=Get-User-Claim-Values Target=a***n Data={"Claims":{},"Profile":"default"} Outcome=Success
TID: [-1234] [2026-04-22 11:04:54,986]  INFO {AUDIT_LOG} - Initiator=w**************r Action=Get-User-Claim-Values Target=a***n Data={"Claims":{},"Profile":"default"} Outcome=Success
TID: [-1234] [2026-04-22 11:04:54,987]  INFO {AUDIT_LOG} - Initiator=w**************r Action=Get-User-Claim-Values Target=a***n Data={"Claims":{},"Profile":"default"} Outcome=Success
TID: [-1234] [2026-04-22 11:04:55,017]  INFO {AUDIT_LOG} - Initiator=w**************r Action=Get-User-Claim-Values Target=a***n Data={"Claims":{},"Profile":"default"} Outcome=Success
TID: [-1234] [2026-04-22 11:04:55,022]  INFO {AUDIT_LOG} - Initiator=w**************r Action=Get-User-Claim-Values Target=a***n Data={"Claims":{},"Profile":"default"} Outcome=Success
TID: [-1234] [2026-04-22 11:04:55,023]  INFO {AUDIT_LOG} - Initiator=w**************r Action=Get-User-Claim-Values Target=a***n Data={"Claims":{},"Profile":"default"} Outcome=Success
TID: [-1234] [2026-04-22 11:04:55,366]  INFO {AUDIT_LOG} - Initiator=w**************r Action=Get-User-Claim-Values Target=a***n Data={"Claims":{},"Profile":"default"} Outcome=Success
TID: [-1234] [2026-04-22 11:04:55,372]  INFO {AUDIT_LOG} - Initiator=w**************r Action=Get-User-Claim-Values Target=a***n Data={"Claims":{},"Profile":"default"} Outcome=Success
TID: [-1234] [2026-04-22 11:04:55,379]  INFO {AUDIT_LOG} - Initiator=w**************r Action=Get-User-Claim-Values Target=a***n Data={"Claims":{},"Profile":"default"} Outcome=Success
TID: [-1234] [2026-04-22 11:04:55,484]  INFO {AUDIT_LOG} - Initiator=w**************r Action=Get-User-Claim-Values Target=a***n Data={"Claims":{},"Profile":"default"} Outcome=Success
TID: [-1234] [2026-04-22 11:04:55,493]  INFO {AUDIT_LOG} - Initiator=w**************r Action=Get-User-Claim-Values Target=a***n Data={"Claims":{},"Profile":"default"} Outcome=Success
TID: [-1234] [2026-04-22 11:04:55,499]  INFO {AUDIT_LOG} - Initiator=w**************r Action=Get-User-Claim-Values Target=a***n Data={"Claims":{},"Profile":"default"} Outcome=Success
TID: [] [2026-04-22 11:04:55,517]  INFO {AUDIT_LOG} - {"performedBy":"SYSTEM: carbon.super","action":"deployed","type":"API"}
TID: [-1234] [2026-04-22 11:04:55,523]  INFO {AUDIT_LOG} - Initiator=w**************r Action=Get-User-Claim-Values Target=a***n Data={"Claims":{},"Profile":"default"} Outcome=Success
TID: [-1234] [2026-04-22 11:04:55,528]  INFO {AUDIT_LOG} - Initiator=w**************r Action=Get-User-Claim-Values Target=a***n Data={"Claims":{},"Profile":"default"} Outcome=Success
TID: [-1234] [2026-04-22 11:04:55,567]  INFO {AUDIT_LOG} - Initiator=w**************r Action=Get-User-Claim-Values Target=a***n Data={"Claims":{},"Profile":"default"} Outcome=Success
TID: [] [2026-04-22 11:04:55,603]  INFO {AUDIT_LOG} - {"performedBy":"SYSTEM: carbon.super","action":"deployed","type":"API"}
TID: [-1234] [2026-04-22 11:04:55,762]  INFO {AUDIT_LOG} - Initiator=w**************r Action=Get-User-Claim-Values Target=a***n Data={"Claims":{},"Profile":"default"} Outcome=Success
TID: [-1234] [2026-04-22 11:04:55,764]  INFO {AUDIT_LOG} - Initiator=w**************r Action=Get-User-Claim-Values Target=a***n Data={"Claims":{},"Profile":"default"} Outcome=Success
TID: [-1234] [2026-04-22 11:04:55,765]  INFO {AUDIT_LOG} - Initiator=w**************r Action=Get-User-Claim-Values Target=a***n Data={"Claims":{},"Profile":"default"} Outcome=Success
TID: [-1234] [2026-04-22 11:04:55,766]  INFO {AUDIT_LOG} - Initiator=w**************r Action=Get-User-Claim-Values Target=a***n Data={"Claims":{},"Profile":"default"} Outcome=Success
TID: [-1234] [2026-04-22 11:04:55,774]  INFO {AUDIT_LOG} - Initiator=w**************r Action=Get-User-Claim-Values Target=a***n Data={"Claims":{},"Profile":"default"} Outcome=Success
TID: [-1234] [2026-04-22 11:04:55,782]  INFO {AUDIT_LOG} - Initiator=w**************r Action=Get-User-Claim-Values Target=a***n Data={"Claims":{},"Profile":"default"} Outcome=Success
TID: [] [2026-04-22 11:04:55,810]  INFO {AUDIT_LOG} - Initiator=w**************r Action=Get-User-Claim-Values Target=a***n Data={"Claims":{},"Profile":"default"} Outcome=Success
TID: [] [2026-04-22 11:04:55,815]  INFO {AUDIT_LOG} - Initiator=w**************r Action=Get-User-Claim-Values Target=a***n Data={"Claims":{},"Profile":"default"} Outcome=Success
TID: [] [2026-04-22 11:04:55,822]  INFO {AUDIT_LOG} - Initiator=w**************r Action=Get-User-Claim-Values Target=a***n Data={"Claims":{},"Profile":"default"} Outcome=Success
TID: [] [2026-04-22 11:04:55,826]  INFO {AUDIT_LOG} - Initiator=w**************r Action=Get-User-Claim-Values Target=a***n Data={"Claims":{},"Profile":"default"} Outcome=Success
TID: [] [2026-04-22 11:04:55,827]  INFO {AUDIT_LOG} - Initiator=w**************r Action=Get-User-Claim-Values Target=a***n Data={"Claims":{},"Profile":"default"} Outcome=Success
TID: [] [2026-04-22 11:04:55,828]  INFO {AUDIT_LOG} - Initiator=w**************r Action=Get-User-Claim-Values Target=a***n Data={"Claims":{},"Profile":"default"} Outcome=Success
TID: [] [2026-04-22 11:04:55,830]  INFO {AUDIT_LOG} - Initiator=w**************r Action=Get-User-Claim-Values Target=a***n Data={"Claims":{},"Profile":"default"} Outcome=Success
TID: [] [2026-04-22 11:04:55,836]  INFO {AUDIT_LOG} - Initiator=w**************r Action=Get-User-Claim-Values Target=a***n Data={"Claims":{},"Profile":"default"} Outcome=Success
TID: [] [2026-04-22 11:04:55,843]  INFO {AUDIT_LOG} - Initiator=w**************r Action=Get-User-Claim-Values Target=a***n Data={"Claims":{},"Profile":"default"} Outcome=Success
TID: [-1234] [2026-04-22 11:04:55,867]  INFO {AUDIT_LOG} - Initiator=w**************r Action=Get-User-Claim-Values Target=a***n Data={"Claims":{},"Profile":"default"} Outcome=Success
TID: [-1234] [2026-04-22 11:04:55,873]  INFO {AUDIT_LOG} - Initiator=w**************r Action=Get-User-Claim-Values Target=a***n Data={"Claims":{},"Profile":"default"} Outcome=Success
TID: [-1234] [2026-04-22 11:04:55,874]  INFO {AUDIT_LOG} - Initiator=w**************r Action=Get-User-Claim-Values Target=a***n Data={"Claims":{},"Profile":"default"} Outcome=Success
TID: [] [2026-04-22 11:04:55,958]  INFO {AUDIT_LOG} - Initiator=w**************r Action=Get-User-Claim-Values Target=a***n Data={"Claims":{},"Profile":"default"} Outcome=Success
TID: [] [2026-04-22 11:04:55,960]  INFO {AUDIT_LOG} - Initiator=w**************r Action=Get-User-Claim-Values Target=a***n Data={"Claims":{},"Profile":"default"} Outcome=Success
TID: [] [2026-04-22 11:04:55,961]  INFO {AUDIT_LOG} - Initiator=w**************r Action=Get-User-Claim-Values Target=a***n Data={"Claims":{},"Profile":"default"} Outcome=Success
TID: [] [2026-04-22 11:04:55,963]  INFO {AUDIT_LOG} - Initiator=w**************r Action=Get-User-Claim-Values Target=a***n Data={"Claims":{},"Profile":"default"} Outcome=Success
TID: [] [2026-04-22 11:04:55,964]  INFO {AUDIT_LOG} - Initiator=w**************r Action=Get-User-Claim-Values Target=a***n Data={"Claims":{},"Profile":"default"} Outcome=Success
TID: [] [2026-04-22 11:04:55,965]  INFO {AUDIT_LOG} - Initiator=w**************r Action=Get-User-Claim-Values Target=a***n Data={"Claims":{},"Profile":"default"} Outcome=Success
TID: [] [2026-04-22 11:04:55,968]  INFO {AUDIT_LOG} - Initiator=w**************r Action=Get-User-Claim-Values Target=a***n Data={"Claims":{},"Profile":"default"} Outcome=Success
TID: [] [2026-04-22 11:04:55,974]  INFO {AUDIT_LOG} - Initiator=w**************r Action=Get-User-Claim-Values Target=a***n Data={"Claims":{},"Profile":"default"} Outcome=Success
TID: [] [2026-04-22 11:04:55,975]  INFO {AUDIT_LOG} - Initiator=w**************r Action=Get-User-Claim-Values Target=a***n Data={"Claims":{},"Profile":"default"} Outcome=Success
TID: [] [2026-04-22 11:04:55,978]  INFO {AUDIT_LOG} - Initiator=w**************r Action=Get-User-Claim-Values Target=a***n Data={"Claims":{},"Profile":"default"} Outcome=Success
TID: [] [2026-04-22 11:04:55,979]  INFO {AUDIT_LOG} - Initiator=w**************r Action=Get-User-Claim-Values Target=a***n Data={"Claims":{},"Profile":"default"} Outcome=Success
TID: [] [2026-04-22 11:04:55,979]  INFO {AUDIT_LOG} - Initiator=w**************r Action=Get-User-Claim-Values Target=a***n Data={"Claims":{},"Profile":"default"} Outcome=Success
TID: [] [2026-04-22 11:04:56,051]  INFO {AUDIT_LOG} - Initiator=w**************r Action=Get-User-Claim-Values Target=a***n Data={"Claims":{},"Profile":"default"} Outcome=Success
TID: [] [2026-04-22 11:04:56,061]  INFO {AUDIT_LOG} - Initiator=w**************r Action=Get-User-Claim-Values Target=a***n Data={"Claims":{},"Profile":"default"} Outcome=Success
TID: [] [2026-04-22 11:04:56,066]  INFO {AUDIT_LOG} - Initiator=w**************r Action=Get-User-Claim-Values Target=a***n Data={"Claims":{},"Profile":"default"} Outcome=Success
TID: [] [2026-04-22 11:04:56,066]  INFO {AUDIT_LOG} - Initiator=w**************r Action=Get-User-Claim-Values Target=a***n Data={"Claims":{},"Profile":"default"} Outcome=Success
TID: [] [2026-04-22 11:04:56,066]  INFO {AUDIT_LOG} - Initiator=w**************r Action=Get-User-Claim-Values Target=a***n Data={"Claims":{},"Profile":"default"} Outcome=Success
TID: [] [2026-04-22 11:04:56,075]  INFO {AUDIT_LOG} - Initiator=w**************r Action=Get-User-Claim-Values Target=a***n Data={"Claims":{},"Profile":"default"} Outcome=Success
TID: [] [2026-04-22 11:04:56,076]  INFO {AUDIT_LOG} - Initiator=w**************r Action=Get-User-Claim-Values Target=a***n Data={"Claims":{},"Profile":"default"} Outcome=Success
TID: [] [2026-04-22 11:04:56,083]  INFO {AUDIT_LOG} - Initiator=w**************r Action=Get-User-Claim-Values Target=a***n Data={"Claims":{},"Profile":"default"} Outcome=Success
TID: [] [2026-04-22 11:04:56,084]  INFO {AUDIT_LOG} - Initiator=w**************r Action=Get-User-Claim-Values Target=a***n Data={"Claims":{},"Profile":"default"} Outcome=Success
TID: [] [2026-04-22 11:04:56,438]  INFO {AUDIT_LOG} - Initiator=w**************r Action=Get-User-Claim-Values Target=a***n Data={"Claims":{},"Profile":"default"} Outcome=Success
TID: [] [2026-04-22 11:04:56,440]  INFO {AUDIT_LOG} - Initiator=w**************r Action=Get-User-Claim-Values Target=a***n Data={"Claims":{},"Profile":"default"} Outcome=Success
TID: [] [2026-04-22 11:04:56,441]  INFO {AUDIT_LOG} - Initiator=w**************r Action=Get-User-Claim-Values Target=a***n Data={"Claims":{},"Profile":"default"} Outcome=Success
TID: [] [2026-04-22 11:04:56,442]  INFO {AUDIT_LOG} - Initiator=w**************r Action=Get-User-Claim-Values Target=a***n Data={"Claims":{},"Profile":"default"} Outcome=Success
TID: [] [2026-04-22 11:04:56,442]  INFO {AUDIT_LOG} - Initiator=w**************r Action=Get-User-Claim-Values Target=a***n Data={"Claims":{},"Profile":"default"} Outcome=Success
TID: [] [2026-04-22 11:04:56,444]  INFO {AUDIT_LOG} - Initiator=w**************r Action=Get-User-Claim-Values Target=a***n Data={"Claims":{},"Profile":"default"} Outcome=Success
TID: [] [2026-04-22 11:04:56,445]  INFO {AUDIT_LOG} - Initiator=w**************r Action=Get-User-Claim-Values Target=a***n Data={"Claims":{},"Profile":"default"} Outcome=Success
TID: [] [2026-04-22 11:04:56,463]  INFO {AUDIT_LOG} - Initiator=w**************r Action=Get-User-Claim-Values Target=a***n Data={"Claims":{},"Profile":"default"} Outcome=Success
TID: [] [2026-04-22 11:04:56,467]  INFO {AUDIT_LOG} - Initiator=w**************r Action=Get-User-Claim-Values Target=a***n Data={"Claims":{},"Profile":"default"} Outcome=Success
TID: [] [2026-04-22 11:04:56,468]  INFO {AUDIT_LOG} - Initiator=w**************r Action=Get-User-Claim-Values Target=a***n Data={"Claims":{},"Profile":"default"} Outcome=Success
TID: [] [2026-04-22 11:04:56,482]  INFO {AUDIT_LOG} - Initiator=w**************r Action=Get-User-Claim-Values Target=a***n Data={"Claims":{},"Profile":"default"} Outcome=Success
TID: [] [2026-04-22 11:04:56,491]  INFO {AUDIT_LOG} - Initiator=w**************r Action=Get-User-Claim-Values Target=a***n Data={"Claims":{},"Profile":"default"} Outcome=Success
TID: [-1234] [2026-04-22 11:04:56,521]  INFO {AUDIT_LOG} - Initiator=w**************r Action=Get-User-Claim-Values Target=a***n Data={"Claims":{},"Profile":"default"} Outcome=Success
TID: [-1234] [2026-04-22 11:04:56,523]  INFO {AUDIT_LOG} - Initiator=w**************r Action=Get-User-Claim-Values Target=a***n Data={"Claims":{},"Profile":"default"} Outcome=Success
TID: [-1234] [2026-04-22 11:04:56,524]  INFO {AUDIT_LOG} - Initiator=w**************r Action=Get-User-Claim-Values Target=a***n Data={"Claims":{},"Profile":"default"} Outcome=Success
TID: [-1234] [2026-04-22 11:04:56,524]  INFO {AUDIT_LOG} - Initiator=w**************r Action=Get-User-Claim-Values Target=a***n Data={"Claims":{},"Profile":"default"} Outcome=Success
TID: [] [2026-04-22 11:04:56,526]  INFO {AUDIT_LOG} - Initiator=w**************r Action=Get-User-Claim-Values Target=a***n Data={"Claims":{},"Profile":"default"} Outcome=Success
TID: [] [2026-04-22 11:04:56,529]  INFO {AUDIT_LOG} - Initiator=w**************r Action=Get-User-Claim-Values Target=a***n Data={"Claims":{},"Profile":"default"} Outcome=Success
TID: [-1234] [2026-04-22 11:04:56,530]  INFO {AUDIT_LOG} - Initiator=w**************r Action=Get-User-Claim-Values Target=a***n Data={"Claims":{},"Profile":"default"} Outcome=Success
TID: [] [2026-04-22 11:04:56,532]  INFO {AUDIT_LOG} - Initiator=w**************r Action=Get-User-Claim-Values Target=a***n Data={"Claims":{},"Profile":"default"} Outcome=Success
TID: [-1234] [2026-04-22 11:04:56,536]  INFO {AUDIT_LOG} - Initiator=w**************r Action=Get-User-Claim-Values Target=a***n Data={"Claims":{},"Profile":"default"} Outcome=Success
TID: [-1234] [2026-04-22 11:04:56,537]  INFO {AUDIT_LOG} - Initiator=w**************r Action=Get-User-Claim-Values Target=a***n Data={"Claims":{},"Profile":"default"} Outcome=Success
TID: [-1234] [2026-04-22 11:04:56,537]  INFO {AUDIT_LOG} - Initiator=w**************r Action=Get-User-Claim-Values Target=a***n Data={"Claims":{},"Profile":"default"} Outcome=Success
TID: [-1234] [2026-04-22 11:04:56,538]  INFO {AUDIT_LOG} - Initiator=w**************r Action=Get-User-Claim-Values Target=a***n Data={"Claims":{},"Profile":"default"} Outcome=Success
TID: [] [2026-04-22 11:04:56,547]  INFO {AUDIT_LOG} - Initiator=w**************r Action=Get-User-Claim-Values Target=a***n Data={"Claims":{},"Profile":"default"} Outcome=Success
TID: [] [2026-04-22 11:04:56,556]  INFO {AUDIT_LOG} - Initiator=w**************r Action=Get-User-Claim-Values Target=a***n Data={"Claims":{},"Profile":"default"} Outcome=Success
TID: [] [2026-04-22 11:04:56,556]  INFO {AUDIT_LOG} - Initiator=w**************r Action=Get-User-Claim-Values Target=a***n Data={"Claims":{},"Profile":"default"} Outcome=Success
TID: [] [2026-04-22 11:04:56,567]  INFO {AUDIT_LOG} - Initiator=w**************r Action=Get-User-Claim-Values Target=a***n Data={"Claims":{},"Profile":"default"} Outcome=Success
TID: [] [2026-04-22 11:04:56,569]  INFO {AUDIT_LOG} - Initiator=w**************r Action=Get-User-Claim-Values Target=a***n Data={"Claims":{},"Profile":"default"} Outcome=Success
TID: [] [2026-04-22 11:04:56,570]  INFO {AUDIT_LOG} - Initiator=w**************r Action=Get-User-Claim-Values Target=a***n Data={"Claims":{},"Profile":"default"} Outcome=Success
TID: [] [2026-04-22 11:04:56,573]  INFO {AUDIT_LOG} - Initiator=w**************r Action=Get-User-Claim-Values Target=a***n Data={"Claims":{},"Profile":"default"} Outcome=Success
TID: [] [2026-04-22 11:04:56,574]  INFO {AUDIT_LOG} - Initiator=w**************r Action=Get-User-Claim-Values Target=a***n Data={"Claims":{},"Profile":"default"} Outcome=Success
TID: [] [2026-04-22 11:04:56,574]  INFO {AUDIT_LOG} - Initiator=w**************r Action=Get-User-Claim-Values Target=a***n Data={"Claims":{},"Profile":"default"} Outcome=Success
TID: [] [2026-04-22 11:04:56,575]  INFO {AUDIT_LOG} - Initiator=w**************r Action=Get-User-Claim-Values Target=a***n Data={"Claims":{},"Profile":"default"} Outcome=Success
TID: [] [2026-04-22 11:04:56,578]  INFO {AUDIT_LOG} - Initiator=w**************r Action=Get-User-Claim-Values Target=a***n Data={"Claims":{},"Profile":"default"} Outcome=Success
TID: [] [2026-04-22 11:04:56,579]  INFO {AUDIT_LOG} - Initiator=w**************r Action=Get-User-Claim-Values Target=a***n Data={"Claims":{},"Profile":"default"} Outcome=Success
TID: [] [2026-04-22 11:04:56,706]  INFO {AUDIT_LOG} - Initiator=w**************r Action=Get-User-Claim-Values Target=a***n Data={"Claims":{},"Profile":"default"} Outcome=Success
TID: [] [2026-04-22 11:04:56,708]  INFO {AUDIT_LOG} - Initiator=w**************r Action=Get-User-Claim-Values Target=a***n Data={"Claims":{},"Profile":"default"} Outcome=Success
TID: [] [2026-04-22 11:04:56,708]  INFO {AUDIT_LOG} - Initiator=w**************r Action=Get-User-Claim-Values Target=a***n Data={"Claims":{},"Profile":"default"} Outcome=Success
TID: [] [2026-04-22 11:04:56,927]  INFO {AUDIT_LOG} - Initiator=w**************r Action=Get-Roles-of-User Target=a***n Data={"Filter":"*","Roles":["Internal/subscriber","Internal/creator","Internal/publisher","Internal/everyone","Internal/devops","admin","Internal/analytics","Internal/observer","Internal/integration_dev"]} Outcome=Success
TID: [] [2026-04-22 11:04:57,212]  INFO {AUDIT_LOG} - Initiator=w**************r Action=Get-User-Claim-Values Target=a***n Data={"Claims":{},"Profile":"default"} Outcome=Success
TID: [] [2026-04-22 11:04:57,220]  INFO {AUDIT_LOG} - Initiator=w**************r Action=Get-User-Claim-Values Target=a***n Data={"Claims":{},"Profile":"default"} Outcome=Success
TID: [] [2026-04-22 11:04:57,221]  INFO {AUDIT_LOG} - Initiator=w**************r Action=Get-User-Claim-Values Target=a***n Data={"Claims":{},"Profile":"default"} Outcome=Success
TID: [-1234] [2026-04-22 11:04:58,063]  INFO {AUDIT_LOG} - Initiator=w**************r Action=Get-User-Claim-Values Target=a***n Data={"Claims":{},"Profile":"default"} Outcome=Success
TID: [-1234] [2026-04-22 11:04:58,065]  INFO {AUDIT_LOG} - Initiator=w**************r Action=Get-User-Claim-Values Target=a***n Data={"Claims":{},"Profile":"default"} Outcome=Success
TID: [-1234] [2026-04-22 11:04:58,066]  INFO {AUDIT_LOG} - Initiator=w**************r Action=Get-User-Claim-Values Target=a***n Data={"Claims":{},"Profile":"default"} Outcome=Success
TID: [-1234] [2026-04-22 11:04:58,309]  INFO {AUDIT_LOG} - Initiator=w**************r Action=Get-User-Claim-Values Target=a***n Data={"Claims":{},"Profile":"default"} Outcome=Success
TID: [-1234] [2026-04-22 11:04:58,313]  INFO {AUDIT_LOG} - Initiator=w**************r Action=Get-User-Claim-Values Target=a***n Data={"Claims":{},"Profile":"default"} Outcome=Success
TID: [-1234] [2026-04-22 11:04:58,321]  INFO {AUDIT_LOG} - Initiator=w**************r Action=Get-User-Claim-Values Target=a***n Data={"Claims":{},"Profile":"default"} Outcome=Success
TID: [-1234] [2026-04-22 11:04:58,346]  INFO {AUDIT_LOG} - Initiator=w**************r Action=Get-User-Claim-Values Target=a***n Data={"Claims":{},"Profile":"default"} Outcome=Success
TID: [-1234] [2026-04-22 11:04:58,349]  INFO {AUDIT_LOG} - Initiator=w**************r Action=Get-User-Claim-Values Target=a***n Data={"Claims":{},"Profile":"default"} Outcome=Success
TID: [-1234] [2026-04-22 11:04:58,350]  INFO {AUDIT_LOG} - Initiator=w**************r Action=Get-User-Claim-Values Target=a***n Data={"Claims":{},"Profile":"default"} Outcome=Success
TID: [-1234] [2026-04-22 11:04:58,412]  INFO {AUDIT_LOG} - Initiator=w**************r Action=Get-User-Claim-Values Target=a***n Data={"Claims":{},"Profile":"default"} Outcome=Success
TID: [-1234] [2026-04-22 11:04:58,423]  INFO {AUDIT_LOG} - Initiator=w**************r Action=Get-User-Claim-Values Target=a***n Data={"Claims":{},"Profile":"default"} Outcome=Success
TID: [-1234] [2026-04-22 11:04:58,426]  INFO {AUDIT_LOG} - Initiator=w**************r Action=Get-User-Claim-Values Target=a***n Data={"Claims":{},"Profile":"default"} Outcome=Success
TID: [-1234] [2026-04-22 11:04:58,496]  INFO {AUDIT_LOG} - Initiator=w**************r Action=Get-User-Claim-Values Target=a***n Data={"Claims":{},"Profile":"default"} Outcome=Success
TID: [-1234] [2026-04-22 11:04:58,514]  INFO {AUDIT_LOG} - Initiator=w**************r Action=Get-User-Claim-Values Target=a***n Data={"Claims":{},"Profile":"default"} Outcome=Success
TID: [-1234] [2026-04-22 11:04:58,515]  INFO {AUDIT_LOG} - Initiator=w**************r Action=Get-User-Claim-Values Target=a***n Data={"Claims":{},"Profile":"default"} Outcome=Success
TID: [] [2026-04-22 11:05:01,261]  INFO {AUDIT_LOG} - {"performedBy":"SYSTEM: carbon.super","action":"deployed","type":"API","info":"33e20533-49b7-484b-9f1c-53ce37b356c7"}
TID: [-1234] [2026-04-22 11:05:46,936]  INFO {AUDIT_LOG} - Initiator=w**************r Action=Get-User-Claim-Values Target=a***n Data={"Claims":{},"Profile":"default"} Outcome=Success
TID: [-1234] [2026-04-22 11:05:46,970]  INFO {AUDIT_LOG} - Initiator=w**************r Action=Get-User-Claim-Values Target=a***n Data={"ServiceProviderName":"apim_publisher","Claims":{"http://wso2.org/claims/username":"a***n","http://wso2.org/claims/userid":"f270c18c-7828-4268-bb47-13b133288e7e","http://wso2.org/claims/role":"I***********************************************************************************************************************************************************v","http://wso2.org/claims/userprincipal":"a***n"}} Outcome=Success
TID: [-1234] [2026-04-22 11:05:47,401]  INFO {AUDIT_LOG} - Initiator : f270c18c-7828-4268-bb47-13b133288e7e | Action : UpdateSession | Data : { {"traceId":"a51b0f40-7d4e-42b3-b1c5-0ff0edbdff73","RememberMe":true,"sessionContextId":"a0dad3d2df08316661c509605c24a92f57c3375754de553da276a537845aea0c","AuthenticatedUserTenantDomain":"carbon.super","AuthenticatedUser":"a***n","LastAccessedTimestamp":1776837947055} } | Result : Success 
TID: [-1234] [2026-04-22 11:05:47,445]  INFO {AUDIT_LOG} - Initiator : f270c18c-7828-4268-bb47-13b133288e7e | Action : Login | Target : ApplicationAuthenticationFramework | Data : { "ContextIdentifier" : "3c6fccd1-433c-4623-a746-c08e38768e30","AuthenticatedUser" : "a***n","AuthenticatedUserTenantDomain" : "carbon.super","ServiceProviderName" : "apim_publisher","RequestType" : "oidc","RelyingParty" : "_N628OCqcOo0EIJGkSbcVjffJ4Ma","AuthenticatedIdPs" : "eyJ0eXAiOiJKV1QiLCJhbGciOiJIUzI1NiJ9.eyJpc3MiOiJ3c28yIiwiZXhwIjoxNzc2ODM3OTQ5OTQ5LCJpYXQiOjE3NzY4Mzc5NDY5NDksImlkcHMiOlt7ImlkcCI6IkxPQ0FMIiwiYXV0aGVudGljYXRvciI6IkJhc2ljQXV0aGVudGljYXRvciJ9XX0.Lw6eA4rOBm0S0mh_d3yk_VFmDs9ImsdSmna_y2sukRA","User Agent" : "null","RemoteAddress" : "null","UserStoreDomain" : "PRIMARY" } | Result : Success 
TID: [-1234] [2026-04-22 11:05:50,114]  INFO {AUDIT_LOG} - Initiator=w**************r Action=Get-User-List Target=null Data={"Claim Value":"a***n","Users":["a***n"],"Claim":"http://wso2.org/claims/username"} Outcome=Success
TID: [-1234] [2026-04-22 11:05:50,123]  INFO {AUDIT_LOG} - Initiator=w**************r Action=Get-User-Claim-Values Target=a***n Data={"Claims":{},"Profile":"default"} Outcome=Success
TID: [-1234] [2026-04-22 11:05:50,124]  INFO {AUDIT_LOG} - Initiator=w**************r Action=Get-User-Claim-Values Target=a***n Data={"Claims":{},"Profile":"default"} Outcome=Success
TID: [-1234] [2026-04-22 11:05:50,125]  INFO {AUDIT_LOG} - Initiator=w**************r Action=Get-User-Claim-Values Target=a***n Data={"Claims":{},"Profile":"default"} Outcome=Success
TID: [-1234] [2026-04-22 11:05:51,070]  INFO {AUDIT_LOG} - Initiator=w**************r Action=Get-User-Claim-Values Target=a***n Data={"Claims":{},"Profile":"default"} Outcome=Success
TID: [-1234] [2026-04-22 11:05:51,090]  INFO {AUDIT_LOG} - Initiator=w**************r Action=Get-User-Claim-Values Target=a***n Data={"ServiceProviderName":"apim_admin_portal","Claims":{"http://wso2.org/claims/username":"a***n","http://wso2.org/claims/userid":"f270c18c-7828-4268-bb47-13b133288e7e","http://wso2.org/claims/role":"I***********************************************************************************************************************************************************v","http://wso2.org/claims/userprincipal":"a***n"}} Outcome=Success
TID: [-1234] [2026-04-22 11:05:51,143]  INFO {AUDIT_LOG} - Initiator : f270c18c-7828-4268-bb47-13b133288e7e | Action : UpdateSession | Data : { {"traceId":"b0fc2eab-48f0-40bb-b6eb-928a1f1e9ab6","RememberMe":true,"sessionContextId":"a0dad3d2df08316661c509605c24a92f57c3375754de553da276a537845aea0c","AuthenticatedUserTenantDomain":"carbon.super","AuthenticatedUser":"a***n","LastAccessedTimestamp":1776837951134} } | Result : Success 
TID: [-1234] [2026-04-22 11:05:51,148]  INFO {AUDIT_LOG} - Initiator : f270c18c-7828-4268-bb47-13b133288e7e | Action : Login | Target : ApplicationAuthenticationFramework | Data : { "ContextIdentifier" : "1b5c6f05-9b33-4244-b2fe-186fbfcd88fb","AuthenticatedUser" : "a***n","AuthenticatedUserTenantDomain" : "carbon.super","ServiceProviderName" : "apim_admin_portal","RequestType" : "oidc","RelyingParty" : "V8a32gTN8d3Sqf21N6xbOc7mYuwa","AuthenticatedIdPs" : "eyJ0eXAiOiJKV1QiLCJhbGciOiJIUzI1NiJ9.eyJpc3MiOiJ3c28yIiwiZXhwIjoxNzc2ODM3OTU0MDczLCJpYXQiOjE3NzY4Mzc5NTEwNzMsImlkcHMiOlt7ImlkcCI6IkxPQ0FMIiwiYXV0aGVudGljYXRvciI6IkJhc2ljQXV0aGVudGljYXRvciJ9XX0.IBbKxFtf9nifdjacGcCdbZBRFDIfSnPN0B81Rnjo80U","User Agent" : "null","RemoteAddress" : "null","UserStoreDomain" : "PRIMARY" } | Result : Success 
TID: [-1234] [2026-04-22 11:05:52,358]  INFO {AUDIT_LOG} - Initiator=w**************r Action=Get-User-List Target=null Data={"Claim Value":"a***n","Users":["a***n"],"Claim":"http://wso2.org/claims/username"} Outcome=Success
TID: [-1234] [2026-04-22 11:05:52,370]  INFO {AUDIT_LOG} - Initiator=w**************r Action=Get-User-Claim-Values Target=a***n Data={"Claims":{},"Profile":"default"} Outcome=Success
TID: [-1234] [2026-04-22 11:05:52,374]  INFO {AUDIT_LOG} - Initiator=w**************r Action=Get-User-Claim-Values Target=a***n Data={"Claims":{},"Profile":"default"} Outcome=Success
TID: [-1234] [2026-04-22 11:05:52,376]  INFO {AUDIT_LOG} - Initiator=w**************r Action=Get-User-Claim-Values Target=a***n Data={"Claims":{},"Profile":"default"} Outcome=Success
TID: [-1234] [2026-04-22 11:05:55,705]  INFO {AUDIT_LOG} - Initiator=w**************r Action=Get-User-Claim-Value Target=a***n Data={"Claim":"http://wso2.org/claims/organization"} Outcome=Success
TID: [-1234] [2026-04-22 11:05:55,706]  INFO {AUDIT_LOG} - Initiator=w**************r Action=Get-User-Claim-Value Target=a***n Data={"Claim":"http://wso2.org/claims/organization"} Outcome=Success
TID: [-1234] [2026-04-22 11:05:56,457]  INFO {AUDIT_LOG} - GET /api/am/admin/settings user: admin@carbon.super app: V8a32gTN8d3Sqf21N6xbOc7mYuwa
TID: [-1234] [2026-04-22 11:05:56,469]  INFO {AUDIT_LOG} - GET /api/am/admin/tenant-info/YWRtaW5AY2FyYm9uLnN1cGVy user: admin@carbon.super app: V8a32gTN8d3Sqf21N6xbOc7mYuwa
TID: [-1234] [2026-04-22 11:05:57,002]  INFO {AUDIT_LOG} - GET /api/am/admin/environments user: admin@carbon.super app: V8a32gTN8d3Sqf21N6xbOc7mYuwa
TID: [-1234] [2026-04-22 11:05:58,350]  INFO {AUDIT_LOG} - Initiator=w**************r Action=Get-User-Claim-Value Target=a***n Data={"Claim":"http://wso2.org/claims/organization"} Outcome=Success
TID: [-1234] [2026-04-22 11:05:58,356]  INFO {AUDIT_LOG} - Initiator=w**************r Action=Get-User-Claim-Value Target=a***n Data={"Claim":"http://wso2.org/claims/organization"} Outcome=Success
TID: [-1234] [2026-04-22 11:05:59,230]  INFO {AUDIT_LOG} - GET /api/am/publisher/tenants?state=active user: admin@carbon.super app: _N628OCqcOo0EIJGkSbcVjffJ4Ma
TID: [-1234] [2026-04-22 11:05:59,465]  INFO {AUDIT_LOG} - GET /api/am/publisher/settings user: admin@carbon.super app: _N628OCqcOo0EIJGkSbcVjffJ4Ma
TID: [-1234] [2026-04-22 11:05:59,629]  INFO {AUDIT_LOG} - GET /api/am/publisher/apis/33e20533-49b7-484b-9f1c-53ce37b356c7 user: admin@carbon.super app: _N628OCqcOo0EIJGkSbcVjffJ4Ma
TID: [-1234] [2026-04-22 11:06:00,805]  INFO {AUDIT_LOG} - GET /api/am/publisher/apis/33e20533-49b7-484b-9f1c-53ce37b356c7/revisions user: admin@carbon.super app: _N628OCqcOo0EIJGkSbcVjffJ4Ma
TID: [-1234] [2026-04-22 11:06:00,816]  INFO {AUDIT_LOG} - GET /api/am/publisher/apis/33e20533-49b7-484b-9f1c-53ce37b356c7/revisions?query=deployed%3Atrue user: admin@carbon.super app: _N628OCqcOo0EIJGkSbcVjffJ4Ma
TID: [-1234] [2026-04-22 11:06:01,603]  INFO {AUDIT_LOG} - GET /api/am/publisher/me/organization-information user: admin@carbon.super app: _N628OCqcOo0EIJGkSbcVjffJ4Ma
TID: [-1234] [2026-04-22 11:06:01,605]  INFO {AUDIT_LOG} - GET /api/am/publisher/apis/33e20533-49b7-484b-9f1c-53ce37b356c7/swagger user: admin@carbon.super app: _N628OCqcOo0EIJGkSbcVjffJ4Ma
TID: [-1234] [2026-04-22 11:06:01,609]  INFO {AUDIT_LOG} - GET /api/am/publisher/apis/33e20533-49b7-484b-9f1c-53ce37b356c7/revisions?query=deployed%3Atrue user: admin@carbon.super app: _N628OCqcOo0EIJGkSbcVjffJ4Ma
TID: [-1234] [2026-04-22 11:06:01,640]  INFO {AUDIT_LOG} - GET /api/am/publisher/apis/33e20533-49b7-484b-9f1c-53ce37b356c7/revisions?query=deployed%3Atrue user: admin@carbon.super app: _N628OCqcOo0EIJGkSbcVjffJ4Ma
TID: [-1234] [2026-04-22 11:06:01,726]  INFO {AUDIT_LOG} - GET /api/am/publisher/apis/33e20533-49b7-484b-9f1c-53ce37b356c7/swagger user: admin@carbon.super app: _N628OCqcOo0EIJGkSbcVjffJ4Ma
TID: [-1234] [2026-04-22 11:06:02,230]  INFO {AUDIT_LOG} - GET /api/am/publisher/apis/33e20533-49b7-484b-9f1c-53ce37b356c7/swagger user: admin@carbon.super app: _N628OCqcOo0EIJGkSbcVjffJ4Ma
TID: [-1234] [2026-04-22 11:06:02,243]  INFO {AUDIT_LOG} - GET /api/am/publisher/apis/33e20533-49b7-484b-9f1c-53ce37b356c7/revisions?query=deployed%3Atrue user: admin@carbon.super app: _N628OCqcOo0EIJGkSbcVjffJ4Ma
TID: [-1234] [2026-04-22 11:06:05,105]  INFO {AUDIT_LOG} - GET /api/am/publisher/apis/33e20533-49b7-484b-9f1c-53ce37b356c7/deployments user: admin@carbon.super app: _N628OCqcOo0EIJGkSbcVjffJ4Ma
TID: [-1234] [2026-04-22 11:06:05,119]  INFO {AUDIT_LOG} - GET /api/am/publisher/apis/33e20533-49b7-484b-9f1c-53ce37b356c7/swagger user: admin@carbon.super app: _N628OCqcOo0EIJGkSbcVjffJ4Ma
TID: [-1234] [2026-04-22 11:06:05,192]  INFO {AUDIT_LOG} - POST /api/am/publisher/apis/33e20533-49b7-484b-9f1c-53ce37b356c7/generate-key user: admin@carbon.super app: _N628OCqcOo0EIJGkSbcVjffJ4Ma
TID: [-1234] [2026-04-22 11:06:49,788]  INFO {AUDIT_LOG} - Initiator=w**************r Action=Get-User-Claim-Values Target=a***n Data={"Claims":{},"Profile":"default"} Outcome=Success
TID: [-1234] [2026-04-22 11:06:49,792]  INFO {AUDIT_LOG} - Initiator=w**************r Action=Get-User-Claim-Values Target=a***n Data={"ServiceProviderName":"apim_devportal","Claims":{"http://wso2.org/claims/username":"a***n","http://wso2.org/claims/userid":"f270c18c-7828-4268-bb47-13b133288e7e","http://wso2.org/claims/role":"I***********************************************************************************************************************************************************v","http://wso2.org/claims/userprincipal":"a***n"}} Outcome=Success
TID: [-1234] [2026-04-22 11:06:49,800]  INFO {AUDIT_LOG} - Initiator : f270c18c-7828-4268-bb47-13b133288e7e | Action : UpdateSession | Data : { {"traceId":"618e4408-ab04-45e5-bfb2-639cee32a4a7","RememberMe":true,"sessionContextId":"a0dad3d2df08316661c509605c24a92f57c3375754de553da276a537845aea0c","AuthenticatedUserTenantDomain":"carbon.super","AuthenticatedUser":"a***n","LastAccessedTimestamp":1776838009795} } | Result : Success 
TID: [-1234] [2026-04-22 11:06:49,801]  INFO {AUDIT_LOG} - Initiator : f270c18c-7828-4268-bb47-13b133288e7e | Action : Login | Target : ApplicationAuthenticationFramework | Data : { "ContextIdentifier" : "b49518a2-8aa5-4aa7-859a-374d7c92e0d1","AuthenticatedUser" : "a***n","AuthenticatedUserTenantDomain" : "carbon.super","ServiceProviderName" : "apim_devportal","RequestType" : "oidc","RelyingParty" : "4mql53WDQwfps4ky7qrJCa6PHRIa","AuthenticatedIdPs" : "eyJ0eXAiOiJKV1QiLCJhbGciOiJIUzI1NiJ9.eyJpc3MiOiJ3c28yIiwiZXhwIjoxNzc2ODM4MDEyNzg5LCJpYXQiOjE3NzY4MzgwMDk3ODksImlkcHMiOlt7ImlkcCI6IkxPQ0FMIiwiYXV0aGVudGljYXRvciI6IkJhc2ljQXV0aGVudGljYXRvciJ9XX0.XV-HnZrqFPBv42lVmbeoh-GylQeDG4Cnhji-Z5YTKUY","User Agent" : "null","RemoteAddress" : "null","UserStoreDomain" : "PRIMARY" } | Result : Success 
TID: [-1234] [2026-04-22 11:06:51,342]  INFO {AUDIT_LOG} - Initiator=w**************r Action=Get-User-List Target=null Data={"Claim Value":"a***n","Users":["a***n"],"Claim":"http://wso2.org/claims/username"} Outcome=Success
TID: [-1234] [2026-04-22 11:06:51,348]  INFO {AUDIT_LOG} - Initiator=w**************r Action=Get-User-Claim-Values Target=a***n Data={"Claims":{},"Profile":"default"} Outcome=Success
TID: [-1234] [2026-04-22 11:06:51,350]  INFO {AUDIT_LOG} - Initiator=w**************r Action=Get-User-Claim-Values Target=a***n Data={"Claims":{},"Profile":"default"} Outcome=Success
TID: [-1234] [2026-04-22 11:06:51,350]  INFO {AUDIT_LOG} - Initiator=w**************r Action=Get-User-Claim-Values Target=a***n Data={"Claims":{},"Profile":"default"} Outcome=Success
TID: [-1234] [2026-04-22 11:06:51,393]  INFO {AUDIT_LOG} - Initiator=w**************r Action=Get-User-Claim-Value Target=a***n Data={"Claim":"http://wso2.org/claims/organization"} Outcome=Success
TID: [-1234] [2026-04-22 11:06:51,855]  INFO {AUDIT_LOG} - GET /api/am/devportal/settings user: admin@carbon.super app: 4mql53WDQwfps4ky7qrJCa6PHRIa
TID: [-1234] [2026-04-22 11:06:51,879]  INFO {AUDIT_LOG} - GET /api/am/devportal/me/organization-information user: admin@carbon.super app: 4mql53WDQwfps4ky7qrJCa6PHRIa
TID: [-1234] [2026-04-22 11:06:52,078]  INFO {AUDIT_LOG} - GET /api/am/devportal/applications?sortBy=name&sortOrder=asc&limit=10&offset=0 user: admin@carbon.super app: 4mql53WDQwfps4ky7qrJCa6PHRIa
TID: [-1234] [2026-04-22 11:06:53,043]  INFO {AUDIT_LOG} - GET /api/am/devportal/api-categories user: admin@carbon.super app: 4mql53WDQwfps4ky7qrJCa6PHRIa
TID: [-1234] [2026-04-22 11:06:53,044]  INFO {AUDIT_LOG} - GET /api/am/devportal/apis?limit=10&offset=0 user: admin@carbon.super app: 4mql53WDQwfps4ky7qrJCa6PHRIa
TID: [-1234] [2026-04-22 11:06:53,045]  INFO {AUDIT_LOG} - GET /api/am/devportal/tags?limit=-1 user: admin@carbon.super app: 4mql53WDQwfps4ky7qrJCa6PHRIa
TID: [-1234] [2026-04-22 11:06:53,557]  INFO {AUDIT_LOG} - GET /api/am/devportal/apis/33e20533-49b7-484b-9f1c-53ce37b356c7/ratings user: admin@carbon.super app: 4mql53WDQwfps4ky7qrJCa6PHRIa
TID: [-1234] [2026-04-22 11:06:53,564]  INFO {AUDIT_LOG} - GET /api/am/devportal/apis/33e20533-49b7-484b-9f1c-53ce37b356c7/thumbnail user: admin@carbon.super app: 4mql53WDQwfps4ky7qrJCa6PHRIa
TID: [-1234] [2026-04-22 11:06:54,349]  INFO {AUDIT_LOG} - GET /api/am/devportal/apis/33e20533-49b7-484b-9f1c-53ce37b356c7 user: admin@carbon.super app: 4mql53WDQwfps4ky7qrJCa6PHRIa
TID: [-1234] [2026-04-22 11:06:54,363]  INFO {AUDIT_LOG} - GET /api/am/devportal/subscriptions?apiId=33e20533-49b7-484b-9f1c-53ce37b356c7&limit=5000 user: admin@carbon.super app: 4mql53WDQwfps4ky7qrJCa6PHRIa
TID: [-1234] [2026-04-22 11:06:54,365]  INFO {AUDIT_LOG} - GET /api/am/devportal/applications?limit=5000 user: admin@carbon.super app: 4mql53WDQwfps4ky7qrJCa6PHRIa
TID: [-1234] [2026-04-22 11:06:54,376]  INFO {AUDIT_LOG} - GET /api/am/devportal/subscriptions?apiId=33e20533-49b7-484b-9f1c-53ce37b356c7&limit=25 user: admin@carbon.super app: 4mql53WDQwfps4ky7qrJCa6PHRIa
TID: [-1234] [2026-04-22 11:06:54,400]  INFO {AUDIT_LOG} - GET /api/am/devportal/settings user: admin@carbon.super app: 4mql53WDQwfps4ky7qrJCa6PHRIa
TID: [-1234] [2026-04-22 11:06:55,979]  INFO {AUDIT_LOG} - GET /api/am/devportal/apis/33e20533-49b7-484b-9f1c-53ce37b356c7/documents user: admin@carbon.super app: 4mql53WDQwfps4ky7qrJCa6PHRIa
TID: [-1234] [2026-04-22 11:06:55,990]  INFO {AUDIT_LOG} - GET /api/am/devportal/throttling-policies/subscription user: admin@carbon.super app: 4mql53WDQwfps4ky7qrJCa6PHRIa
TID: [-1234] [2026-04-22 11:06:56,040]  INFO {AUDIT_LOG} - GET /api/am/devportal/apis/33e20533-49b7-484b-9f1c-53ce37b356c7/documents user: admin@carbon.super app: 4mql53WDQwfps4ky7qrJCa6PHRIa
TID: [-1234] [2026-04-22 11:06:56,099]  INFO {AUDIT_LOG} - GET /api/am/devportal/throttling-policies/subscription user: admin@carbon.super app: 4mql53WDQwfps4ky7qrJCa6PHRIa
TID: [-1234] [2026-04-22 11:06:56,182]  INFO {AUDIT_LOG} - GET /api/am/devportal/apis/33e20533-49b7-484b-9f1c-53ce37b356c7/ratings user: admin@carbon.super app: 4mql53WDQwfps4ky7qrJCa6PHRIa
TID: [-1234] [2026-04-22 11:06:56,185]  INFO {AUDIT_LOG} - GET /api/am/devportal/apis/33e20533-49b7-484b-9f1c-53ce37b356c7/comments?limit=5&offset=0 user: admin@carbon.super app: 4mql53WDQwfps4ky7qrJCa6PHRIa
TID: [-1234] [2026-04-22 11:06:56,189]  INFO {AUDIT_LOG} - GET /api/am/devportal/apis/33e20533-49b7-484b-9f1c-53ce37b356c7/thumbnail user: admin@carbon.super app: 4mql53WDQwfps4ky7qrJCa6PHRIa
TID: [-1234] [2026-04-22 11:06:57,614]  INFO {AUDIT_LOG} - GET /api/am/devportal/subscriptions?apiId=33e20533-49b7-484b-9f1c-53ce37b356c7&limit=25 user: admin@carbon.super app: 4mql53WDQwfps4ky7qrJCa6PHRIa
TID: [-1234] [2026-04-22 11:06:57,638]  INFO {AUDIT_LOG} - GET /api/am/devportal/subscriptions?apiId=33e20533-49b7-484b-9f1c-53ce37b356c7&limit=5000 user: admin@carbon.super app: 4mql53WDQwfps4ky7qrJCa6PHRIa
TID: [-1234] [2026-04-22 11:06:57,640]  INFO {AUDIT_LOG} - GET /api/am/devportal/apis/33e20533-49b7-484b-9f1c-53ce37b356c7 user: admin@carbon.super app: 4mql53WDQwfps4ky7qrJCa6PHRIa
TID: [-1234] [2026-04-22 11:06:57,648]  INFO {AUDIT_LOG} - GET /api/am/devportal/applications?limit=5000 user: admin@carbon.super app: 4mql53WDQwfps4ky7qrJCa6PHRIa
TID: [-1234] [2026-04-22 11:06:58,728]  INFO {AUDIT_LOG} - GET /api/am/devportal/apis/33e20533-49b7-484b-9f1c-53ce37b356c7 user: admin@carbon.super app: 4mql53WDQwfps4ky7qrJCa6PHRIa
TID: [-1234] [2026-04-22 11:06:58,776]  INFO {AUDIT_LOG} - GET /api/am/devportal/apis/33e20533-49b7-484b-9f1c-53ce37b356c7/swagger?environmentName=Default user: admin@carbon.super app: 4mql53WDQwfps4ky7qrJCa6PHRIa
TID: [-1234] [2026-04-22 11:06:58,831]  INFO {AUDIT_LOG} - GET /api/am/devportal/subscriptions?apiId=33e20533-49b7-484b-9f1c-53ce37b356c7&limit=25 user: admin@carbon.super app: 4mql53WDQwfps4ky7qrJCa6PHRIa
TID: [-1234] [2026-04-22 11:06:59,007]  INFO {AUDIT_LOG} - GET /api/am/devportal/subscriptions?apiId=33e20533-49b7-484b-9f1c-53ce37b356c7&limit=25 user: admin@carbon.super app: 4mql53WDQwfps4ky7qrJCa6PHRIa
TID: [-1234] [2026-04-22 11:06:59,009]  INFO {AUDIT_LOG} - GET /api/am/devportal/key-managers user: admin@carbon.super app: 4mql53WDQwfps4ky7qrJCa6PHRIa
TID: [-1234] [2026-04-22 11:06:59,479]  INFO {AUDIT_LOG} - GET /api/am/devportal/applications/ user: admin@carbon.super app: 4mql53WDQwfps4ky7qrJCa6PHRIa
TID: [-1234] [2026-04-22 11:06:59,824]  INFO {AUDIT_LOG} - GET /api/am/devportal/applications/55d30736-fb35-4c8f-bf8a-632a246ddc8e user: admin@carbon.super app: 4mql53WDQwfps4ky7qrJCa6PHRIa
TID: [-1234] [2026-04-22 11:06:59,883]  INFO {AUDIT_LOG} - GET /api/am/devportal/applications/55d30736-fb35-4c8f-bf8a-632a246ddc8e/oauth-keys user: admin@carbon.super app: 4mql53WDQwfps4ky7qrJCa6PHRIa
TID: [-1234] [2026-04-22 11:07:00,151]  INFO {AUDIT_LOG} - GET /api/am/devportal/applications/55d30736-fb35-4c8f-bf8a-632a246ddc8e user: admin@carbon.super app: 4mql53WDQwfps4ky7qrJCa6PHRIa
TID: [-1234] [2026-04-22 11:07:00,176]  INFO {AUDIT_LOG} - GET /api/am/devportal/applications/55d30736-fb35-4c8f-bf8a-632a246ddc8e/oauth-keys user: admin@carbon.super app: 4mql53WDQwfps4ky7qrJCa6PHRIa
TID: [-1234] [2026-04-22 11:07:03,274]  INFO {AUDIT_LOG} - GET /api/am/devportal/applications/55d30736-fb35-4c8f-bf8a-632a246ddc8e user: admin@carbon.super app: 4mql53WDQwfps4ky7qrJCa6PHRIa
TID: [-1234] [2026-04-22 11:07:03,302]  INFO {AUDIT_LOG} - GET /api/am/devportal/applications/55d30736-fb35-4c8f-bf8a-632a246ddc8e/oauth-keys user: admin@carbon.super app: 4mql53WDQwfps4ky7qrJCa6PHRIa
TID: [-1234] [2026-04-22 11:07:03,460]  INFO {AUDIT_LOG} - POST /api/am/devportal/applications/55d30736-fb35-4c8f-bf8a-632a246ddc8e/oauth-keys/76c52385-f5f4-4281-a5ab-5fb68f4692d7/generate-token user: admin@carbon.super app: 4mql53WDQwfps4ky7qrJCa6PHRIa
TID: [-1234] [2026-04-22 11:07:03,691]  INFO {AUDIT_LOG} - {"performedBy":"admin","action":"updated","type":"Application","info":{"Re-Generated Keys for application with client Id":"4oCZo4OrtiL76uViwBJeeSv2Qr0a"}}
TID: [-1234] [2026-04-22 11:07:03,823]  INFO {AUDIT_LOG} - Initiator=w**************r Action=Get-User-Claim-Values Target=a***n Data={"Claims":{},"Profile":"default"} Outcome=Success
TID: [-1234] [2026-04-22 11:07:03,824]  INFO {AUDIT_LOG} - Initiator=w**************r Action=Get-User-Claim-Values Target=a***n Data={"Claims":{},"Profile":"default"} Outcome=Success
TID: [-1234] [2026-04-22 11:07:03,826]  INFO {AUDIT_LOG} - Initiator=w**************r Action=Get-User-Claim-Values Target=a***n Data={"Claims":{},"Profile":"default"} Outcome=Success
TID: [] [2026-04-22 11:07:04,105]  INFO {AUDIT_LOG} - Initiator=w**************r Action=Get-User-Claim-Values Target=a***n Data={"Claims":{},"Profile":"default"} Outcome=Success
TID: [] [2026-04-22 11:07:04,106]  INFO {AUDIT_LOG} - Initiator=w**************r Action=Get-User-Claim-Values Target=a***n Data={"Claims":{},"Profile":"default"} Outcome=Success
TID: [] [2026-04-22 11:07:04,107]  INFO {AUDIT_LOG} - Initiator=w**************r Action=Get-User-Claim-Values Target=a***n Data={"Claims":{},"Profile":"default"} Outcome=Success
TID: [-1234] [2026-04-22 11:07:06,074]  INFO {AUDIT_LOG} - GET /api/am/devportal/apis/33e20533-49b7-484b-9f1c-53ce37b356c7/swagger?environmentName=gateway-prod user: admin@carbon.super app: 4mql53WDQwfps4ky7qrJCa6PHRIa
TID: [-1234] [2026-04-22 11:07:06,286]  INFO {AUDIT_LOG} - GET /api/am/devportal/applications/55d30736-fb35-4c8f-bf8a-632a246ddc8e user: admin@carbon.super app: 4mql53WDQwfps4ky7qrJCa6PHRIa
TID: [-1234] [2026-04-22 11:07:06,416]  INFO {AUDIT_LOG} - GET /api/am/devportal/applications/55d30736-fb35-4c8f-bf8a-632a246ddc8e/oauth-keys user: admin@carbon.super app: 4mql53WDQwfps4ky7qrJCa6PHRIa
TID: [-1234] [2026-04-22 11:07:22,015]  INFO {AUDIT_LOG} - GET /api/am/devportal/applications/55d30736-fb35-4c8f-bf8a-632a246ddc8e user: admin@carbon.super app: 4mql53WDQwfps4ky7qrJCa6PHRIa
TID: [-1234] [2026-04-22 11:07:22,070]  INFO {AUDIT_LOG} - GET /api/am/devportal/applications/55d30736-fb35-4c8f-bf8a-632a246ddc8e/oauth-keys user: admin@carbon.super app: 4mql53WDQwfps4ky7qrJCa6PHRIa
TID: [-1234] [2026-04-22 11:07:22,111]  INFO {AUDIT_LOG} - POST /api/am/devportal/applications/55d30736-fb35-4c8f-bf8a-632a246ddc8e/oauth-keys/76c52385-f5f4-4281-a5ab-5fb68f4692d7/generate-token user: admin@carbon.super app: 4mql53WDQwfps4ky7qrJCa6PHRIa
TID: [-1234] [2026-04-22 11:07:22,126]  INFO {AUDIT_LOG} - {"performedBy":"admin","action":"updated","type":"Application","info":{"Re-Generated Keys for application with client Id":"4oCZo4OrtiL76uViwBJeeSv2Qr0a"}}
TID: [-1234] [2026-04-22 11:07:22,176]  INFO {AUDIT_LOG} - Initiator=w**************r Action=Get-User-Claim-Values Target=a***n Data={"Claims":{},"Profile":"default"} Outcome=Success
TID: [-1234] [2026-04-22 11:07:22,181]  INFO {AUDIT_LOG} - Initiator=w**************r Action=Get-User-Claim-Values Target=a***n Data={"Claims":{},"Profile":"default"} Outcome=Success
TID: [-1234] [2026-04-22 11:07:22,184]  INFO {AUDIT_LOG} - Initiator=w**************r Action=Get-User-Claim-Values Target=a***n Data={"Claims":{},"Profile":"default"} Outcome=Success
TID: [] [2026-04-22 11:07:22,238]  INFO {AUDIT_LOG} - Initiator=w**************r Action=Get-User-Claim-Values Target=a***n Data={"Claims":{},"Profile":"default"} Outcome=Success
TID: [] [2026-04-22 11:07:22,242]  INFO {AUDIT_LOG} - Initiator=w**************r Action=Get-User-Claim-Values Target=a***n Data={"Claims":{},"Profile":"default"} Outcome=Success
TID: [] [2026-04-22 11:07:22,242]  INFO {AUDIT_LOG} - Initiator=w**************r Action=Get-User-Claim-Values Target=a***n Data={"Claims":{},"Profile":"default"} Outcome=Success
TID: [-1234] [2026-04-22 11:08:49,026]  INFO {AUDIT_LOG} - GET /api/am/admin/environments/247bc202-12e8-4c3f-9f67-893a2d039ef1 user: admin@carbon.super app: V8a32gTN8d3Sqf21N6xbOc7mYuwa
TID: [-1234] [2026-04-22 12:38:31,511]  INFO {AUDIT_LOG} - Initiator=w**************r Action=Get-User-Claim-Values Target=a***n Data={"Claims":{},"Profile":"default"} Outcome=Success
TID: [-1234] [2026-04-22 12:38:31,533]  INFO {AUDIT_LOG} - Initiator=w**************r Action=Get-Roles-of-User Target=a***n Data={"ServiceProviderName":"apim_publisher","Filter":"*","Roles":["Internal/subscriber","Internal/creator","Internal/publisher","Internal/everyone","Internal/devops","admin","Internal/analytics","Internal/observer","Internal/integration_dev"]} Outcome=Success
TID: [-1234] [2026-04-22 12:38:31,536]  INFO {AUDIT_LOG} - Initiator=w**************r Action=Get-User-Claim-Values Target=a***n Data={"ServiceProviderName":"apim_publisher","Claims":{"http://wso2.org/claims/username":"a***n","http://wso2.org/claims/userid":"f270c18c-7828-4268-bb47-13b133288e7e","http://wso2.org/claims/role":"I***********************************************************************************************************************************************************v","http://wso2.org/claims/userprincipal":"a***n"}} Outcome=Success
TID: [-1234] [2026-04-22 12:38:31,579]  INFO {AUDIT_LOG} - Initiator : f270c18c-7828-4268-bb47-13b133288e7e | Action : UpdateSession | Data : { {"traceId":"81795313-fea7-47b1-a172-7d8271c64319","RememberMe":true,"sessionContextId":"a0dad3d2df08316661c509605c24a92f57c3375754de553da276a537845aea0c","AuthenticatedUserTenantDomain":"carbon.super","AuthenticatedUser":"a***n","LastAccessedTimestamp":1776843511560} } | Result : Success 
TID: [-1234] [2026-04-22 12:38:31,587]  INFO {AUDIT_LOG} - Initiator : f270c18c-7828-4268-bb47-13b133288e7e | Action : Login | Target : ApplicationAuthenticationFramework | Data : { "ContextIdentifier" : "caa42b75-1ac4-4fb9-97d9-c9b255e4fda5","AuthenticatedUser" : "a***n","AuthenticatedUserTenantDomain" : "carbon.super","ServiceProviderName" : "apim_publisher","RequestType" : "oidc","RelyingParty" : "_N628OCqcOo0EIJGkSbcVjffJ4Ma","AuthenticatedIdPs" : "eyJ0eXAiOiJKV1QiLCJhbGciOiJIUzI1NiJ9.eyJpc3MiOiJ3c28yIiwiZXhwIjoxNzc2ODQzNTE0NTE2LCJpYXQiOjE3NzY4NDM1MTE1MTYsImlkcHMiOlt7ImlkcCI6IkxPQ0FMIiwiYXV0aGVudGljYXRvciI6IkJhc2ljQXV0aGVudGljYXRvciJ9XX0.ykjx3xwcxCcqUbJ8OZMQ0GjvkRLzWygxH-mjLD1MN_g","User Agent" : "null","RemoteAddress" : "null","UserStoreDomain" : "PRIMARY" } | Result : Success 
TID: [-1234] [2026-04-22 12:38:32,800]  INFO {AUDIT_LOG} - Initiator=w**************r Action=Get-User-List Target=null Data={"Claim Value":"a***n","Users":["a***n"],"Claim":"http://wso2.org/claims/username"} Outcome=Success
TID: [-1234] [2026-04-22 12:38:32,815]  INFO {AUDIT_LOG} - Initiator=w**************r Action=Get-User-Claim-Values Target=a***n Data={"Claims":{},"Profile":"default"} Outcome=Success
TID: [-1234] [2026-04-22 12:38:32,819]  INFO {AUDIT_LOG} - Initiator=w**************r Action=Get-User-Claim-Values Target=a***n Data={"Claims":{},"Profile":"default"} Outcome=Success
TID: [-1234] [2026-04-22 12:38:32,821]  INFO {AUDIT_LOG} - Initiator=w**************r Action=Get-User-Claim-Values Target=a***n Data={"Claims":{},"Profile":"default"} Outcome=Success
TID: [-1234] [2026-04-22 12:38:36,801]  INFO {AUDIT_LOG} - Initiator=w**************r Action=Get-User-Claim-Value Target=a***n Data={"Claim":"http://wso2.org/claims/organization"} Outcome=Success
TID: [-1234] [2026-04-22 12:38:36,808]  INFO {AUDIT_LOG} - Initiator=w**************r Action=Get-User-Claim-Value Target=a***n Data={"Claim":"http://wso2.org/claims/organization"} Outcome=Success
TID: [-1234] [2026-04-22 12:38:36,839]  INFO {AUDIT_LOG} - GET /api/am/publisher/settings user: admin@carbon.super app: _N628OCqcOo0EIJGkSbcVjffJ4Ma
TID: [-1234] [2026-04-22 12:38:36,851]  INFO {AUDIT_LOG} - GET /api/am/publisher/apis?limit=10&offset=0 user: admin@carbon.super app: _N628OCqcOo0EIJGkSbcVjffJ4Ma
TID: [-1234] [2026-04-22 12:38:37,270]  INFO {AUDIT_LOG} - Initiator=w**************r Action=Get-User-Claim-Values Target=a***n Data={"Claims":{},"Profile":"default"} Outcome=Success
TID: [-1234] [2026-04-22 12:38:37,288]  INFO {AUDIT_LOG} - Initiator=w**************r Action=Get-User-Claim-Values Target=a***n Data={"ServiceProviderName":"apim_admin_portal","Claims":{"http://wso2.org/claims/username":"a***n","http://wso2.org/claims/userid":"f270c18c-7828-4268-bb47-13b133288e7e","http://wso2.org/claims/role":"I***********************************************************************************************************************************************************v","http://wso2.org/claims/userprincipal":"a***n"}} Outcome=Success
TID: [-1234] [2026-04-22 12:38:37,314]  INFO {AUDIT_LOG} - Initiator : f270c18c-7828-4268-bb47-13b133288e7e | Action : UpdateSession | Data : { {"traceId":"7dad9bb3-5a0f-4e44-b8f2-352b16331be6","RememberMe":true,"sessionContextId":"a0dad3d2df08316661c509605c24a92f57c3375754de553da276a537845aea0c","AuthenticatedUserTenantDomain":"carbon.super","AuthenticatedUser":"a***n","LastAccessedTimestamp":1776843517301} } | Result : Success 
TID: [-1234] [2026-04-22 12:38:37,321]  INFO {AUDIT_LOG} - Initiator : f270c18c-7828-4268-bb47-13b133288e7e | Action : Login | Target : ApplicationAuthenticationFramework | Data : { "ContextIdentifier" : "6ff11b0a-746b-47b1-9038-7e3dc6fee2db","AuthenticatedUser" : "a***n","AuthenticatedUserTenantDomain" : "carbon.super","ServiceProviderName" : "apim_admin_portal","RequestType" : "oidc","RelyingParty" : "V8a32gTN8d3Sqf21N6xbOc7mYuwa","AuthenticatedIdPs" : "eyJ0eXAiOiJKV1QiLCJhbGciOiJIUzI1NiJ9.eyJpc3MiOiJ3c28yIiwiZXhwIjoxNzc2ODQzNTIwMjc0LCJpYXQiOjE3NzY4NDM1MTcyNzQsImlkcHMiOlt7ImlkcCI6IkxPQ0FMIiwiYXV0aGVudGljYXRvciI6IkJhc2ljQXV0aGVudGljYXRvciJ9XX0.T66f6efLbe_iM7t3FgJj2dCk1SZ9orpFYUABmkuw454","User Agent" : "null","RemoteAddress" : "null","UserStoreDomain" : "PRIMARY" } | Result : Success 
TID: [-1234] [2026-04-22 12:38:38,536]  INFO {AUDIT_LOG} - Initiator=w**************r Action=Get-User-List Target=null Data={"Claim Value":"a***n","Users":["a***n"],"Claim":"http://wso2.org/claims/username"} Outcome=Success
TID: [-1234] [2026-04-22 12:38:38,555]  INFO {AUDIT_LOG} - Initiator=w**************r Action=Get-User-Claim-Values Target=a***n Data={"Claims":{},"Profile":"default"} Outcome=Success
TID: [-1234] [2026-04-22 12:38:38,556]  INFO {AUDIT_LOG} - Initiator=w**************r Action=Get-User-Claim-Values Target=a***n Data={"Claims":{},"Profile":"default"} Outcome=Success
TID: [-1234] [2026-04-22 12:38:38,557]  INFO {AUDIT_LOG} - Initiator=w**************r Action=Get-User-Claim-Values Target=a***n Data={"Claims":{},"Profile":"default"} Outcome=Success
TID: [-1234] [2026-04-22 12:38:39,445]  INFO {AUDIT_LOG} - Initiator=w**************r Action=Get-User-Claim-Values Target=a***n Data={"Claims":{},"Profile":"default"} Outcome=Success
TID: [-1234] [2026-04-22 12:38:39,462]  INFO {AUDIT_LOG} - Initiator=w**************r Action=Get-User-Claim-Values Target=a***n Data={"ServiceProviderName":"apim_publisher","Claims":{"http://wso2.org/claims/username":"a***n","http://wso2.org/claims/userid":"f270c18c-7828-4268-bb47-13b133288e7e","http://wso2.org/claims/role":"I***********************************************************************************************************************************************************v","http://wso2.org/claims/userprincipal":"a***n"}} Outcome=Success
TID: [-1234] [2026-04-22 12:38:39,480]  INFO {AUDIT_LOG} - Initiator : f270c18c-7828-4268-bb47-13b133288e7e | Action : UpdateSession | Data : { {"traceId":"b93fce32-e22b-4e86-90f3-cd3206e78ee8","RememberMe":true,"sessionContextId":"a0dad3d2df08316661c509605c24a92f57c3375754de553da276a537845aea0c","AuthenticatedUserTenantDomain":"carbon.super","AuthenticatedUser":"a***n","LastAccessedTimestamp":1776843519471} } | Result : Success 
TID: [-1234] [2026-04-22 12:38:39,487]  INFO {AUDIT_LOG} - Initiator : f270c18c-7828-4268-bb47-13b133288e7e | Action : Login | Target : ApplicationAuthenticationFramework | Data : { "ContextIdentifier" : "b3d76992-3359-4867-8a24-6a3f96c02963","AuthenticatedUser" : "a***n","AuthenticatedUserTenantDomain" : "carbon.super","ServiceProviderName" : "apim_publisher","RequestType" : "oidc","RelyingParty" : "_N628OCqcOo0EIJGkSbcVjffJ4Ma","AuthenticatedIdPs" : "eyJ0eXAiOiJKV1QiLCJhbGciOiJIUzI1NiJ9.eyJpc3MiOiJ3c28yIiwiZXhwIjoxNzc2ODQzNTIyNDQ2LCJpYXQiOjE3NzY4NDM1MTk0NDYsImlkcHMiOlt7ImlkcCI6IkxPQ0FMIiwiYXV0aGVudGljYXRvciI6IkJhc2ljQXV0aGVudGljYXRvciJ9XX0.GSZFJUNMhfmjX2kTBOXxeena9wnC4tuIlo2v1l-Yphk","User Agent" : "null","RemoteAddress" : "null","UserStoreDomain" : "PRIMARY" } | Result : Success 
TID: [-1234] [2026-04-22 12:38:40,442]  INFO {AUDIT_LOG} - Initiator=w**************r Action=Get-User-Claim-Value Target=a***n Data={"Claim":"http://wso2.org/claims/organization"} Outcome=Success
TID: [-1234] [2026-04-22 12:38:40,448]  INFO {AUDIT_LOG} - GET /api/am/admin/tenant-info/YWRtaW5AY2FyYm9uLnN1cGVy user: admin@carbon.super app: V8a32gTN8d3Sqf21N6xbOc7mYuwa
TID: [-1234] [2026-04-22 12:38:40,451]  INFO {AUDIT_LOG} - GET /api/am/admin/settings user: admin@carbon.super app: V8a32gTN8d3Sqf21N6xbOc7mYuwa
TID: [-1234] [2026-04-22 12:38:41,265]  INFO {AUDIT_LOG} - GET /api/am/admin/api-categories user: admin@carbon.super app: V8a32gTN8d3Sqf21N6xbOc7mYuwa
TID: [-1234] [2026-04-22 12:38:41,317]  INFO {AUDIT_LOG} - GET /api/am/admin/workflows?limit=30&workflowType=AM_USER_SIGNUP user: admin@carbon.super app: V8a32gTN8d3Sqf21N6xbOc7mYuwa
TID: [-1234] [2026-04-22 12:38:41,424]  INFO {AUDIT_LOG} - GET /api/am/admin/workflows?limit=30&workflowType=AM_API_STATE user: admin@carbon.super app: V8a32gTN8d3Sqf21N6xbOc7mYuwa
TID: [-1234] [2026-04-22 12:38:41,471]  INFO {AUDIT_LOG} - GET /api/am/admin/workflows?limit=30&workflowType=AM_SUBSCRIPTION_CREATION user: admin@carbon.super app: V8a32gTN8d3Sqf21N6xbOc7mYuwa
TID: [-1234] [2026-04-22 12:38:41,566]  INFO {AUDIT_LOG} - GET /api/am/admin/workflows?limit=30&workflowType=AM_APPLICATION_DELETION user: admin@carbon.super app: V8a32gTN8d3Sqf21N6xbOc7mYuwa
TID: [-1234] [2026-04-22 12:38:41,581]  INFO {AUDIT_LOG} - GET /api/am/admin/workflows?limit=30&workflowType=AM_SUBSCRIPTION_DELETION user: admin@carbon.super app: V8a32gTN8d3Sqf21N6xbOc7mYuwa
TID: [-1234] [2026-04-22 12:38:41,593]  INFO {AUDIT_LOG} - GET /api/am/admin/workflows?limit=30&workflowType=AM_SUBSCRIPTION_UPDATE user: admin@carbon.super app: V8a32gTN8d3Sqf21N6xbOc7mYuwa
TID: [-1234] [2026-04-22 12:38:41,664]  INFO {AUDIT_LOG} - GET /api/am/admin/workflows?limit=30&workflowType=AM_APPLICATION_REGISTRATION_SANDBOX user: admin@carbon.super app: V8a32gTN8d3Sqf21N6xbOc7mYuwa
TID: [-1234] [2026-04-22 12:38:41,672]  INFO {AUDIT_LOG} - GET /api/am/admin/workflows?limit=30&workflowType=AM_APPLICATION_REGISTRATION_PRODUCTION user: admin@carbon.super app: V8a32gTN8d3Sqf21N6xbOc7mYuwa
TID: [-1234] [2026-04-22 12:38:41,676]  INFO {AUDIT_LOG} - GET /api/am/admin/workflows?limit=30&workflowType=AM_API_PRODUCT_STATE user: admin@carbon.super app: V8a32gTN8d3Sqf21N6xbOc7mYuwa
TID: [-1234] [2026-04-22 12:38:41,678]  INFO {AUDIT_LOG} - GET /api/am/admin/workflows?limit=30&workflowType=AM_REVISION_DEPLOYMENT user: admin@carbon.super app: V8a32gTN8d3Sqf21N6xbOc7mYuwa
TID: [-1234] [2026-04-22 12:38:41,696]  INFO {AUDIT_LOG} - GET /api/am/admin/workflows?limit=30&workflowType=AM_APPLICATION_CREATION user: admin@carbon.super app: V8a32gTN8d3Sqf21N6xbOc7mYuwa
TID: [-1234] [2026-04-22 12:38:42,465]  INFO {AUDIT_LOG} - GET /api/am/publisher/settings user: admin@carbon.super app: _N628OCqcOo0EIJGkSbcVjffJ4Ma
TID: [-1234] [2026-04-22 12:38:42,472]  INFO {AUDIT_LOG} - GET /api/am/publisher/apis?limit=10&offset=0 user: admin@carbon.super app: _N628OCqcOo0EIJGkSbcVjffJ4Ma
TID: [-1234] [2026-04-22 12:39:27,011]  INFO {AUDIT_LOG} - GET /api/am/publisher/tenants?state=active user: admin@carbon.super app: _N628OCqcOo0EIJGkSbcVjffJ4Ma
TID: [-1234] [2026-04-22 12:39:27,012]  INFO {AUDIT_LOG} - GET /api/am/publisher/apis/33e20533-49b7-484b-9f1c-53ce37b356c7 user: admin@carbon.super app: _N628OCqcOo0EIJGkSbcVjffJ4Ma
TID: [-1234] [2026-04-22 12:39:27,754]  INFO {AUDIT_LOG} - GET /api/am/publisher/apis/33e20533-49b7-484b-9f1c-53ce37b356c7/swagger user: admin@carbon.super app: _N628OCqcOo0EIJGkSbcVjffJ4Ma
TID: [-1234] [2026-04-22 12:39:27,759]  INFO {AUDIT_LOG} - GET /api/am/publisher/me/organization-information user: admin@carbon.super app: _N628OCqcOo0EIJGkSbcVjffJ4Ma
TID: [-1234] [2026-04-22 12:39:27,761]  INFO {AUDIT_LOG} - GET /api/am/publisher/apis/33e20533-49b7-484b-9f1c-53ce37b356c7/revisions user: admin@carbon.super app: _N628OCqcOo0EIJGkSbcVjffJ4Ma
TID: [-1234] [2026-04-22 12:39:27,787]  INFO {AUDIT_LOG} - GET /api/am/publisher/apis/33e20533-49b7-484b-9f1c-53ce37b356c7/revisions?query=deployed%3Atrue user: admin@carbon.super app: _N628OCqcOo0EIJGkSbcVjffJ4Ma
TID: [-1234] [2026-04-22 12:39:27,931]  INFO {AUDIT_LOG} - GET /api/am/publisher/apis/33e20533-49b7-484b-9f1c-53ce37b356c7/revisions?query=deployed%3Atrue user: admin@carbon.super app: _N628OCqcOo0EIJGkSbcVjffJ4Ma
TID: [-1234] [2026-04-22 12:39:28,332]  INFO {AUDIT_LOG} - GET /api/am/publisher/apis/33e20533-49b7-484b-9f1c-53ce37b356c7/swagger user: admin@carbon.super app: _N628OCqcOo0EIJGkSbcVjffJ4Ma
TID: [-1234] [2026-04-22 12:39:28,335]  INFO {AUDIT_LOG} - GET /api/am/publisher/apis/33e20533-49b7-484b-9f1c-53ce37b356c7/revisions?query=deployed%3Atrue user: admin@carbon.super app: _N628OCqcOo0EIJGkSbcVjffJ4Ma
TID: [-1234] [2026-04-22 12:39:30,396]  INFO {AUDIT_LOG} - GET /api/am/publisher/apis/33e20533-49b7-484b-9f1c-53ce37b356c7/deployments user: admin@carbon.super app: _N628OCqcOo0EIJGkSbcVjffJ4Ma
TID: [-1234] [2026-04-22 12:39:30,474]  INFO {AUDIT_LOG} - GET /api/am/publisher/apis/33e20533-49b7-484b-9f1c-53ce37b356c7/swagger user: admin@carbon.super app: _N628OCqcOo0EIJGkSbcVjffJ4Ma
TID: [-1234] [2026-04-22 12:39:30,505]  INFO {AUDIT_LOG} - POST /api/am/publisher/apis/33e20533-49b7-484b-9f1c-53ce37b356c7/generate-key user: admin@carbon.super app: _N628OCqcOo0EIJGkSbcVjffJ4Ma
TID: [] [2026-04-22 12:39:37,519]  INFO {AUDIT_LOG} - Initiator=w**************r Action=Get-User-Claim-Values Target=a***n Data={"Claims":{},"Profile":"default"} Outcome=Success
TID: [] [2026-04-22 12:39:37,527]  INFO {AUDIT_LOG} - Initiator=w**************r Action=Get-User-Claim-Values Target=a***n Data={"Claims":{},"Profile":"default"} Outcome=Success
TID: [] [2026-04-22 12:39:37,530]  INFO {AUDIT_LOG} - Initiator=w**************r Action=Get-User-Claim-Values Target=a***n Data={"Claims":{},"Profile":"default"} Outcome=Success
TID: [-1234] [2026-04-22 12:39:49,395]  INFO {AUDIT_LOG} - Initiator=w**************r Action=Get-User-Claim-Values Target=a***n Data={"Claims":{},"Profile":"default"} Outcome=Success
TID: [-1234] [2026-04-22 12:39:49,402]  INFO {AUDIT_LOG} - Initiator=w**************r Action=Get-User-Claim-Values Target=a***n Data={"ServiceProviderName":"apim_devportal","Claims":{"http://wso2.org/claims/username":"a***n","http://wso2.org/claims/userid":"f270c18c-7828-4268-bb47-13b133288e7e","http://wso2.org/claims/role":"I***********************************************************************************************************************************************************v","http://wso2.org/claims/userprincipal":"a***n"}} Outcome=Success
TID: [-1234] [2026-04-22 12:39:49,416]  INFO {AUDIT_LOG} - Initiator : f270c18c-7828-4268-bb47-13b133288e7e | Action : UpdateSession | Data : { {"traceId":"4c4cf58b-6dbc-4bc1-b732-54ba4a7fad45","RememberMe":true,"sessionContextId":"a0dad3d2df08316661c509605c24a92f57c3375754de553da276a537845aea0c","AuthenticatedUserTenantDomain":"carbon.super","AuthenticatedUser":"a***n","LastAccessedTimestamp":1776843589411} } | Result : Success 
TID: [-1234] [2026-04-22 12:39:49,418]  INFO {AUDIT_LOG} - Initiator : f270c18c-7828-4268-bb47-13b133288e7e | Action : Login | Target : ApplicationAuthenticationFramework | Data : { "ContextIdentifier" : "0ef47cd9-6787-42c2-88bc-be7a97df7790","AuthenticatedUser" : "a***n","AuthenticatedUserTenantDomain" : "carbon.super","ServiceProviderName" : "apim_devportal","RequestType" : "oidc","RelyingParty" : "4mql53WDQwfps4ky7qrJCa6PHRIa","AuthenticatedIdPs" : "eyJ0eXAiOiJKV1QiLCJhbGciOiJIUzI1NiJ9.eyJpc3MiOiJ3c28yIiwiZXhwIjoxNzc2ODQzNTkyMzk3LCJpYXQiOjE3NzY4NDM1ODkzOTcsImlkcHMiOlt7ImlkcCI6IkxPQ0FMIiwiYXV0aGVudGljYXRvciI6IkJhc2ljQXV0aGVudGljYXRvciJ9XX0.yZyAx6OKjsz7LPVDecIm2WEznz4vUoEJq0xPmZ5Mvus","User Agent" : "null","RemoteAddress" : "null","UserStoreDomain" : "PRIMARY" } | Result : Success 
TID: [-1234] [2026-04-22 12:39:51,490]  INFO {AUDIT_LOG} - Initiator=w**************r Action=Get-User-List Target=null Data={"Claim Value":"a***n","Users":["a***n"],"Claim":"http://wso2.org/claims/username"} Outcome=Success
TID: [-1234] [2026-04-22 12:39:51,497]  INFO {AUDIT_LOG} - Initiator=w**************r Action=Get-User-Claim-Values Target=a***n Data={"Claims":{},"Profile":"default"} Outcome=Success
TID: [-1234] [2026-04-22 12:39:51,498]  INFO {AUDIT_LOG} - Initiator=w**************r Action=Get-User-Claim-Values Target=a***n Data={"Claims":{},"Profile":"default"} Outcome=Success
TID: [-1234] [2026-04-22 12:39:51,499]  INFO {AUDIT_LOG} - Initiator=w**************r Action=Get-User-Claim-Values Target=a***n Data={"Claims":{},"Profile":"default"} Outcome=Success
TID: [-1234] [2026-04-22 12:39:51,544]  INFO {AUDIT_LOG} - Initiator=w**************r Action=Get-User-Claim-Value Target=a***n Data={"Claim":"http://wso2.org/claims/organization"} Outcome=Success
TID: [-1234] [2026-04-22 12:39:51,546]  INFO {AUDIT_LOG} - GET /api/am/devportal/settings user: admin@carbon.super app: 4mql53WDQwfps4ky7qrJCa6PHRIa
TID: [-1234] [2026-04-22 12:39:51,748]  INFO {AUDIT_LOG} - GET /api/am/devportal/me/organization-information user: admin@carbon.super app: 4mql53WDQwfps4ky7qrJCa6PHRIa
TID: [-1234] [2026-04-22 12:39:52,495]  INFO {AUDIT_LOG} - GET /api/am/devportal/applications?sortBy=name&sortOrder=asc&limit=10&offset=0 user: admin@carbon.super app: 4mql53WDQwfps4ky7qrJCa6PHRIa
TID: [-1234] [2026-04-22 12:39:53,215]  INFO {AUDIT_LOG} - Initiator=w**************r Action=Get-User-Claim-Values Target=a***n Data={"Claims":{},"Profile":"default"} Outcome=Success
TID: [-1234] [2026-04-22 12:39:53,226]  INFO {AUDIT_LOG} - Initiator=w**************r Action=Get-User-Claim-Values Target=a***n Data={"ServiceProviderName":"apim_publisher","Claims":{"http://wso2.org/claims/username":"a***n","http://wso2.org/claims/userid":"f270c18c-7828-4268-bb47-13b133288e7e","http://wso2.org/claims/role":"I***********************************************************************************************************************************************************v","http://wso2.org/claims/userprincipal":"a***n"}} Outcome=Success
TID: [-1234] [2026-04-22 12:39:53,240]  INFO {AUDIT_LOG} - Initiator : f270c18c-7828-4268-bb47-13b133288e7e | Action : UpdateSession | Data : { {"traceId":"331d59a0-b5bc-4989-8ea0-a675b5473a56","RememberMe":true,"sessionContextId":"a0dad3d2df08316661c509605c24a92f57c3375754de553da276a537845aea0c","AuthenticatedUserTenantDomain":"carbon.super","AuthenticatedUser":"a***n","LastAccessedTimestamp":1776843593233} } | Result : Success 
TID: [-1234] [2026-04-22 12:39:53,245]  INFO {AUDIT_LOG} - Initiator : f270c18c-7828-4268-bb47-13b133288e7e | Action : Login | Target : ApplicationAuthenticationFramework | Data : { "ContextIdentifier" : "d46527a5-935f-43ef-bca5-f1964faacdcd","AuthenticatedUser" : "a***n","AuthenticatedUserTenantDomain" : "carbon.super","ServiceProviderName" : "apim_publisher","RequestType" : "oidc","RelyingParty" : "_N628OCqcOo0EIJGkSbcVjffJ4Ma","AuthenticatedIdPs" : "eyJ0eXAiOiJKV1QiLCJhbGciOiJIUzI1NiJ9.eyJpc3MiOiJ3c28yIiwiZXhwIjoxNzc2ODQzNTk2MjE2LCJpYXQiOjE3NzY4NDM1OTMyMTYsImlkcHMiOlt7ImlkcCI6IkxPQ0FMIiwiYXV0aGVudGljYXRvciI6IkJhc2ljQXV0aGVudGljYXRvciJ9XX0.KgUNQMnXkOOuIVfBEYhj0S2y_kII47ZMD7si07bMqj8","User Agent" : "null","RemoteAddress" : "null","UserStoreDomain" : "PRIMARY" } | Result : Success 
TID: [-1234] [2026-04-22 12:39:57,039]  INFO {AUDIT_LOG} - GET /api/am/devportal/applications/55d30736-fb35-4c8f-bf8a-632a246ddc8e user: admin@carbon.super app: 4mql53WDQwfps4ky7qrJCa6PHRIa
TID: [-1234] [2026-04-22 12:39:57,325]  INFO {AUDIT_LOG} - GET /api/am/devportal/applications/55d30736-fb35-4c8f-bf8a-632a246ddc8e user: admin@carbon.super app: 4mql53WDQwfps4ky7qrJCa6PHRIa
TID: [-1234] [2026-04-22 12:39:57,440]  INFO {AUDIT_LOG} - GET /api/am/devportal/throttling-policies/application/Unlimited user: admin@carbon.super app: 4mql53WDQwfps4ky7qrJCa6PHRIa
TID: [-1234] [2026-04-22 12:39:58,637]  INFO {AUDIT_LOG} - GET /api/am/publisher/apis/33e20533-49b7-484b-9f1c-53ce37b356c7 user: admin@carbon.super app: _N628OCqcOo0EIJGkSbcVjffJ4Ma
TID: [-1234] [2026-04-22 12:39:58,638]  INFO {AUDIT_LOG} - GET /api/am/publisher/tenants?state=active user: admin@carbon.super app: _N628OCqcOo0EIJGkSbcVjffJ4Ma
TID: [-1234] [2026-04-22 12:39:58,641]  INFO {AUDIT_LOG} - GET /api/am/publisher/settings user: admin@carbon.super app: _N628OCqcOo0EIJGkSbcVjffJ4Ma
TID: [-1234] [2026-04-22 12:39:59,129]  INFO {AUDIT_LOG} - GET /api/am/publisher/apis/33e20533-49b7-484b-9f1c-53ce37b356c7/revisions user: admin@carbon.super app: _N628OCqcOo0EIJGkSbcVjffJ4Ma
TID: [-1234] [2026-04-22 12:39:59,135]  INFO {AUDIT_LOG} - GET /api/am/publisher/apis/33e20533-49b7-484b-9f1c-53ce37b356c7/revisions?query=deployed%3Atrue user: admin@carbon.super app: _N628OCqcOo0EIJGkSbcVjffJ4Ma
TID: [-1234] [2026-04-22 12:39:59,751]  INFO {AUDIT_LOG} - GET /api/am/publisher/me/organization-information user: admin@carbon.super app: _N628OCqcOo0EIJGkSbcVjffJ4Ma
TID: [-1234] [2026-04-22 12:39:59,761]  INFO {AUDIT_LOG} - POST /api/am/publisher/apis/33e20533-49b7-484b-9f1c-53ce37b356c7/generate-key user: admin@carbon.super app: _N628OCqcOo0EIJGkSbcVjffJ4Ma
TID: [-1234] [2026-04-22 12:39:59,767]  INFO {AUDIT_LOG} - POST /api/am/publisher/apis/33e20533-49b7-484b-9f1c-53ce37b356c7/generate-key user: admin@carbon.super app: _N628OCqcOo0EIJGkSbcVjffJ4Ma
TID: [-1234] [2026-04-22 12:39:59,886]  INFO {AUDIT_LOG} - GET /api/am/publisher/apis/33e20533-49b7-484b-9f1c-53ce37b356c7/swagger user: admin@carbon.super app: _N628OCqcOo0EIJGkSbcVjffJ4Ma
TID: [-1234] [2026-04-22 12:39:59,892]  INFO {AUDIT_LOG} - GET /api/am/publisher/apis/33e20533-49b7-484b-9f1c-53ce37b356c7/deployments user: admin@carbon.super app: _N628OCqcOo0EIJGkSbcVjffJ4Ma
TID: [-1234] [2026-04-22 12:40:00,220]  INFO {AUDIT_LOG} - POST /api/am/publisher/apis/33e20533-49b7-484b-9f1c-53ce37b356c7/generate-key user: admin@carbon.super app: _N628OCqcOo0EIJGkSbcVjffJ4Ma
TID: [-1234] [2026-04-22 12:40:00,302]  INFO {AUDIT_LOG} - GET /api/am/publisher/apis/33e20533-49b7-484b-9f1c-53ce37b356c7/swagger user: admin@carbon.super app: _N628OCqcOo0EIJGkSbcVjffJ4Ma
TID: [-1234] [2026-04-22 12:40:00,308]  INFO {AUDIT_LOG} - GET /api/am/publisher/apis/33e20533-49b7-484b-9f1c-53ce37b356c7/deployments user: admin@carbon.super app: _N628OCqcOo0EIJGkSbcVjffJ4Ma
TID: [-1234] [2026-04-22 12:40:00,855]  INFO {AUDIT_LOG} - GET /api/am/devportal/subscriptions?applicationId=55d30736-fb35-4c8f-bf8a-632a246ddc8e&limit=1000 user: admin@carbon.super app: 4mql53WDQwfps4ky7qrJCa6PHRIa
TID: [-1234] [2026-04-22 12:40:00,998]  INFO {AUDIT_LOG} - GET /api/am/devportal/subscriptions/b1f42a38-461c-40ce-b62d-1b65650a25e4 user: admin@carbon.super app: 4mql53WDQwfps4ky7qrJCa6PHRIa
TID: [-1234] [2026-04-22 12:40:01,009]  INFO {AUDIT_LOG} - GET /api/am/devportal/apis/33e20533-49b7-484b-9f1c-53ce37b356c7 user: admin@carbon.super app: 4mql53WDQwfps4ky7qrJCa6PHRIa
TID: [-1234] [2026-04-22 12:40:01,128]  INFO {AUDIT_LOG} - GET /api/am/devportal/throttling-policies/subscription/Unlimited user: admin@carbon.super app: 4mql53WDQwfps4ky7qrJCa6PHRIa
TID: [-1234] [2026-04-22 12:40:01,130]  INFO {AUDIT_LOG} - GET /api/am/devportal/apis/33e20533-49b7-484b-9f1c-53ce37b356c7 user: admin@carbon.super app: 4mql53WDQwfps4ky7qrJCa6PHRIa
TID: [-1234] [2026-04-22 12:40:06,020]  INFO {AUDIT_LOG} - DELETE /api/am/devportal/subscriptions/b1f42a38-461c-40ce-b62d-1b65650a25e4 user: admin@carbon.super app: 4mql53WDQwfps4ky7qrJCa6PHRIa
TID: [-1234] [2026-04-22 12:40:06,195]  INFO {AUDIT_LOG} - {"performedBy":"admin","action":"deleted","type":"Subscription","info":{"application_name":"DefaultApplication","provider":"admin","api_name":"test","application_id":1}}
TID: [] [2026-04-22 12:40:06,290]  INFO {AUDIT_LOG} - Initiator=w**************r Action=Get-User-Claim-Values Target=a***n Data={"Claims":{},"Profile":"default"} Outcome=Success
TID: [] [2026-04-22 12:40:06,291]  INFO {AUDIT_LOG} - Initiator=w**************r Action=Get-User-Claim-Values Target=a***n Data={"Claims":{},"Profile":"default"} Outcome=Success
TID: [] [2026-04-22 12:40:06,292]  INFO {AUDIT_LOG} - Initiator=w**************r Action=Get-User-Claim-Values Target=a***n Data={"Claims":{},"Profile":"default"} Outcome=Success
TID: [-1234] [2026-04-22 12:40:06,337]  INFO {AUDIT_LOG} - GET /api/am/devportal/applications/55d30736-fb35-4c8f-bf8a-632a246ddc8e user: admin@carbon.super app: 4mql53WDQwfps4ky7qrJCa6PHRIa
TID: [] [2026-04-22 12:40:06,617]  INFO {AUDIT_LOG} - Initiator=w**************r Action=Get-User-Claim-Values Target=a***n Data={"Claims":{},"Profile":"default"} Outcome=Success
TID: [] [2026-04-22 12:40:06,619]  INFO {AUDIT_LOG} - Initiator=w**************r Action=Get-User-Claim-Values Target=a***n Data={"Claims":{},"Profile":"default"} Outcome=Success
TID: [] [2026-04-22 12:40:06,620]  INFO {AUDIT_LOG} - Initiator=w**************r Action=Get-User-Claim-Values Target=a***n Data={"Claims":{},"Profile":"default"} Outcome=Success
TID: [-1234] [2026-04-22 12:40:07,723]  INFO {AUDIT_LOG} - GET /api/am/devportal/apis?limit=10&offset=0&query=status%3Apublished user: admin@carbon.super app: 4mql53WDQwfps4ky7qrJCa6PHRIa
TID: [-1234] [2026-04-22 12:40:09,089]  INFO {AUDIT_LOG} - POST /api/am/devportal/subscriptions user: admin@carbon.super app: 4mql53WDQwfps4ky7qrJCa6PHRIa
TID: [-1234] [2026-04-22 12:40:09,154]  INFO {AUDIT_LOG} - {"performedBy":"admin","action":"created","type":"Subscription","info":{"application_name":"DefaultApplication","tier":"Unlimited","provider":"admin","api_name":"test","application_id":1}}
TID: [-1234] [2026-04-22 12:40:09,205]  INFO {AUDIT_LOG} - GET /api/am/devportal/subscriptions?applicationId=55d30736-fb35-4c8f-bf8a-632a246ddc8e&limit=1000 user: admin@carbon.super app: 4mql53WDQwfps4ky7qrJCa6PHRIa
TID: [-1234] [2026-04-22 12:40:09,206]  INFO {AUDIT_LOG} - GET /api/am/devportal/applications/55d30736-fb35-4c8f-bf8a-632a246ddc8e user: admin@carbon.super app: 4mql53WDQwfps4ky7qrJCa6PHRIa
TID: [-1234] [2026-04-22 12:40:09,575]  INFO {AUDIT_LOG} - GET /api/am/devportal/apis/33e20533-49b7-484b-9f1c-53ce37b356c7 user: admin@carbon.super app: 4mql53WDQwfps4ky7qrJCa6PHRIa
TID: [-1234] [2026-04-22 12:40:09,577]  INFO {AUDIT_LOG} - GET /api/am/devportal/subscriptions/6feadada-1f07-49cd-ab35-8ca9760d2a3e user: admin@carbon.super app: 4mql53WDQwfps4ky7qrJCa6PHRIa
TID: [-1234] [2026-04-22 12:40:09,577]  INFO {AUDIT_LOG} - GET /api/am/devportal/apis?limit=10&offset=0&query=status%3Apublished user: admin@carbon.super app: 4mql53WDQwfps4ky7qrJCa6PHRIa
TID: [-1234] [2026-04-22 12:40:09,673]  INFO {AUDIT_LOG} - GET /api/am/devportal/throttling-policies/subscription/Unlimited user: admin@carbon.super app: 4mql53WDQwfps4ky7qrJCa6PHRIa
TID: [-1234] [2026-04-22 12:40:09,676]  INFO {AUDIT_LOG} - GET /api/am/devportal/apis/33e20533-49b7-484b-9f1c-53ce37b356c7 user: admin@carbon.super app: 4mql53WDQwfps4ky7qrJCa6PHRIa
TID: [-1234] [2026-04-22 12:40:12,581]  INFO {AUDIT_LOG} - GET /api/am/devportal/settings user: admin@carbon.super app: 4mql53WDQwfps4ky7qrJCa6PHRIa
TID: [-1234] [2026-04-22 12:40:12,582]  INFO {AUDIT_LOG} - GET /api/am/devportal/applications?limit=5000 user: admin@carbon.super app: 4mql53WDQwfps4ky7qrJCa6PHRIa
TID: [-1234] [2026-04-22 12:40:12,585]  INFO {AUDIT_LOG} - GET /api/am/devportal/subscriptions?apiId=33e20533-49b7-484b-9f1c-53ce37b356c7&limit=5000 user: admin@carbon.super app: 4mql53WDQwfps4ky7qrJCa6PHRIa
TID: [-1234] [2026-04-22 12:40:12,596]  INFO {AUDIT_LOG} - GET /api/am/devportal/subscriptions?apiId=33e20533-49b7-484b-9f1c-53ce37b356c7&limit=25 user: admin@carbon.super app: 4mql53WDQwfps4ky7qrJCa6PHRIa
TID: [-1234] [2026-04-22 12:40:12,598]  INFO {AUDIT_LOG} - GET /api/am/devportal/apis/33e20533-49b7-484b-9f1c-53ce37b356c7 user: admin@carbon.super app: 4mql53WDQwfps4ky7qrJCa6PHRIa
TID: [-1234] [2026-04-22 12:40:13,578]  INFO {AUDIT_LOG} - GET /api/am/devportal/apis/33e20533-49b7-484b-9f1c-53ce37b356c7/documents user: admin@carbon.super app: 4mql53WDQwfps4ky7qrJCa6PHRIa
TID: [-1234] [2026-04-22 12:40:13,585]  INFO {AUDIT_LOG} - GET /api/am/devportal/throttling-policies/subscription user: admin@carbon.super app: 4mql53WDQwfps4ky7qrJCa6PHRIa
TID: [-1234] [2026-04-22 12:40:13,608]  INFO {AUDIT_LOG} - GET /api/am/devportal/apis/33e20533-49b7-484b-9f1c-53ce37b356c7/documents user: admin@carbon.super app: 4mql53WDQwfps4ky7qrJCa6PHRIa
TID: [-1234] [2026-04-22 12:40:13,621]  INFO {AUDIT_LOG} - GET /api/am/devportal/throttling-policies/subscription user: admin@carbon.super app: 4mql53WDQwfps4ky7qrJCa6PHRIa
TID: [-1234] [2026-04-22 12:40:13,747]  INFO {AUDIT_LOG} - GET /api/am/devportal/apis/33e20533-49b7-484b-9f1c-53ce37b356c7/comments?limit=5&offset=0 user: admin@carbon.super app: 4mql53WDQwfps4ky7qrJCa6PHRIa
TID: [-1234] [2026-04-22 12:40:13,749]  INFO {AUDIT_LOG} - GET /api/am/devportal/apis/33e20533-49b7-484b-9f1c-53ce37b356c7/thumbnail user: admin@carbon.super app: 4mql53WDQwfps4ky7qrJCa6PHRIa
TID: [-1234] [2026-04-22 12:40:13,757]  INFO {AUDIT_LOG} - GET /api/am/devportal/apis/33e20533-49b7-484b-9f1c-53ce37b356c7/ratings user: admin@carbon.super app: 4mql53WDQwfps4ky7qrJCa6PHRIa
TID: [-1234] [2026-04-22 12:40:15,065]  INFO {AUDIT_LOG} - GET /api/am/devportal/apis/33e20533-49b7-484b-9f1c-53ce37b356c7 user: admin@carbon.super app: 4mql53WDQwfps4ky7qrJCa6PHRIa
TID: [-1234] [2026-04-22 12:40:15,114]  INFO {AUDIT_LOG} - GET /api/am/devportal/subscriptions?apiId=33e20533-49b7-484b-9f1c-53ce37b356c7&limit=25 user: admin@carbon.super app: 4mql53WDQwfps4ky7qrJCa6PHRIa
TID: [-1234] [2026-04-22 12:40:15,120]  INFO {AUDIT_LOG} - GET /api/am/devportal/subscriptions?apiId=33e20533-49b7-484b-9f1c-53ce37b356c7&limit=5000 user: admin@carbon.super app: 4mql53WDQwfps4ky7qrJCa6PHRIa
TID: [-1234] [2026-04-22 12:40:15,126]  INFO {AUDIT_LOG} - GET /api/am/devportal/applications?limit=5000 user: admin@carbon.super app: 4mql53WDQwfps4ky7qrJCa6PHRIa
TID: [-1234] [2026-04-22 12:40:16,025]  INFO {AUDIT_LOG} - GET /api/am/devportal/apis/33e20533-49b7-484b-9f1c-53ce37b356c7 user: admin@carbon.super app: 4mql53WDQwfps4ky7qrJCa6PHRIa
TID: [-1234] [2026-04-22 12:40:16,073]  INFO {AUDIT_LOG} - GET /api/am/devportal/apis/33e20533-49b7-484b-9f1c-53ce37b356c7/swagger?environmentName=Default user: admin@carbon.super app: 4mql53WDQwfps4ky7qrJCa6PHRIa
TID: [-1234] [2026-04-22 12:40:16,121]  INFO {AUDIT_LOG} - GET /api/am/devportal/subscriptions?apiId=33e20533-49b7-484b-9f1c-53ce37b356c7&limit=25 user: admin@carbon.super app: 4mql53WDQwfps4ky7qrJCa6PHRIa
TID: [-1234] [2026-04-22 12:40:16,322]  INFO {AUDIT_LOG} - GET /api/am/devportal/subscriptions?apiId=33e20533-49b7-484b-9f1c-53ce37b356c7&limit=25 user: admin@carbon.super app: 4mql53WDQwfps4ky7qrJCa6PHRIa
TID: [-1234] [2026-04-22 12:40:16,325]  INFO {AUDIT_LOG} - GET /api/am/devportal/key-managers user: admin@carbon.super app: 4mql53WDQwfps4ky7qrJCa6PHRIa
TID: [-1234] [2026-04-22 12:40:16,921]  INFO {AUDIT_LOG} - GET /api/am/devportal/applications/ user: admin@carbon.super app: 4mql53WDQwfps4ky7qrJCa6PHRIa
TID: [-1234] [2026-04-22 12:40:17,266]  INFO {AUDIT_LOG} - GET /api/am/devportal/applications/55d30736-fb35-4c8f-bf8a-632a246ddc8e user: admin@carbon.super app: 4mql53WDQwfps4ky7qrJCa6PHRIa
TID: [-1234] [2026-04-22 12:40:17,353]  INFO {AUDIT_LOG} - GET /api/am/devportal/applications/55d30736-fb35-4c8f-bf8a-632a246ddc8e/oauth-keys user: admin@carbon.super app: 4mql53WDQwfps4ky7qrJCa6PHRIa
TID: [-1234] [2026-04-22 12:40:17,841]  INFO {AUDIT_LOG} - GET /api/am/devportal/applications/55d30736-fb35-4c8f-bf8a-632a246ddc8e user: admin@carbon.super app: 4mql53WDQwfps4ky7qrJCa6PHRIa
TID: [-1234] [2026-04-22 12:40:17,866]  INFO {AUDIT_LOG} - GET /api/am/devportal/applications/55d30736-fb35-4c8f-bf8a-632a246ddc8e/oauth-keys user: admin@carbon.super app: 4mql53WDQwfps4ky7qrJCa6PHRIa
TID: [-1234] [2026-04-22 12:40:19,976]  INFO {AUDIT_LOG} - GET /api/am/devportal/apis/33e20533-49b7-484b-9f1c-53ce37b356c7/swagger?environmentName=gateway-prod user: admin@carbon.super app: 4mql53WDQwfps4ky7qrJCa6PHRIa
TID: [-1234] [2026-04-22 12:40:20,301]  INFO {AUDIT_LOG} - GET /api/am/devportal/applications/55d30736-fb35-4c8f-bf8a-632a246ddc8e user: admin@carbon.super app: 4mql53WDQwfps4ky7qrJCa6PHRIa
TID: [-1234] [2026-04-22 12:40:20,434]  INFO {AUDIT_LOG} - GET /api/am/devportal/applications/55d30736-fb35-4c8f-bf8a-632a246ddc8e/oauth-keys user: admin@carbon.super app: 4mql53WDQwfps4ky7qrJCa6PHRIa
TID: [-1234] [2026-04-22 12:40:21,171]  INFO {AUDIT_LOG} - GET /api/am/devportal/applications/55d30736-fb35-4c8f-bf8a-632a246ddc8e user: admin@carbon.super app: 4mql53WDQwfps4ky7qrJCa6PHRIa
TID: [-1234] [2026-04-22 12:40:21,200]  INFO {AUDIT_LOG} - GET /api/am/devportal/applications/55d30736-fb35-4c8f-bf8a-632a246ddc8e/oauth-keys user: admin@carbon.super app: 4mql53WDQwfps4ky7qrJCa6PHRIa
TID: [-1234] [2026-04-22 12:40:21,233]  INFO {AUDIT_LOG} - POST /api/am/devportal/applications/55d30736-fb35-4c8f-bf8a-632a246ddc8e/oauth-keys/76c52385-f5f4-4281-a5ab-5fb68f4692d7/generate-token user: admin@carbon.super app: 4mql53WDQwfps4ky7qrJCa6PHRIa
TID: [-1234] [2026-04-22 12:40:21,353]  INFO {AUDIT_LOG} - {"performedBy":"admin","action":"updated","type":"Application","info":{"Re-Generated Keys for application with client Id":"4oCZo4OrtiL76uViwBJeeSv2Qr0a"}}
TID: [-1234] [2026-04-22 12:40:21,443]  INFO {AUDIT_LOG} - Initiator=w**************r Action=Get-User-Claim-Values Target=a***n Data={"Claims":{},"Profile":"default"} Outcome=Success
TID: [-1234] [2026-04-22 12:40:21,449]  INFO {AUDIT_LOG} - Initiator=w**************r Action=Get-User-Claim-Values Target=a***n Data={"Claims":{},"Profile":"default"} Outcome=Success
TID: [-1234] [2026-04-22 12:40:21,452]  INFO {AUDIT_LOG} - Initiator=w**************r Action=Get-User-Claim-Values Target=a***n Data={"Claims":{},"Profile":"default"} Outcome=Success
TID: [] [2026-04-22 12:40:21,545]  INFO {AUDIT_LOG} - Initiator=w**************r Action=Get-User-Claim-Values Target=a***n Data={"Claims":{},"Profile":"default"} Outcome=Success
TID: [] [2026-04-22 12:40:21,546]  INFO {AUDIT_LOG} - Initiator=w**************r Action=Get-User-Claim-Values Target=a***n Data={"Claims":{},"Profile":"default"} Outcome=Success
TID: [] [2026-04-22 12:40:21,547]  INFO {AUDIT_LOG} - Initiator=w**************r Action=Get-User-Claim-Values Target=a***n Data={"Claims":{},"Profile":"default"} Outcome=Success
TID: [-1234] [2026-04-22 12:40:30,329]  INFO {AUDIT_LOG} - Initiator=w**************r Action=Get-User-Claim-Values Target=a***n Data={"Claims":{},"Profile":"default"} Outcome=Success
TID: [-1234] [2026-04-22 12:40:30,341]  INFO {AUDIT_LOG} - Initiator=w**************r Action=Get-User-Claim-Values Target=a***n Data={"ServiceProviderName":"apim_admin_portal","Claims":{"http://wso2.org/claims/username":"a***n","http://wso2.org/claims/userid":"f270c18c-7828-4268-bb47-13b133288e7e","http://wso2.org/claims/role":"I***********************************************************************************************************************************************************v","http://wso2.org/claims/userprincipal":"a***n"}} Outcome=Success
TID: [-1234] [2026-04-22 12:40:30,357]  INFO {AUDIT_LOG} - Initiator : f270c18c-7828-4268-bb47-13b133288e7e | Action : UpdateSession | Data : { {"traceId":"63bbba2d-d89a-46dd-b45a-86634fd08c00","RememberMe":true,"sessionContextId":"a0dad3d2df08316661c509605c24a92f57c3375754de553da276a537845aea0c","AuthenticatedUserTenantDomain":"carbon.super","AuthenticatedUser":"a***n","LastAccessedTimestamp":1776843630349} } | Result : Success 
TID: [-1234] [2026-04-22 12:40:30,361]  INFO {AUDIT_LOG} - Initiator : f270c18c-7828-4268-bb47-13b133288e7e | Action : Login | Target : ApplicationAuthenticationFramework | Data : { "ContextIdentifier" : "790153a0-6fb6-4963-9ba1-de98ecad8332","AuthenticatedUser" : "a***n","AuthenticatedUserTenantDomain" : "carbon.super","ServiceProviderName" : "apim_admin_portal","RequestType" : "oidc","RelyingParty" : "V8a32gTN8d3Sqf21N6xbOc7mYuwa","AuthenticatedIdPs" : "eyJ0eXAiOiJKV1QiLCJhbGciOiJIUzI1NiJ9.eyJpc3MiOiJ3c28yIiwiZXhwIjoxNzc2ODQzNjMzMzMwLCJpYXQiOjE3NzY4NDM2MzAzMzAsImlkcHMiOlt7ImlkcCI6IkxPQ0FMIiwiYXV0aGVudGljYXRvciI6IkJhc2ljQXV0aGVudGljYXRvciJ9XX0.GbkunPD9GBMISb_qOSu4K4iQTDY8BtP3TOR7pbkAGiI","User Agent" : "null","RemoteAddress" : "null","UserStoreDomain" : "PRIMARY" } | Result : Success 
TID: [-1234] [2026-04-22 12:40:32,765]  INFO {AUDIT_LOG} - GET /api/am/admin/settings user: admin@carbon.super app: V8a32gTN8d3Sqf21N6xbOc7mYuwa
TID: [-1234] [2026-04-22 12:40:32,767]  INFO {AUDIT_LOG} - GET /api/am/admin/tenant-info/YWRtaW5AY2FyYm9uLnN1cGVy user: admin@carbon.super app: V8a32gTN8d3Sqf21N6xbOc7mYuwa
TID: [-1234] [2026-04-22 12:40:33,119]  INFO {AUDIT_LOG} - GET /api/am/admin/workflows?limit=30&workflowType=AM_API_STATE user: admin@carbon.super app: V8a32gTN8d3Sqf21N6xbOc7mYuwa
TID: [-1234] [2026-04-22 12:40:33,122]  INFO {AUDIT_LOG} - GET /api/am/admin/api-categories user: admin@carbon.super app: V8a32gTN8d3Sqf21N6xbOc7mYuwa
TID: [-1234] [2026-04-22 12:40:33,126]  INFO {AUDIT_LOG} - GET /api/am/admin/workflows?limit=30&workflowType=AM_USER_SIGNUP user: admin@carbon.super app: V8a32gTN8d3Sqf21N6xbOc7mYuwa
TID: [-1234] [2026-04-22 12:40:33,127]  INFO {AUDIT_LOG} - GET /api/am/admin/workflows?limit=30&workflowType=AM_APPLICATION_DELETION user: admin@carbon.super app: V8a32gTN8d3Sqf21N6xbOc7mYuwa
TID: [-1234] [2026-04-22 12:40:33,142]  INFO {AUDIT_LOG} - GET /api/am/admin/workflows?limit=30&workflowType=AM_API_PRODUCT_STATE user: admin@carbon.super app: V8a32gTN8d3Sqf21N6xbOc7mYuwa
TID: [-1234] [2026-04-22 12:40:33,145]  INFO {AUDIT_LOG} - GET /api/am/admin/workflows?limit=30&workflowType=AM_APPLICATION_CREATION user: admin@carbon.super app: V8a32gTN8d3Sqf21N6xbOc7mYuwa
TID: [-1234] [2026-04-22 12:40:33,166]  INFO {AUDIT_LOG} - GET /api/am/admin/workflows?limit=30&workflowType=AM_SUBSCRIPTION_DELETION user: admin@carbon.super app: V8a32gTN8d3Sqf21N6xbOc7mYuwa
TID: [-1234] [2026-04-22 12:40:33,168]  INFO {AUDIT_LOG} - GET /api/am/admin/workflows?limit=30&workflowType=AM_SUBSCRIPTION_CREATION user: admin@carbon.super app: V8a32gTN8d3Sqf21N6xbOc7mYuwa
TID: [-1234] [2026-04-22 12:40:33,184]  INFO {AUDIT_LOG} - GET /api/am/admin/workflows?limit=30&workflowType=AM_SUBSCRIPTION_UPDATE user: admin@carbon.super app: V8a32gTN8d3Sqf21N6xbOc7mYuwa
TID: [-1234] [2026-04-22 12:40:33,189]  INFO {AUDIT_LOG} - GET /api/am/admin/workflows?limit=30&workflowType=AM_APPLICATION_REGISTRATION_PRODUCTION user: admin@carbon.super app: V8a32gTN8d3Sqf21N6xbOc7mYuwa
TID: [-1234] [2026-04-22 12:40:33,194]  INFO {AUDIT_LOG} - GET /api/am/admin/workflows?limit=30&workflowType=AM_APPLICATION_REGISTRATION_SANDBOX user: admin@carbon.super app: V8a32gTN8d3Sqf21N6xbOc7mYuwa
TID: [-1234] [2026-04-22 12:40:33,238]  INFO {AUDIT_LOG} - GET /api/am/admin/workflows?limit=30&workflowType=AM_REVISION_DEPLOYMENT user: admin@carbon.super app: V8a32gTN8d3Sqf21N6xbOc7mYuwa
TID: [-1234] [2026-04-22 12:40:42,342]  INFO {AUDIT_LOG} - GET /api/am/publisher/apis/33e20533-49b7-484b-9f1c-53ce37b356c7/swagger user: admin@carbon.super app: _N628OCqcOo0EIJGkSbcVjffJ4Ma
TID: [-1234] [2026-04-22 12:40:42,344]  INFO {AUDIT_LOG} - GET /api/am/publisher/apis/33e20533-49b7-484b-9f1c-53ce37b356c7/revisions?query=deployed%3Atrue user: admin@carbon.super app: _N628OCqcOo0EIJGkSbcVjffJ4Ma
TID: [-1234] [2026-04-22 12:40:47,625]  INFO {AUDIT_LOG} - GET /api/am/publisher/apis/33e20533-49b7-484b-9f1c-53ce37b356c7/swagger user: admin@carbon.super app: _N628OCqcOo0EIJGkSbcVjffJ4Ma
TID: [-1234] [2026-04-22 12:40:47,694]  INFO {AUDIT_LOG} - GET /api/am/publisher/endpoint-certificates?endpoint=https%3A%2F%2Fjsonplaceholder.typicode.com user: admin@carbon.super app: _N628OCqcOo0EIJGkSbcVjffJ4Ma
TID: [-1234] [2026-04-22 12:40:50,574]  INFO {AUDIT_LOG} - GET /api/am/publisher/apis/33e20533-49b7-484b-9f1c-53ce37b356c7/swagger user: admin@carbon.super app: _N628OCqcOo0EIJGkSbcVjffJ4Ma
TID: [-1234] [2026-04-22 12:40:50,577]  INFO {AUDIT_LOG} - GET /api/am/publisher/apis/33e20533-49b7-484b-9f1c-53ce37b356c7/revisions?query=deployed%3Atrue user: admin@carbon.super app: _N628OCqcOo0EIJGkSbcVjffJ4Ma
