2026-04-22T11:02:13,541 [-] [Start Level: Equinox Container: a55abe18-ea73-4b42-9742-1dfef634d4a7]  WARN {org.apache.tomcat.util.digester.Digester} Match [Server/Service/Engine/Host/Valve] failed to set property [maxDays] to []
2026-04-22T11:02:46,022 [-] [Framework Event Dispatcher: Equinox Container: a55abe18-ea73-4b42-9742-1dfef634d4a7]  WARN {org.apache.axis2.description.java2wsdl.DefaultSchemaGenerator} We don't support method overloading. Ignoring [addRemoteServerConfig]
2026-04-22T11:02:46,022 [-] [Framework Event Dispatcher: Equinox Container: a55abe18-ea73-4b42-9742-1dfef634d4a7]  WARN {org.apache.axis2.description.java2wsdl.DefaultSchemaGenerator} We don't support method overloading. Ignoring [resetRemoteServerConfig]
2026-04-22T11:02:46,910 [-] [Framework Event Dispatcher: Equinox Container: a55abe18-ea73-4b42-9742-1dfef634d4a7]  WARN {org.apache.axis2.description.java2wsdl.DefaultSchemaGenerator} We don't support method overloading. Ignoring [searchByAttribute]
2026-04-22T11:02:52,131 [-] [Framework Event Dispatcher: Equinox Container: a55abe18-ea73-4b42-9742-1dfef634d4a7]  WARN {org.wso2.carbon.identity.application.mgt.internal.ApplicationManagementServiceComponent} Templates directory not found at /home/usman/Desktop/WSO2/wso2am-4.5.0/repository/resources/identity/authntemplates
2026-04-22T11:02:52,694 [-] [Framework Event Dispatcher: Equinox Container: a55abe18-ea73-4b42-9742-1dfef634d4a7]  WARN {org.wso2.carbon.identity.auth.valve.internal.AuthenticationValveServiceComponent} File invalid_tenant_domain_response.html not found. The default content will be used as the error page content.
2026-04-22T11:02:52,763 [-] [Framework Event Dispatcher: Equinox Container: a55abe18-ea73-4b42-9742-1dfef634d4a7]  WARN {org.wso2.carbon.identity.auth.service.internal.AuthenticationServiceComponent} 

##################################  ALERT  ##################################
[WARNING]: Internal authentication is utilizing default credentials,
which may expose the environment to potential security risks.
If this is a production environment, change the credentials immediately.
Please refer to the WSO2 security advisory: https://security.docs.wso2.com/en/latest/security-announcements/security-advisories/2023/WSO2-2023-2617/
#############################################################################

2026-04-22T11:03:01,011 [-] [Framework Event Dispatcher: Equinox Container: a55abe18-ea73-4b42-9742-1dfef634d4a7]  WARN {org.wso2.carbon.identity.event.internal.IdentityEventServiceComponent} Properties for OrganizationCreationHandler is not configured. This event handler will not be activated
2026-04-22T11:03:48,819 [-] [Timer-6]  WARN {org.wso2.carbon.application.deployer.internal.AppDeployerServiceComponent} Waiting for required OSGi services: org.wso2.carbon.application.deployer.synapse.service.SynapseAppDeployerService,org.wso2.carbon.mediation.initializer.services.SynapseEnvironmentService,
2026-04-22T11:03:48,863 [-] [Timer-7]  WARN {org.wso2.carbon.core.internal.StartupFinalizerServiceComponent} Waiting for required OSGi services: org.wso2.carbon.application.deployer.service.CappDeploymentService,org.wso2.carbon.server.admin.common.IServerAdmin,org.wso2.carbon.throttling.agent.ThrottlingAgent,
2026-04-22T11:04:44,818 [-] [Framework Event Dispatcher: Equinox Container: a55abe18-ea73-4b42-9742-1dfef634d4a7]  WARN {org.apache.tomcat.util.net.SSLUtilBase} The trusted certificate with alias [cn_baltimore_cybertrust_root,ou_cybertrust,o_baltimore,c_ie [jdk]] and DN [CN=Baltimore CyberTrust Root, OU=CyberTrust, O=Baltimore, C=IE] is not valid due to [NotAfter: Tue May 13 04:59:00 PKT 2025]. Certificates signed by this trusted certificate WILL be accepted
2026-04-22T11:04:59,140 [-] [Thread-58]  WARN {org.wso2.carbon.apimgt.common.jms.JMSListener} Polling tasks on destination : keyManager of type topic for listener Siddhi-JMS-Consumer#keyManager have not yet started after 3 seconds ..
2026-04-22T11:04:59,144 [-] [Thread-82]  WARN {org.wso2.carbon.apimgt.common.jms.JMSListener} Polling tasks on destination : cacheInvalidation of type topic for listener Siddhi-JMS-Consumer#cacheInvalidation have not yet started after 3 seconds ..
2026-04-22T11:04:59,146 [-] [Thread-52]  WARN {org.wso2.carbon.apimgt.common.jms.JMSListener} Polling tasks on destination : notification of type topic for listener Siddhi-JMS-Consumer#notification have not yet started after 3 seconds ..
2026-04-22T11:04:59,151 [-] [Thread-87]  WARN {org.wso2.carbon.apimgt.common.jms.JMSListener} Polling tasks on destination : notification of type topic for listener Siddhi-JMS-Consumer#notification have not yet started after 3 seconds ..
2026-04-22T11:04:59,158 [-] [Thread-81]  WARN {org.wso2.carbon.apimgt.common.jms.JMSListener} Polling tasks on destination : tokenRevocation of type topic for listener Siddhi-JMS-Consumer#tokenRevocation have not yet started after 3 seconds ..
2026-04-22T11:04:59,175 [-] [Thread-59]  WARN {org.wso2.carbon.apimgt.common.jms.JMSListener} Polling tasks on destination : notification of type topic for listener Siddhi-JMS-Consumer#notification have not yet started after 3 seconds ..
2026-04-22T11:04:59,184 [-] [Thread-90]  WARN {org.wso2.carbon.apimgt.common.jms.JMSListener} Polling tasks on destination : asyncWebhooksData of type topic for listener Siddhi-JMS-Consumer#asyncWebhooksData have not yet started after 3 seconds ..
2026-04-22T11:04:59,184 [-] [Thread-57]  WARN {org.wso2.carbon.apimgt.common.jms.JMSListener} Polling tasks on destination : notification of type topic for listener Siddhi-JMS-Consumer#notification have not yet started after 3 seconds ..
2026-04-22T11:04:59,184 [-] [Thread-78]  WARN {org.wso2.carbon.apimgt.common.jms.JMSListener} Polling tasks on destination : throttleData of type topic for listener Siddhi-JMS-Consumer#throttleData have not yet started after 3 seconds ..
2026-04-22T11:04:59,184 [-] [Thread-88]  WARN {org.wso2.carbon.apimgt.common.jms.JMSListener} Polling tasks on destination : throttleData of type topic for listener Siddhi-JMS-Consumer#throttleData have not yet started after 3 seconds ..
2026-04-22T11:05:54,858 [-] [https-jsse-nio-9443-exec-50] ERROR {org.wso2.carbon.apimgt.rest.api.util.interceptors.PostAuthenticationInterceptor} Authentication failed: Bearer/Basic authentication header is missing
2026-04-22T11:05:54,851 [-] [https-jsse-nio-9443-exec-37] ERROR {org.wso2.carbon.apimgt.rest.api.util.interceptors.PostAuthenticationInterceptor} Authentication failed: Bearer/Basic authentication header is missing
2026-04-22T11:05:55,765 [-] [https-jsse-nio-9443-exec-26] ERROR {org.wso2.carbon.apimgt.rest.api.util.interceptors.PostAuthenticationInterceptor} Authentication failed: Bearer/Basic authentication header is missing
2026-04-22T11:06:16,086 [-] [HTTPS-Listener I/O dispatcher-5]  WARN {org.apache.synapse.transport.passthru.SourceHandler} I/O error: Received fatal alert: certificate_unknown
2026-04-22T11:06:16,187 [-] [HTTPS-Listener I/O dispatcher-7]  WARN {org.apache.synapse.transport.http.access.AccessConfiguration} Error loading properties from file: access-log.properties
2026-04-22T11:06:16,193 [-] [HTTPS-Listener I/O dispatcher-7]  WARN {org.apache.synapse.commons.util.MiscellaneousUtil} Error loading properties from a file at from the System defined location: access-log.properties
2026-04-22T11:06:16,198 [-] [HTTPS-Listener I/O dispatcher-7]  WARN {org.apache.synapse.commons.util.MiscellaneousUtil} Error loading properties from a file at from the System defined location: access-log.properties
2026-04-22T11:06:31,445 [-] [https-jsse-nio-9443-exec-49] ERROR {org.wso2.carbon.apimgt.rest.api.util.interceptors.PostAuthenticationInterceptor} Authentication failed: Bearer/Basic authentication header is missing
2026-04-22T11:06:39,264 [-] [PassThroughMessageProcessor-5]  WARN {org.wso2.carbon.apimgt.gateway.handlers.security.APIAuthenticationHandler} API authentication failure due to Invalid Credentials for requestURI=/test/1.0.0/posts
2026-04-22T11:07:18,376 [-] [PassThroughMessageProcessor-7]  WARN {org.wso2.carbon.apimgt.gateway.handlers.security.APIAuthenticationHandler} API authentication failure due to Invalid Credentials for requestURI=/test/1.0.0/posts
2026-04-22T12:38:26,746 [-] [https-jsse-nio-9443-exec-10] ERROR {org.apache.jsp.services.refresh.refresh_jsp} org.wso2.carbon.ui.filters.cache.ContentTypeBasedCachePreventionFilter$1@2fa65a4f
2026-04-22T12:38:26,796 [-] [https-jsse-nio-9443-exec-26] ERROR {org.wso2.carbon.apimgt.rest.api.util.impl.OAuthOpaqueAuthenticatorImpl} Invalid OAuth Token : Invalid Access Token. ACTIVE access token is not found.
2026-04-22T12:38:26,797 [-] [https-jsse-nio-9443-exec-26] ERROR {org.wso2.carbon.apimgt.rest.api.util.impl.OAuthOpaqueAuthenticatorImpl} Provided access token is invalid
2026-04-22T12:38:27,741 [-] [https-jsse-nio-9443-exec-34] ERROR {org.apache.jsp.services.refresh.refresh_jsp} org.wso2.carbon.ui.filters.cache.ContentTypeBasedCachePreventionFilter$1@7f5f0159
2026-04-22T12:38:27,744 [-] [https-jsse-nio-9443-exec-48] ERROR {org.apache.jsp.services.refresh.refresh_jsp} org.wso2.carbon.ui.filters.cache.ContentTypeBasedCachePreventionFilter$1@5c5da0cd
2026-04-22T12:38:27,747 [-] [https-jsse-nio-9443-exec-12] ERROR {org.apache.jsp.services.refresh.refresh_jsp} org.wso2.carbon.ui.filters.cache.ContentTypeBasedCachePreventionFilter$1@fcd7687
2026-04-22T12:38:27,887 [-] [https-jsse-nio-9443-exec-32] ERROR {org.wso2.carbon.apimgt.rest.api.util.impl.OAuthOpaqueAuthenticatorImpl} Provided access token is invalid
2026-04-22T12:38:27,905 [-] [https-jsse-nio-9443-exec-36] ERROR {org.wso2.carbon.apimgt.rest.api.util.impl.OAuthOpaqueAuthenticatorImpl} Provided access token is invalid
2026-04-22T12:38:27,933 [-] [https-jsse-nio-9443-exec-9] ERROR {org.wso2.carbon.apimgt.rest.api.util.impl.OAuthOpaqueAuthenticatorImpl} Provided access token is invalid
2026-04-22T12:38:35,491 [-] [https-jsse-nio-9443-exec-30] ERROR {org.apache.jsp.services.refresh.refresh_jsp} org.wso2.carbon.ui.filters.cache.ContentTypeBasedCachePreventionFilter$1@3e1a7dea
2026-04-22T12:38:35,523 [-] [https-jsse-nio-9443-exec-28] ERROR {org.wso2.carbon.apimgt.rest.api.util.impl.OAuthOpaqueAuthenticatorImpl} Provided access token is invalid
2026-04-22T12:38:35,602 [-] [https-jsse-nio-9443-exec-34] ERROR {org.apache.jsp.services.refresh.refresh_jsp} org.wso2.carbon.ui.filters.cache.ContentTypeBasedCachePreventionFilter$1@6c16aa
2026-04-22T12:38:35,657 [-] [https-jsse-nio-9443-exec-41] ERROR {org.wso2.carbon.apimgt.rest.api.util.impl.OAuthOpaqueAuthenticatorImpl} Provided access token is invalid
2026-04-22T12:39:12,436 [-] [https-jsse-nio-9443-exec-48] ERROR {org.wso2.carbon.apimgt.rest.api.util.interceptors.PostAuthenticationInterceptor} Authentication failed: Bearer/Basic authentication header is missing
2026-04-22T12:39:12,440 [-] [https-jsse-nio-9443-exec-3] ERROR {org.wso2.carbon.apimgt.rest.api.util.interceptors.PostAuthenticationInterceptor} Authentication failed: Bearer/Basic authentication header is missing
2026-04-22T12:39:13,138 [-] [https-jsse-nio-9443-exec-16] ERROR {org.wso2.carbon.apimgt.rest.api.util.interceptors.PostAuthenticationInterceptor} Authentication failed: Bearer/Basic authentication header is missing
2026-04-22T12:39:17,053 [-] [https-jsse-nio-9443-exec-14] ERROR {org.wso2.carbon.apimgt.rest.api.util.interceptors.PostAuthenticationInterceptor} Authentication failed: Bearer/Basic authentication header is missing
2026-04-22T12:39:37,295 [-] [HTTPS-Listener I/O dispatcher-8]  WARN {org.apache.synapse.transport.passthru.SourceHandler} I/O error: Received fatal alert: certificate_unknown
2026-04-22T12:40:29,818 [-] [HTTPS-Listener I/O dispatcher-7]  WARN {org.apache.synapse.transport.passthru.SourceHandler} I/O error: Received fatal alert: certificate_unknown
