2026-04-22 11:01:49 ServerProcess [INFO] Server Process ID: 6131
2026-04-22 11:01:49 DiagnosticsApp [INFO] Starting WSO2 Diagnostics Tool
2026-04-22 11:01:49 DiagnosticsApp [INFO] Server name: WSO2 API Manager
2026-04-22 11:01:49 DiagnosticsApp [INFO] Version: 4.5.0
2026-04-22 11:01:49 DiagnosticsApp [INFO] Update Level: null
2026-04-22 11:01:49 DiagnosticsApp [INFO] Java Version: 11.0.30
2026-04-22 11:01:49 DiagnosticsApp [INFO] Java Home: /usr/lib/jvm/java-11-openjdk-amd64
2026-04-22 11:01:49 DiagnosticsApp [INFO] OS Name: Linux
2026-04-22 11:01:49 DiagnosticsApp [INFO] OS Version: 6.8.0-107-generic
2026-04-22 11:01:49 DiagnosticsApp [INFO] OS Architecture: amd64
2026-04-22 11:01:49 DiagnosticsApp [INFO] Diagnostic App Home: /home/usman/Desktop/WSO2/wso2am-4.5.0/diagnostics-tool
2026-04-22 11:01:49 DiagnosticsApp [INFO] Listening to : ../repository/logs/wso2-apigw-errors.log
2026-04-22 11:01:49 LogWatcher [INFO] Initiating LogWatcher for file: /home/usman/Desktop/WSO2/wso2am-4.5.0/diagnostics-tool/../repository/logs/wso2-apigw-errors.log
2026-04-22 11:01:49 DiagnosticsApp [INFO] Initiating CPUWatcher with interval: 5 retry count: 2 threshold: 80
2026-04-22 11:01:49 DiagnosticsApp [INFO] Initiating MemoryWatcher with interval: 5 retry count: 2 threshold: 80
2026-04-22 11:01:49 TrafficAnalyzerInitializer [INFO] LastFifteenSecondsRequests Traffic Analyzer is enabled with window size: 100, interval: 15, delay: 4
2026-04-22 11:01:49 TrafficAnalyzerInitializer [INFO] LastMinuteRequests Traffic Analyzer is enabled with window size: 100, interval: 60, delay: 1
2026-04-22 11:02:13 LogWatcher [INFO] Log file has been rotated. Reopening the file /home/usman/Desktop/WSO2/wso2am-4.5.0/diagnostics-tool/../repository/logs/wso2-apigw-errors.log
2026-04-22 11:06:16 Interpreter [INFO] Executing the action executors for the log line matching the regex pattern (.*)org.apache.synapse(.*)
2026-04-22 11:06:17 ServerInfo [INFO] ServerInfo executed successfully.
2026-04-22 11:06:22 ZipFileExecutor [INFO] Zipping the folder at /home/usman/Desktop/WSO2/wso2am-4.5.0/diagnostics-tool/temp/2026-04-22_11:06:16.217
2026-04-22 11:06:22 ZipFileExecutor [INFO] Diagnosis Dumped in :/home/usman/Desktop/WSO2/wso2am-4.5.0/diagnostics-tool/data/6131_2026-04-22_11:06:16.217.zip
