2026-04-17 16:22:30 ServerProcess [INFO] Server Process ID: 808231
2026-04-17 16:22:30 DiagnosticsApp [INFO] Starting WSO2 Diagnostics Tool
2026-04-17 16:22:30 DiagnosticsApp [INFO] Server name: WSO2 API Manager
2026-04-17 16:22:30 DiagnosticsApp [INFO] Version: 4.5.0
2026-04-17 16:22:30 DiagnosticsApp [INFO] Update Level: null
2026-04-17 16:22:30 DiagnosticsApp [INFO] Java Version: 11.0.30
2026-04-17 16:22:30 DiagnosticsApp [INFO] Java Home: /usr/lib/jvm/java-11-openjdk-amd64
2026-04-17 16:22:30 DiagnosticsApp [INFO] OS Name: Linux
2026-04-17 16:22:30 DiagnosticsApp [INFO] OS Version: 6.8.0-107-generic
2026-04-17 16:22:30 DiagnosticsApp [INFO] OS Architecture: amd64
2026-04-17 16:22:30 DiagnosticsApp [INFO] Diagnostic App Home: /home/usman/Desktop/WSO2/wso2am-4.5.0/diagnostics-tool
2026-04-17 16:22:30 DiagnosticsApp [INFO] Listening to : ../repository/logs/wso2-apigw-errors.log
2026-04-17 16:22:30 LogWatcher [INFO] Initiating LogWatcher for file: /home/usman/Desktop/WSO2/wso2am-4.5.0/diagnostics-tool/../repository/logs/wso2-apigw-errors.log
2026-04-17 16:22:30 DiagnosticsApp [INFO] Initiating CPUWatcher with interval: 5 retry count: 2 threshold: 80
2026-04-17 16:22:30 DiagnosticsApp [INFO] Initiating MemoryWatcher with interval: 5 retry count: 2 threshold: 80
2026-04-17 16:22:30 TrafficAnalyzerInitializer [INFO] LastFifteenSecondsRequests Traffic Analyzer is enabled with window size: 100, interval: 15, delay: 4
2026-04-17 16:22:30 TrafficAnalyzerInitializer [INFO] LastMinuteRequests Traffic Analyzer is enabled with window size: 100, interval: 60, delay: 1
2026-04-17 16:22:37 LogWatcher [INFO] Log file has been rotated. Reopening the file /home/usman/Desktop/WSO2/wso2am-4.5.0/diagnostics-tool/../repository/logs/wso2-apigw-errors.log
2026-04-17 16:52:03 Interpreter [INFO] Executing the action executors for the log line matching the regex pattern (.*)org.apache.synapse(.*)
2026-04-17 16:52:03 ServerInfo [INFO] ServerInfo executed successfully.
2026-04-17 16:52:08 ZipFileExecutor [INFO] Zipping the folder at /home/usman/Desktop/WSO2/wso2am-4.5.0/diagnostics-tool/temp/2026-04-17_16:52:03.187
2026-04-17 16:52:08 ZipFileExecutor [INFO] Diagnosis Dumped in :/home/usman/Desktop/WSO2/wso2am-4.5.0/diagnostics-tool/data/808231_2026-04-17_16:52:03.187.zip
2026-04-17 16:55:31 TrafficAnalyzer [INFO] Attribute LastMinuteRequests of type https-listener increased more than the threshold, old value: 0, new value: 2, threshold: 1.0
2026-04-17 16:56:56 Interpreter [INFO] Executing the action executors for the log line matching the regex pattern (.*)org.apache.synapse.transport.passthru(.*)
2026-04-17 16:56:57 MetricsSnapshot [INFO] MetricsSnapshot executed successfully.
2026-04-17 16:56:57 ServerInfo [INFO] ServerInfo executed successfully.
2026-04-17 16:56:59 Netstat [INFO] Netstat executed successfully
2026-04-17 16:57:00 TrafficAnalyzer [INFO] Attribute Last15SecondRequests of type http-listener increased more than the threshold, old value: 0, new value: 2, threshold: 1.0
2026-04-17 16:57:01 OpenFileFinder [INFO] OpenFileFinder executed successfully.
2026-04-17 16:57:12 ThreadDumper [INFO] Thread dump execution is completed for 808231, thread dump count: 5, delay: 2000ms
2026-04-17 16:57:12 Interpreter [INFO] Executing the action executors for the log line matching the regex pattern (.*)org.apache.synapse.transport.passthru(.*)
2026-04-17 16:57:12 MetricsSnapshot [INFO] MetricsSnapshot executed successfully.
2026-04-17 16:57:12 ServerInfo [INFO] ServerInfo executed successfully.
2026-04-17 16:57:13 Netstat [INFO] Netstat executed successfully
2026-04-17 16:57:16 OpenFileFinder [INFO] OpenFileFinder executed successfully.
2026-04-17 16:57:17 ZipFileExecutor [INFO] Zipping the folder at /home/usman/Desktop/WSO2/wso2am-4.5.0/diagnostics-tool/temp/2026-04-17_16:56:56.755
2026-04-17 16:57:17 ZipFileExecutor [INFO] Diagnosis Dumped in :/home/usman/Desktop/WSO2/wso2am-4.5.0/diagnostics-tool/data/808231_2026-04-17_16:56:56.755.zip
2026-04-17 16:57:28 ThreadDumper [INFO] Thread dump execution is completed for 808231, thread dump count: 5, delay: 2000ms
2026-04-17 16:57:33 ZipFileExecutor [INFO] Zipping the folder at /home/usman/Desktop/WSO2/wso2am-4.5.0/diagnostics-tool/temp/2026-04-17_16:57:12.719
2026-04-17 16:57:33 ZipFileExecutor [INFO] Diagnosis Dumped in :/home/usman/Desktop/WSO2/wso2am-4.5.0/diagnostics-tool/data/808231_2026-04-17_16:57:12.719.zip
2026-04-17 17:01:30 JMXDataRetriever [ERROR] Error while getting JMX data, org.apache.synapse:Name=http-listener,Type=PassThroughConnections
2026-04-17 17:01:31 JMXDataRetriever [ERROR] Error while getting JMX data, org.apache.synapse:Name=https-listener,Type=PassThroughConnections
2026-04-17 17:01:31 JMXDataRetriever [ERROR] Error while getting JMX data, org.apache.synapse:Name=http-listener,Type=PassThroughConnections
2026-04-17 17:01:31 JMXDataRetriever [ERROR] Error while getting JMX data, org.apache.synapse:Name=https-listener,Type=PassThroughConnections
2026-04-17 17:02:22 ServerProcess [INFO] Server Process ID: 834041
2026-04-17 17:02:22 DiagnosticsApp [INFO] Starting WSO2 Diagnostics Tool
2026-04-17 17:02:22 DiagnosticsApp [INFO] Server name: WSO2 API Manager
2026-04-17 17:02:22 DiagnosticsApp [INFO] Version: 4.5.0
2026-04-17 17:02:22 DiagnosticsApp [INFO] Update Level: null
2026-04-17 17:02:22 DiagnosticsApp [INFO] Java Version: 11.0.30
2026-04-17 17:02:22 DiagnosticsApp [INFO] Java Home: /usr/lib/jvm/java-11-openjdk-amd64
2026-04-17 17:02:22 DiagnosticsApp [INFO] OS Name: Linux
2026-04-17 17:02:22 DiagnosticsApp [INFO] OS Version: 6.8.0-107-generic
2026-04-17 17:02:22 DiagnosticsApp [INFO] OS Architecture: amd64
2026-04-17 17:02:22 DiagnosticsApp [INFO] Diagnostic App Home: /home/usman/Desktop/WSO2/wso2am-4.5.0/diagnostics-tool
2026-04-17 17:02:22 DiagnosticsApp [INFO] Listening to : ../repository/logs/wso2-apigw-errors.log
2026-04-17 17:02:22 LogWatcher [INFO] Initiating LogWatcher for file: /home/usman/Desktop/WSO2/wso2am-4.5.0/diagnostics-tool/../repository/logs/wso2-apigw-errors.log
2026-04-17 17:02:23 DiagnosticsApp [INFO] Initiating CPUWatcher with interval: 5 retry count: 2 threshold: 80
2026-04-17 17:02:23 DiagnosticsApp [INFO] Initiating MemoryWatcher with interval: 5 retry count: 2 threshold: 80
2026-04-17 17:02:23 TrafficAnalyzerInitializer [INFO] LastFifteenSecondsRequests Traffic Analyzer is enabled with window size: 100, interval: 15, delay: 4
2026-04-17 17:02:23 TrafficAnalyzerInitializer [INFO] LastMinuteRequests Traffic Analyzer is enabled with window size: 100, interval: 60, delay: 1
2026-04-17 17:08:08 TrafficAnalyzer [INFO] Attribute Last15SecondRequests of type https-listener increased more than the threshold, old value: 0, new value: 2, threshold: 1.0
2026-04-17 17:16:23 JMXDataRetriever [ERROR] Error while getting JMX data, org.apache.synapse:Name=http-listener,Type=PassThroughConnections
2026-04-17 17:16:23 JMXDataRetriever [ERROR] Error while getting JMX data, org.apache.synapse:Name=https-listener,Type=PassThroughConnections
2026-04-17 17:16:23 JMXDataRetriever [ERROR] Error while getting JMX data, org.apache.synapse:Name=http-listener,Type=PassThroughConnections
2026-04-17 17:16:23 JMXDataRetriever [ERROR] Error while getting JMX data, org.apache.synapse:Name=https-listener,Type=PassThroughConnections
2026-04-17 17:16:38 JMXDataRetriever [ERROR] Error while getting JMX data, org.apache.synapse:Name=http-listener,Type=PassThroughConnections
2026-04-17 17:16:38 JMXDataRetriever [ERROR] Error while getting JMX data, org.apache.synapse:Name=https-listener,Type=PassThroughConnections
